<?xml version="1.0" encoding="UTF-8"?>
<testsuite xmlns:xsi="http://www.w3.org/2001/XMLSchema-instance" xsi:noNamespaceSchemaLocation="https://maven.apache.org/surefire/maven-surefire-plugin/xsd/surefire-test-report-3.0.xsd" version="3.0" name="com.example.demo.DemoApplicationTests" time="8.114" tests="1" errors="0" skipped="0" failures="0">
  <properties>
    <property name="java.specification.version" value="23"/>
    <property name="sun.jnu.encoding" value="UTF-8"/>
    <property name="java.class.path" value="/Users/jasrowlett/spring-k8s-cicd-clean/target/test-classes:/Users/jasrowlett/spring-k8s-cicd-clean/target/classes:/Users/jasrowlett/.m2/repository/org/springframework/boot/spring-boot-starter-web/3.2.2/spring-boot-starter-web-3.2.2.jar:/Users/jasrowlett/.m2/repository/org/springframework/boot/spring-boot-starter/3.2.2/spring-boot-starter-3.2.2.jar:/Users/jasrowlett/.m2/repository/org/springframework/boot/spring-boot/3.2.2/spring-boot-3.2.2.jar:/Users/jasrowlett/.m2/repository/org/springframework/boot/spring-boot-autoconfigure/3.2.2/spring-boot-autoconfigure-3.2.2.jar:/Users/jasrowlett/.m2/repository/org/springframework/boot/spring-boot-starter-logging/3.2.2/spring-boot-starter-logging-3.2.2.jar:/Users/jasrowlett/.m2/repository/ch/qos/logback/logback-classic/1.4.14/logback-classic-1.4.14.jar:/Users/jasrowlett/.m2/repository/ch/qos/logback/logback-core/1.4.14/logback-core-1.4.14.jar:/Users/jasrowlett/.m2/repository/org/apache/logging/log4j/log4j-to-slf4j/2.21.1/log4j-to-slf4j-2.21.1.jar:/Users/jasrowlett/.m2/repository/org/apache/logging/log4j/log4j-api/2.21.1/log4j-api-2.21.1.jar:/Users/jasrowlett/.m2/repository/org/slf4j/jul-to-slf4j/2.0.11/jul-to-slf4j-2.0.11.jar:/Users/jasrowlett/.m2/repository/jakarta/annotation/jakarta.annotation-api/2.1.1/jakarta.annotation-api-2.1.1.jar:/Users/jasrowlett/.m2/repository/org/yaml/snakeyaml/2.2/snakeyaml-2.2.jar:/Users/jasrowlett/.m2/repository/org/springframework/boot/spring-boot-starter-json/3.2.2/spring-boot-starter-json-3.2.2.jar:/Users/jasrowlett/.m2/repository/com/fasterxml/jackson/core/jackson-databind/2.15.3/jackson-databind-2.15.3.jar:/Users/jasrowlett/.m2/repository/com/fasterxml/jackson/core/jackson-annotations/2.15.3/jackson-annotations-2.15.3.jar:/Users/jasrowlett/.m2/repository/com/fasterxml/jackson/core/jackson-core/2.15.3/jackson-core-2.15.3.jar:/Users/jasrowlett/.m2/repository/com/fasterxml/jackson/datatype/jackson-datatype-jdk8/2.15.3/jackson-datatype-jdk8-2.15.3.jar:/Users/jasrowlett/.m2/repository/com/fasterxml/jackson/datatype/jackson-datatype-jsr310/2.15.3/jackson-datatype-jsr310-2.15.3.jar:/Users/jasrowlett/.m2/repository/com/fasterxml/jackson/module/jackson-module-parameter-names/2.15.3/jackson-module-parameter-names-2.15.3.jar:/Users/jasrowlett/.m2/repository/org/springframework/boot/spring-boot-starter-tomcat/3.2.2/spring-boot-starter-tomcat-3.2.2.jar:/Users/jasrowlett/.m2/repository/org/apache/tomcat/embed/tomcat-embed-core/10.1.18/tomcat-embed-core-10.1.18.jar:/Users/jasrowlett/.m2/repository/org/apache/tomcat/embed/tomcat-embed-el/10.1.18/tomcat-embed-el-10.1.18.jar:/Users/jasrowlett/.m2/repository/org/apache/tomcat/embed/tomcat-embed-websocket/10.1.18/tomcat-embed-websocket-10.1.18.jar:/Users/jasrowlett/.m2/repository/org/springframework/spring-web/6.1.3/spring-web-6.1.3.jar:/Users/jasrowlett/.m2/repository/org/springframework/spring-beans/6.1.3/spring-beans-6.1.3.jar:/Users/jasrowlett/.m2/repository/org/springframework/spring-webmvc/6.1.3/spring-webmvc-6.1.3.jar:/Users/jasrowlett/.m2/repository/org/springframework/spring-aop/6.1.3/spring-aop-6.1.3.jar:/Users/jasrowlett/.m2/repository/org/springframework/spring-context/6.1.3/spring-context-6.1.3.jar:/Users/jasrowlett/.m2/repository/org/springframework/spring-expression/6.1.3/spring-expression-6.1.3.jar:/Users/jasrowlett/.m2/repository/org/springframework/boot/spring-boot-starter-actuator/3.2.2/spring-boot-starter-actuator-3.2.2.jar:/Users/jasrowlett/.m2/repository/org/springframework/boot/spring-boot-actuator-autoconfigure/3.2.2/spring-boot-actuator-autoconfigure-3.2.2.jar:/Users/jasrowlett/.m2/repository/org/springframework/boot/spring-boot-actuator/3.2.2/spring-boot-actuator-3.2.2.jar:/Users/jasrowlett/.m2/repository/io/micrometer/micrometer-observation/1.12.2/micrometer-observation-1.12.2.jar:/Users/jasrowlett/.m2/repository/io/micrometer/micrometer-commons/1.12.2/micrometer-commons-1.12.2.jar:/Users/jasrowlett/.m2/repository/io/micrometer/micrometer-jakarta9/1.12.2/micrometer-jakarta9-1.12.2.jar:/Users/jasrowlett/.m2/repository/io/micrometer/micrometer-core/1.12.2/micrometer-core-1.12.2.jar:/Users/jasrowlett/.m2/repository/org/hdrhistogram/HdrHistogram/2.1.12/HdrHistogram-2.1.12.jar:/Users/jasrowlett/.m2/repository/org/latencyutils/LatencyUtils/2.0.3/LatencyUtils-2.0.3.jar:/Users/jasrowlett/.m2/repository/org/springframework/cloud/spring-cloud-starter-kubernetes-client/3.1.0/spring-cloud-starter-kubernetes-client-3.1.0.jar:/Users/jasrowlett/.m2/repository/org/springframework/cloud/spring-cloud-kubernetes-client-discovery/3.1.0/spring-cloud-kubernetes-client-discovery-3.1.0.jar:/Users/jasrowlett/.m2/repository/org/springframework/cloud/spring-cloud-kubernetes-client-autoconfig/3.1.0/spring-cloud-kubernetes-client-autoconfig-3.1.0.jar:/Users/jasrowlett/.m2/repository/org/springframework/cloud/spring-cloud-kubernetes-commons/3.1.0/spring-cloud-kubernetes-commons-3.1.0.jar:/Users/jasrowlett/.m2/repository/org/springframework/cloud/spring-cloud-context/4.1.0/spring-cloud-context-4.1.0.jar:/Users/jasrowlett/.m2/repository/io/kubernetes/client-java/19.0.0/client-java-19.0.0.jar:/Users/jasrowlett/.m2/repository/io/prometheus/simpleclient/0.16.0/simpleclient-0.16.0.jar:/Users/jasrowlett/.m2/repository/io/prometheus/simpleclient_tracer_otel/0.16.0/simpleclient_tracer_otel-0.16.0.jar:/Users/jasrowlett/.m2/repository/io/prometheus/simpleclient_tracer_common/0.16.0/simpleclient_tracer_common-0.16.0.jar:/Users/jasrowlett/.m2/repository/io/prometheus/simpleclient_tracer_otel_agent/0.16.0/simpleclient_tracer_otel_agent-0.16.0.jar:/Users/jasrowlett/.m2/repository/io/prometheus/simpleclient_httpserver/0.16.0/simpleclient_httpserver-0.16.0.jar:/Users/jasrowlett/.m2/repository/io/prometheus/simpleclient_common/0.16.0/simpleclient_common-0.16.0.jar:/Users/jasrowlett/.m2/repository/io/kubernetes/client-java-api/19.0.0/client-java-api-19.0.0.jar:/Users/jasrowlett/.m2/repository/javax/annotation/javax.annotation-api/1.3.2/javax.annotation-api-1.3.2.jar:/Users/jasrowlett/.m2/repository/io/swagger/swagger-annotations/1.6.11/swagger-annotations-1.6.11.jar:/Users/jasrowlett/.m2/repository/com/squareup/okhttp3/okhttp/4.12.0/okhttp-4.12.0.jar:/Users/jasrowlett/.m2/repository/com/squareup/okio/okio/3.6.0/okio-3.6.0.jar:/Users/jasrowlett/.m2/repository/com/squareup/okio/okio-jvm/3.6.0/okio-jvm-3.6.0.jar:/Users/jasrowlett/.m2/repository/org/jetbrains/kotlin/kotlin-stdlib-common/1.9.22/kotlin-stdlib-common-1.9.22.jar:/Users/jasrowlett/.m2/repository/org/jetbrains/kotlin/kotlin-stdlib-jdk8/1.9.22/kotlin-stdlib-jdk8-1.9.22.jar:/Users/jasrowlett/.m2/repository/org/jetbrains/kotlin/kotlin-stdlib/1.9.22/kotlin-stdlib-1.9.22.jar:/Users/jasrowlett/.m2/repository/org/jetbrains/annotations/13.0/annotations-13.0.jar:/Users/jasrowlett/.m2/repository/org/jetbrains/kotlin/kotlin-stdlib-jdk7/1.9.22/kotlin-stdlib-jdk7-1.9.22.jar:/Users/jasrowlett/.m2/repository/com/squareup/okhttp3/logging-interceptor/4.12.0/logging-interceptor-4.12.0.jar:/Users/jasrowlett/.m2/repository/com/google/code/gson/gson/2.10.1/gson-2.10.1.jar:/Users/jasrowlett/.m2/repository/io/gsonfire/gson-fire/1.8.5/gson-fire-1.8.5.jar:/Users/jasrowlett/.m2/repository/com/google/code/findbugs/jsr305/3.0.2/jsr305-3.0.2.jar:/Users/jasrowlett/.m2/repository/io/kubernetes/client-java-proto/19.0.0/client-java-proto-19.0.0.jar:/Users/jasrowlett/.m2/repository/commons-codec/commons-codec/1.16.0/commons-codec-1.16.0.jar:/Users/jasrowlett/.m2/repository/org/apache/commons/commons-compress/1.24.0/commons-compress-1.24.0.jar:/Users/jasrowlett/.m2/repository/org/apache/commons/commons-lang3/3.13.0/commons-lang3-3.13.0.jar:/Users/jasrowlett/.m2/repository/commons-io/commons-io/2.14.0/commons-io-2.14.0.jar:/Users/jasrowlett/.m2/repository/org/bouncycastle/bcpkix-jdk18on/1.76/bcpkix-jdk18on-1.76.jar:/Users/jasrowlett/.m2/repository/org/bouncycastle/bcprov-jdk18on/1.76/bcprov-jdk18on-1.76.jar:/Users/jasrowlett/.m2/repository/org/bouncycastle/bcutil-jdk18on/1.76/bcutil-jdk18on-1.76.jar:/Users/jasrowlett/.m2/repository/com/google/protobuf/protobuf-java/3.24.3/protobuf-java-3.24.3.jar:/Users/jasrowlett/.m2/repository/org/apache/commons/commons-collections4/4.4/commons-collections4-4.4.jar:/Users/jasrowlett/.m2/repository/org/bitbucket/b_c/jose4j/0.9.3/jose4j-0.9.3.jar:/Users/jasrowlett/.m2/repository/io/kubernetes/client-java-extended/19.0.0/client-java-extended-19.0.0.jar:/Users/jasrowlett/.m2/repository/io/kubernetes/client-java-api-fluent/19.0.0/client-java-api-fluent-19.0.0.jar:/Users/jasrowlett/.m2/repository/com/github/vladimir-bukhtoyarov/bucket4j-core/7.6.0/bucket4j-core-7.6.0.jar:/Users/jasrowlett/.m2/repository/com/flipkart/zjsonpatch/zjsonpatch/0.4.14/zjsonpatch-0.4.14.jar:/Users/jasrowlett/.m2/repository/com/github/ben-manes/caffeine/caffeine/3.1.8/caffeine-3.1.8.jar:/Users/jasrowlett/.m2/repository/org/checkerframework/checker-qual/3.37.0/checker-qual-3.37.0.jar:/Users/jasrowlett/.m2/repository/com/google/errorprone/error_prone_annotations/2.21.1/error_prone_annotations-2.21.1.jar:/Users/jasrowlett/.m2/repository/org/springframework/cloud/spring-cloud-commons/4.1.0/spring-cloud-commons-4.1.0.jar:/Users/jasrowlett/.m2/repository/org/springframework/security/spring-security-crypto/6.2.1/spring-security-crypto-6.2.1.jar:/Users/jasrowlett/.m2/repository/org/springframework/boot/spring-boot-starter-test/3.2.2/spring-boot-starter-test-3.2.2.jar:/Users/jasrowlett/.m2/repository/org/springframework/boot/spring-boot-test/3.2.2/spring-boot-test-3.2.2.jar:/Users/jasrowlett/.m2/repository/org/springframework/boot/spring-boot-test-autoconfigure/3.2.2/spring-boot-test-autoconfigure-3.2.2.jar:/Users/jasrowlett/.m2/repository/com/jayway/jsonpath/json-path/2.8.0/json-path-2.8.0.jar:/Users/jasrowlett/.m2/repository/org/slf4j/slf4j-api/2.0.11/slf4j-api-2.0.11.jar:/Users/jasrowlett/.m2/repository/jakarta/xml/bind/jakarta.xml.bind-api/4.0.1/jakarta.xml.bind-api-4.0.1.jar:/Users/jasrowlett/.m2/repository/jakarta/activation/jakarta.activation-api/2.1.2/jakarta.activation-api-2.1.2.jar:/Users/jasrowlett/.m2/repository/net/minidev/json-smart/2.5.0/json-smart-2.5.0.jar:/Users/jasrowlett/.m2/repository/net/minidev/accessors-smart/2.5.0/accessors-smart-2.5.0.jar:/Users/jasrowlett/.m2/repository/org/ow2/asm/asm/9.3/asm-9.3.jar:/Users/jasrowlett/.m2/repository/org/assertj/assertj-core/3.24.2/assertj-core-3.24.2.jar:/Users/jasrowlett/.m2/repository/net/bytebuddy/byte-buddy/1.14.11/byte-buddy-1.14.11.jar:/Users/jasrowlett/.m2/repository/org/awaitility/awaitility/4.2.0/awaitility-4.2.0.jar:/Users/jasrowlett/.m2/repository/org/hamcrest/hamcrest/2.2/hamcrest-2.2.jar:/Users/jasrowlett/.m2/repository/org/junit/jupiter/junit-jupiter/5.10.1/junit-jupiter-5.10.1.jar:/Users/jasrowlett/.m2/repository/org/junit/jupiter/junit-jupiter-api/5.10.1/junit-jupiter-api-5.10.1.jar:/Users/jasrowlett/.m2/repository/org/opentest4j/opentest4j/1.3.0/opentest4j-1.3.0.jar:/Users/jasrowlett/.m2/repository/org/junit/platform/junit-platform-commons/1.10.1/junit-platform-commons-1.10.1.jar:/Users/jasrowlett/.m2/repository/org/apiguardian/apiguardian-api/1.1.2/apiguardian-api-1.1.2.jar:/Users/jasrowlett/.m2/repository/org/junit/jupiter/junit-jupiter-params/5.10.1/junit-jupiter-params-5.10.1.jar:/Users/jasrowlett/.m2/repository/org/junit/jupiter/junit-jupiter-engine/5.10.1/junit-jupiter-engine-5.10.1.jar:/Users/jasrowlett/.m2/repository/org/junit/platform/junit-platform-engine/1.10.1/junit-platform-engine-1.10.1.jar:/Users/jasrowlett/.m2/repository/org/mockito/mockito-core/5.7.0/mockito-core-5.7.0.jar:/Users/jasrowlett/.m2/repository/net/bytebuddy/byte-buddy-agent/1.14.11/byte-buddy-agent-1.14.11.jar:/Users/jasrowlett/.m2/repository/org/objenesis/objenesis/3.3/objenesis-3.3.jar:/Users/jasrowlett/.m2/repository/org/mockito/mockito-junit-jupiter/5.7.0/mockito-junit-jupiter-5.7.0.jar:/Users/jasrowlett/.m2/repository/org/skyscreamer/jsonassert/1.5.1/jsonassert-1.5.1.jar:/Users/jasrowlett/.m2/repository/com/vaadin/external/google/android-json/0.0.20131108.vaadin1/android-json-0.0.20131108.vaadin1.jar:/Users/jasrowlett/.m2/repository/org/springframework/spring-core/6.1.3/spring-core-6.1.3.jar:/Users/jasrowlett/.m2/repository/org/springframework/spring-jcl/6.1.3/spring-jcl-6.1.3.jar:/Users/jasrowlett/.m2/repository/org/springframework/spring-test/6.1.3/spring-test-6.1.3.jar:/Users/jasrowlett/.m2/repository/org/xmlunit/xmlunit-core/2.9.1/xmlunit-core-2.9.1.jar:"/>
    <property name="java.vm.vendor" value="Homebrew"/>
    <property name="sun.arch.data.model" value="64"/>
    <property name="java.vendor.url" value="https://github.com/Homebrew/homebrew-core/issues"/>
    <property name="user.timezone" value="America/Chicago"/>
    <property name="os.name" value="Mac OS X"/>
    <property name="java.vm.specification.version" value="23"/>
    <property name="sun.java.launcher" value="SUN_STANDARD"/>
    <property name="user.country" value="US"/>
    <property name="sun.boot.library.path" value="/usr/local/Cellar/openjdk/23.0.1/libexec/openjdk.jdk/Contents/Home/lib"/>
    <property name="sun.java.command" value="/Users/jasrowlett/spring-k8s-cicd-clean/target/surefire/surefirebooter-20250106150714867_3.jar /Users/jasrowlett/spring-k8s-cicd-clean/target/surefire 2025-01-06T15-07-14_751-jvmRun1 surefire-20250106150714867_1tmp surefire_0-20250106150714867_2tmp"/>
    <property name="http.nonProxyHosts" value="local|*.local|169.254/16|*.169.254/16"/>
    <property name="jdk.debug" value="release"/>
    <property name="surefire.test.class.path" value="/Users/jasrowlett/spring-k8s-cicd-clean/target/test-classes:/Users/jasrowlett/spring-k8s-cicd-clean/target/classes:/Users/jasrowlett/.m2/repository/org/springframework/boot/spring-boot-starter-web/3.2.2/spring-boot-starter-web-3.2.2.jar:/Users/jasrowlett/.m2/repository/org/springframework/boot/spring-boot-starter/3.2.2/spring-boot-starter-3.2.2.jar:/Users/jasrowlett/.m2/repository/org/springframework/boot/spring-boot/3.2.2/spring-boot-3.2.2.jar:/Users/jasrowlett/.m2/repository/org/springframework/boot/spring-boot-autoconfigure/3.2.2/spring-boot-autoconfigure-3.2.2.jar:/Users/jasrowlett/.m2/repository/org/springframework/boot/spring-boot-starter-logging/3.2.2/spring-boot-starter-logging-3.2.2.jar:/Users/jasrowlett/.m2/repository/ch/qos/logback/logback-classic/1.4.14/logback-classic-1.4.14.jar:/Users/jasrowlett/.m2/repository/ch/qos/logback/logback-core/1.4.14/logback-core-1.4.14.jar:/Users/jasrowlett/.m2/repository/org/apache/logging/log4j/log4j-to-slf4j/2.21.1/log4j-to-slf4j-2.21.1.jar:/Users/jasrowlett/.m2/repository/org/apache/logging/log4j/log4j-api/2.21.1/log4j-api-2.21.1.jar:/Users/jasrowlett/.m2/repository/org/slf4j/jul-to-slf4j/2.0.11/jul-to-slf4j-2.0.11.jar:/Users/jasrowlett/.m2/repository/jakarta/annotation/jakarta.annotation-api/2.1.1/jakarta.annotation-api-2.1.1.jar:/Users/jasrowlett/.m2/repository/org/yaml/snakeyaml/2.2/snakeyaml-2.2.jar:/Users/jasrowlett/.m2/repository/org/springframework/boot/spring-boot-starter-json/3.2.2/spring-boot-starter-json-3.2.2.jar:/Users/jasrowlett/.m2/repository/com/fasterxml/jackson/core/jackson-databind/2.15.3/jackson-databind-2.15.3.jar:/Users/jasrowlett/.m2/repository/com/fasterxml/jackson/core/jackson-annotations/2.15.3/jackson-annotations-2.15.3.jar:/Users/jasrowlett/.m2/repository/com/fasterxml/jackson/core/jackson-core/2.15.3/jackson-core-2.15.3.jar:/Users/jasrowlett/.m2/repository/com/fasterxml/jackson/datatype/jackson-datatype-jdk8/2.15.3/jackson-datatype-jdk8-2.15.3.jar:/Users/jasrowlett/.m2/repository/com/fasterxml/jackson/datatype/jackson-datatype-jsr310/2.15.3/jackson-datatype-jsr310-2.15.3.jar:/Users/jasrowlett/.m2/repository/com/fasterxml/jackson/module/jackson-module-parameter-names/2.15.3/jackson-module-parameter-names-2.15.3.jar:/Users/jasrowlett/.m2/repository/org/springframework/boot/spring-boot-starter-tomcat/3.2.2/spring-boot-starter-tomcat-3.2.2.jar:/Users/jasrowlett/.m2/repository/org/apache/tomcat/embed/tomcat-embed-core/10.1.18/tomcat-embed-core-10.1.18.jar:/Users/jasrowlett/.m2/repository/org/apache/tomcat/embed/tomcat-embed-el/10.1.18/tomcat-embed-el-10.1.18.jar:/Users/jasrowlett/.m2/repository/org/apache/tomcat/embed/tomcat-embed-websocket/10.1.18/tomcat-embed-websocket-10.1.18.jar:/Users/jasrowlett/.m2/repository/org/springframework/spring-web/6.1.3/spring-web-6.1.3.jar:/Users/jasrowlett/.m2/repository/org/springframework/spring-beans/6.1.3/spring-beans-6.1.3.jar:/Users/jasrowlett/.m2/repository/org/springframework/spring-webmvc/6.1.3/spring-webmvc-6.1.3.jar:/Users/jasrowlett/.m2/repository/org/springframework/spring-aop/6.1.3/spring-aop-6.1.3.jar:/Users/jasrowlett/.m2/repository/org/springframework/spring-context/6.1.3/spring-context-6.1.3.jar:/Users/jasrowlett/.m2/repository/org/springframework/spring-expression/6.1.3/spring-expression-6.1.3.jar:/Users/jasrowlett/.m2/repository/org/springframework/boot/spring-boot-starter-actuator/3.2.2/spring-boot-starter-actuator-3.2.2.jar:/Users/jasrowlett/.m2/repository/org/springframework/boot/spring-boot-actuator-autoconfigure/3.2.2/spring-boot-actuator-autoconfigure-3.2.2.jar:/Users/jasrowlett/.m2/repository/org/springframework/boot/spring-boot-actuator/3.2.2/spring-boot-actuator-3.2.2.jar:/Users/jasrowlett/.m2/repository/io/micrometer/micrometer-observation/1.12.2/micrometer-observation-1.12.2.jar:/Users/jasrowlett/.m2/repository/io/micrometer/micrometer-commons/1.12.2/micrometer-commons-1.12.2.jar:/Users/jasrowlett/.m2/repository/io/micrometer/micrometer-jakarta9/1.12.2/micrometer-jakarta9-1.12.2.jar:/Users/jasrowlett/.m2/repository/io/micrometer/micrometer-core/1.12.2/micrometer-core-1.12.2.jar:/Users/jasrowlett/.m2/repository/org/hdrhistogram/HdrHistogram/2.1.12/HdrHistogram-2.1.12.jar:/Users/jasrowlett/.m2/repository/org/latencyutils/LatencyUtils/2.0.3/LatencyUtils-2.0.3.jar:/Users/jasrowlett/.m2/repository/org/springframework/cloud/spring-cloud-starter-kubernetes-client/3.1.0/spring-cloud-starter-kubernetes-client-3.1.0.jar:/Users/jasrowlett/.m2/repository/org/springframework/cloud/spring-cloud-kubernetes-client-discovery/3.1.0/spring-cloud-kubernetes-client-discovery-3.1.0.jar:/Users/jasrowlett/.m2/repository/org/springframework/cloud/spring-cloud-kubernetes-client-autoconfig/3.1.0/spring-cloud-kubernetes-client-autoconfig-3.1.0.jar:/Users/jasrowlett/.m2/repository/org/springframework/cloud/spring-cloud-kubernetes-commons/3.1.0/spring-cloud-kubernetes-commons-3.1.0.jar:/Users/jasrowlett/.m2/repository/org/springframework/cloud/spring-cloud-context/4.1.0/spring-cloud-context-4.1.0.jar:/Users/jasrowlett/.m2/repository/io/kubernetes/client-java/19.0.0/client-java-19.0.0.jar:/Users/jasrowlett/.m2/repository/io/prometheus/simpleclient/0.16.0/simpleclient-0.16.0.jar:/Users/jasrowlett/.m2/repository/io/prometheus/simpleclient_tracer_otel/0.16.0/simpleclient_tracer_otel-0.16.0.jar:/Users/jasrowlett/.m2/repository/io/prometheus/simpleclient_tracer_common/0.16.0/simpleclient_tracer_common-0.16.0.jar:/Users/jasrowlett/.m2/repository/io/prometheus/simpleclient_tracer_otel_agent/0.16.0/simpleclient_tracer_otel_agent-0.16.0.jar:/Users/jasrowlett/.m2/repository/io/prometheus/simpleclient_httpserver/0.16.0/simpleclient_httpserver-0.16.0.jar:/Users/jasrowlett/.m2/repository/io/prometheus/simpleclient_common/0.16.0/simpleclient_common-0.16.0.jar:/Users/jasrowlett/.m2/repository/io/kubernetes/client-java-api/19.0.0/client-java-api-19.0.0.jar:/Users/jasrowlett/.m2/repository/javax/annotation/javax.annotation-api/1.3.2/javax.annotation-api-1.3.2.jar:/Users/jasrowlett/.m2/repository/io/swagger/swagger-annotations/1.6.11/swagger-annotations-1.6.11.jar:/Users/jasrowlett/.m2/repository/com/squareup/okhttp3/okhttp/4.12.0/okhttp-4.12.0.jar:/Users/jasrowlett/.m2/repository/com/squareup/okio/okio/3.6.0/okio-3.6.0.jar:/Users/jasrowlett/.m2/repository/com/squareup/okio/okio-jvm/3.6.0/okio-jvm-3.6.0.jar:/Users/jasrowlett/.m2/repository/org/jetbrains/kotlin/kotlin-stdlib-common/1.9.22/kotlin-stdlib-common-1.9.22.jar:/Users/jasrowlett/.m2/repository/org/jetbrains/kotlin/kotlin-stdlib-jdk8/1.9.22/kotlin-stdlib-jdk8-1.9.22.jar:/Users/jasrowlett/.m2/repository/org/jetbrains/kotlin/kotlin-stdlib/1.9.22/kotlin-stdlib-1.9.22.jar:/Users/jasrowlett/.m2/repository/org/jetbrains/annotations/13.0/annotations-13.0.jar:/Users/jasrowlett/.m2/repository/org/jetbrains/kotlin/kotlin-stdlib-jdk7/1.9.22/kotlin-stdlib-jdk7-1.9.22.jar:/Users/jasrowlett/.m2/repository/com/squareup/okhttp3/logging-interceptor/4.12.0/logging-interceptor-4.12.0.jar:/Users/jasrowlett/.m2/repository/com/google/code/gson/gson/2.10.1/gson-2.10.1.jar:/Users/jasrowlett/.m2/repository/io/gsonfire/gson-fire/1.8.5/gson-fire-1.8.5.jar:/Users/jasrowlett/.m2/repository/com/google/code/findbugs/jsr305/3.0.2/jsr305-3.0.2.jar:/Users/jasrowlett/.m2/repository/io/kubernetes/client-java-proto/19.0.0/client-java-proto-19.0.0.jar:/Users/jasrowlett/.m2/repository/commons-codec/commons-codec/1.16.0/commons-codec-1.16.0.jar:/Users/jasrowlett/.m2/repository/org/apache/commons/commons-compress/1.24.0/commons-compress-1.24.0.jar:/Users/jasrowlett/.m2/repository/org/apache/commons/commons-lang3/3.13.0/commons-lang3-3.13.0.jar:/Users/jasrowlett/.m2/repository/commons-io/commons-io/2.14.0/commons-io-2.14.0.jar:/Users/jasrowlett/.m2/repository/org/bouncycastle/bcpkix-jdk18on/1.76/bcpkix-jdk18on-1.76.jar:/Users/jasrowlett/.m2/repository/org/bouncycastle/bcprov-jdk18on/1.76/bcprov-jdk18on-1.76.jar:/Users/jasrowlett/.m2/repository/org/bouncycastle/bcutil-jdk18on/1.76/bcutil-jdk18on-1.76.jar:/Users/jasrowlett/.m2/repository/com/google/protobuf/protobuf-java/3.24.3/protobuf-java-3.24.3.jar:/Users/jasrowlett/.m2/repository/org/apache/commons/commons-collections4/4.4/commons-collections4-4.4.jar:/Users/jasrowlett/.m2/repository/org/bitbucket/b_c/jose4j/0.9.3/jose4j-0.9.3.jar:/Users/jasrowlett/.m2/repository/io/kubernetes/client-java-extended/19.0.0/client-java-extended-19.0.0.jar:/Users/jasrowlett/.m2/repository/io/kubernetes/client-java-api-fluent/19.0.0/client-java-api-fluent-19.0.0.jar:/Users/jasrowlett/.m2/repository/com/github/vladimir-bukhtoyarov/bucket4j-core/7.6.0/bucket4j-core-7.6.0.jar:/Users/jasrowlett/.m2/repository/com/flipkart/zjsonpatch/zjsonpatch/0.4.14/zjsonpatch-0.4.14.jar:/Users/jasrowlett/.m2/repository/com/github/ben-manes/caffeine/caffeine/3.1.8/caffeine-3.1.8.jar:/Users/jasrowlett/.m2/repository/org/checkerframework/checker-qual/3.37.0/checker-qual-3.37.0.jar:/Users/jasrowlett/.m2/repository/com/google/errorprone/error_prone_annotations/2.21.1/error_prone_annotations-2.21.1.jar:/Users/jasrowlett/.m2/repository/org/springframework/cloud/spring-cloud-commons/4.1.0/spring-cloud-commons-4.1.0.jar:/Users/jasrowlett/.m2/repository/org/springframework/security/spring-security-crypto/6.2.1/spring-security-crypto-6.2.1.jar:/Users/jasrowlett/.m2/repository/org/springframework/boot/spring-boot-starter-test/3.2.2/spring-boot-starter-test-3.2.2.jar:/Users/jasrowlett/.m2/repository/org/springframework/boot/spring-boot-test/3.2.2/spring-boot-test-3.2.2.jar:/Users/jasrowlett/.m2/repository/org/springframework/boot/spring-boot-test-autoconfigure/3.2.2/spring-boot-test-autoconfigure-3.2.2.jar:/Users/jasrowlett/.m2/repository/com/jayway/jsonpath/json-path/2.8.0/json-path-2.8.0.jar:/Users/jasrowlett/.m2/repository/org/slf4j/slf4j-api/2.0.11/slf4j-api-2.0.11.jar:/Users/jasrowlett/.m2/repository/jakarta/xml/bind/jakarta.xml.bind-api/4.0.1/jakarta.xml.bind-api-4.0.1.jar:/Users/jasrowlett/.m2/repository/jakarta/activation/jakarta.activation-api/2.1.2/jakarta.activation-api-2.1.2.jar:/Users/jasrowlett/.m2/repository/net/minidev/json-smart/2.5.0/json-smart-2.5.0.jar:/Users/jasrowlett/.m2/repository/net/minidev/accessors-smart/2.5.0/accessors-smart-2.5.0.jar:/Users/jasrowlett/.m2/repository/org/ow2/asm/asm/9.3/asm-9.3.jar:/Users/jasrowlett/.m2/repository/org/assertj/assertj-core/3.24.2/assertj-core-3.24.2.jar:/Users/jasrowlett/.m2/repository/net/bytebuddy/byte-buddy/1.14.11/byte-buddy-1.14.11.jar:/Users/jasrowlett/.m2/repository/org/awaitility/awaitility/4.2.0/awaitility-4.2.0.jar:/Users/jasrowlett/.m2/repository/org/hamcrest/hamcrest/2.2/hamcrest-2.2.jar:/Users/jasrowlett/.m2/repository/org/junit/jupiter/junit-jupiter/5.10.1/junit-jupiter-5.10.1.jar:/Users/jasrowlett/.m2/repository/org/junit/jupiter/junit-jupiter-api/5.10.1/junit-jupiter-api-5.10.1.jar:/Users/jasrowlett/.m2/repository/org/opentest4j/opentest4j/1.3.0/opentest4j-1.3.0.jar:/Users/jasrowlett/.m2/repository/org/junit/platform/junit-platform-commons/1.10.1/junit-platform-commons-1.10.1.jar:/Users/jasrowlett/.m2/repository/org/apiguardian/apiguardian-api/1.1.2/apiguardian-api-1.1.2.jar:/Users/jasrowlett/.m2/repository/org/junit/jupiter/junit-jupiter-params/5.10.1/junit-jupiter-params-5.10.1.jar:/Users/jasrowlett/.m2/repository/org/junit/jupiter/junit-jupiter-engine/5.10.1/junit-jupiter-engine-5.10.1.jar:/Users/jasrowlett/.m2/repository/org/junit/platform/junit-platform-engine/1.10.1/junit-platform-engine-1.10.1.jar:/Users/jasrowlett/.m2/repository/org/mockito/mockito-core/5.7.0/mockito-core-5.7.0.jar:/Users/jasrowlett/.m2/repository/net/bytebuddy/byte-buddy-agent/1.14.11/byte-buddy-agent-1.14.11.jar:/Users/jasrowlett/.m2/repository/org/objenesis/objenesis/3.3/objenesis-3.3.jar:/Users/jasrowlett/.m2/repository/org/mockito/mockito-junit-jupiter/5.7.0/mockito-junit-jupiter-5.7.0.jar:/Users/jasrowlett/.m2/repository/org/skyscreamer/jsonassert/1.5.1/jsonassert-1.5.1.jar:/Users/jasrowlett/.m2/repository/com/vaadin/external/google/android-json/0.0.20131108.vaadin1/android-json-0.0.20131108.vaadin1.jar:/Users/jasrowlett/.m2/repository/org/springframework/spring-core/6.1.3/spring-core-6.1.3.jar:/Users/jasrowlett/.m2/repository/org/springframework/spring-jcl/6.1.3/spring-jcl-6.1.3.jar:/Users/jasrowlett/.m2/repository/org/springframework/spring-test/6.1.3/spring-test-6.1.3.jar:/Users/jasrowlett/.m2/repository/org/xmlunit/xmlunit-core/2.9.1/xmlunit-core-2.9.1.jar:"/>
    <property name="sun.cpu.endian" value="little"/>
    <property name="user.home" value="/Users/jasrowlett"/>
    <property name="user.language" value="en"/>
    <property name="java.specification.vendor" value="Oracle Corporation"/>
    <property name="java.version.date" value="2024-10-15"/>
    <property name="java.home" value="/usr/local/Cellar/openjdk/23.0.1/libexec/openjdk.jdk/Contents/Home"/>
    <property name="file.separator" value="/"/>
    <property name="basedir" value="/Users/jasrowlett/spring-k8s-cicd-clean"/>
    <property name="java.vm.compressedOopsMode" value="Zero based"/>
    <property name="line.separator" value="&#10;"/>
    <property name="java.vm.specification.vendor" value="Oracle Corporation"/>
    <property name="java.specification.name" value="Java Platform API Specification"/>
    <property name="FILE_LOG_CHARSET" value="UTF-8"/>
    <property name="java.awt.headless" value="true"/>
    <property name="apple.awt.application.name" value="ForkedBooter"/>
    <property name="surefire.real.class.path" value="/Users/jasrowlett/spring-k8s-cicd-clean/target/surefire/surefirebooter-20250106150714867_3.jar"/>
    <property name="sun.management.compiler" value="HotSpot 64-Bit Tiered Compilers"/>
    <property name="ftp.nonProxyHosts" value="local|*.local|169.254/16|*.169.254/16"/>
    <property name="java.runtime.version" value="23.0.1"/>
    <property name="user.name" value="jasrowlett"/>
    <property name="stdout.encoding" value="UTF-8"/>
    <property name="path.separator" value=":"/>
    <property name="os.version" value="15.2"/>
    <property name="java.runtime.name" value="OpenJDK Runtime Environment"/>
    <property name="file.encoding" value="UTF-8"/>
    <property name="java.vm.name" value="OpenJDK 64-Bit Server VM"/>
    <property name="java.vendor.version" value="Homebrew"/>
    <property name="localRepository" value="/Users/jasrowlett/.m2/repository"/>
    <property name="java.vendor.url.bug" value="https://github.com/Homebrew/homebrew-core/issues"/>
    <property name="java.io.tmpdir" value="/var/folders/qt/hpgkjyw94tj08nldmjqlpkn00000gn/T/"/>
    <property name="java.version" value="23.0.1"/>
    <property name="user.dir" value="/Users/jasrowlett/spring-k8s-cicd-clean"/>
    <property name="os.arch" value="x86_64"/>
    <property name="java.vm.specification.name" value="Java Virtual Machine Specification"/>
    <property name="PID" value="30358"/>
    <property name="CONSOLE_LOG_CHARSET" value="UTF-8"/>
    <property name="native.encoding" value="UTF-8"/>
    <property name="java.library.path" value="/Users/jasrowlett/Library/Java/Extensions:/Library/Java/Extensions:/Network/Library/Java/Extensions:/System/Library/Java/Extensions:/usr/lib/java:."/>
    <property name="java.vm.info" value="mixed mode, sharing"/>
    <property name="stderr.encoding" value="UTF-8"/>
    <property name="java.vendor" value="Homebrew"/>
    <property name="java.vm.version" value="23.0.1"/>
    <property name="sun.io.unicode.encoding" value="UnicodeBig"/>
    <property name="socksNonProxyHosts" value="local|*.local|169.254/16|*.169.254/16"/>
    <property name="java.class.version" value="67.0"/>
    <property name="LOGGED_APPLICATION_NAME" value="[spring-k8s-cicd] "/>
  </properties>
  <testcase name="contextLoads" classname="com.example.demo.DemoApplicationTests" time="1.225">
    <system-out><![CDATA[
  .   ____          _            __ _ _
 /\\ / ___'_ __ _ _(_)_ __  __ _ \ \ \ \
( ( )\___ | '_ | '_| | '_ \/ _` | \ \ \ \
 \\/  ___)| |_)| | | | | || (_| |  ) ) ) )
  '  |____| .__|_| |_|_| |_\__, | / / / /
 =========|_|==============|___/=/_/_/_/
&amp#27;[32m :: Spring Boot :: &amp#27;[39m              &amp#27;[2m (v3.2.2)&amp#27;[0;39m

&amp#27;[2m2025-01-06T15:07:18.486-06:00&amp#27;[0;39m &amp#27;[32m INFO&amp#27;[0;39m &amp#27;[35m30358&amp#27;[0;39m &amp#27;[2m---&amp#27;[0;39m &amp#27;[2m[spring-k8s-cicd] [           main]&amp#27;[0;39m &amp#27;[2m&amp#27;[0;39m&amp#27;[36mcom.example.demo.DemoApplicationTests   &amp#27;[0;39m &amp#27;[2m:&amp#27;[0;39m Starting DemoApplicationTests using Java 23.0.1 with PID 30358 (started by jasrowlett in /Users/jasrowlett/spring-k8s-cicd-clean)
&amp#27;[2m2025-01-06T15:07:18.491-06:00&amp#27;[0;39m &amp#27;[32m INFO&amp#27;[0;39m &amp#27;[35m30358&amp#27;[0;39m &amp#27;[2m---&amp#27;[0;39m &amp#27;[2m[spring-k8s-cicd] [           main]&amp#27;[0;39m &amp#27;[2m&amp#27;[0;39m&amp#27;[36mcom.example.demo.DemoApplicationTests   &amp#27;[0;39m &amp#27;[2m:&amp#27;[0;39m No active profile set, falling back to 1 default profile: "default"
&amp#27;[2m2025-01-06T15:07:21.471-06:00&amp#27;[0;39m &amp#27;[32m INFO&amp#27;[0;39m &amp#27;[35m30358&amp#27;[0;39m &amp#27;[2m---&amp#27;[0;39m &amp#27;[2m[spring-k8s-cicd] [           main]&amp#27;[0;39m &amp#27;[2m&amp#27;[0;39m&amp#27;[36mo.s.cloud.context.scope.GenericScope    &amp#27;[0;39m &amp#27;[2m:&amp#27;[0;39m BeanFactory id=c91bb263-e22f-3576-91c5-4a2392a2b5d0
&amp#27;[2m2025-01-06T15:07:23.205-06:00&amp#27;[0;39m &amp#27;[32m INFO&amp#27;[0;39m &amp#27;[35m30358&amp#27;[0;39m &amp#27;[2m---&amp#27;[0;39m &amp#27;[2m[spring-k8s-cicd] [           main]&amp#27;[0;39m &amp#27;[2m&amp#27;[0;39m&amp#27;[36mo.s.b.a.e.web.EndpointLinksResolver     &amp#27;[0;39m &amp#27;[2m:&amp#27;[0;39m Exposing 3 endpoint(s) beneath base path '/api'
&amp#27;[2m2025-01-06T15:07:23.300-06:00&amp#27;[0;39m &amp#27;[32m INFO&amp#27;[0;39m &amp#27;[35m30358&amp#27;[0;39m &amp#27;[2m---&amp#27;[0;39m &amp#27;[2m[spring-k8s-cicd] [           main]&amp#27;[0;39m &amp#27;[2m&amp#27;[0;39m&amp#27;[36mcom.example.demo.DemoApplicationTests   &amp#27;[0;39m &amp#27;[2m:&amp#27;[0;39m Started DemoApplicationTests in 5.636 seconds (process running for 8.274)
]]></system-out>
    <system-err><![CDATA[java.lang.instrument.IllegalClassFormatException: Error while instrumenting jdk/jshell/execution/impl/ConsoleImpl$ConsoleProviderImpl with JaCoCo 0.8.11.202310140853/f33756c.
	at org.jacoco.agent.rt.internal_4742761.CoverageTransformer.transform(CoverageTransformer.java:94)
	at java.instrument/java.lang.instrument.ClassFileTransformer.transform(ClassFileTransformer.java:242)
	at java.instrument/sun.instrument.TransformerManager.transform(TransformerManager.java:188)
	at java.instrument/sun.instrument.InstrumentationImpl.transform(InstrumentationImpl.java:610)
	at java.base/java.lang.ClassLoader.defineClass2(Native Method)
	at java.base/java.lang.ClassLoader.defineClass(ClassLoader.java:1116)
	at java.base/java.security.SecureClassLoader.defineClass(SecureClassLoader.java:182)
	at java.base/jdk.internal.loader.BuiltinClassLoader.defineClass(BuiltinClassLoader.java:821)
	at java.base/jdk.internal.loader.BuiltinClassLoader.findClassInModuleOrNull(BuiltinClassLoader.java:741)
	at java.base/jdk.internal.loader.BuiltinClassLoader.findClass(BuiltinClassLoader.java:621)
	at java.base/java.lang.ClassLoader.loadClass(ClassLoader.java:640)
	at java.base/java.lang.Class.forName(Class.java:669)
	at java.base/java.lang.Class.forName(Class.java:644)
	at java.base/java.util.ServiceLoader.loadProvider(ServiceLoader.java:855)
	at java.base/java.util.ServiceLoader$LayerLookupIterator.hasNext(ServiceLoader.java:954)
	at java.base/java.util.ServiceLoader$3.hasNext(ServiceLoader.java:1387)
	at java.base/java.io.Console$2.run(Console.java:668)
	at java.base/java.io.Console$2.run(Console.java:663)
	at java.base/java.security.AccessController.doPrivileged(AccessController.java:319)
	at java.base/java.io.Console.instantiateConsole(Console.java:663)
	at java.base/java.io.Console.<clinit>(Console.java:639)
	at java.base/jdk.internal.misc.Unsafe.ensureClassInitialized0(Native Method)
	at java.base/jdk.internal.misc.Unsafe.ensureClassInitialized(Unsafe.java:1161)
	at java.base/java.lang.invoke.MethodHandles$Lookup.ensureInitialized(MethodHandles.java:2897)
	at java.base/jdk.internal.access.SharedSecrets.ensureClassInitialized(SharedSecrets.java:536)
	at java.base/jdk.internal.access.SharedSecrets.getJavaIOAccess(SharedSecrets.java:279)
	at java.base/java.lang.System.console(System.java:304)
	at org.springframework.boot.ansi.AnsiOutput.detectIfAnsiCapable(AnsiOutput.java:155)
	at org.springframework.boot.ansi.AnsiOutput.isEnabled(AnsiOutput.java:143)
	at org.springframework.boot.ansi.AnsiOutput.toString(AnsiOutput.java:94)
	at org.springframework.boot.SpringBootBanner.printBanner(SpringBootBanner.java:54)
	at org.springframework.boot.SpringApplicationBannerPrinter.print(SpringApplicationBannerPrinter.java:67)
	at org.springframework.boot.SpringApplication.printBanner(SpringApplication.java:578)
	at org.springframework.boot.SpringApplication.run(SpringApplication.java:330)
	at org.springframework.boot.test.context.SpringBootContextLoader.lambda$loadContext$3(SpringBootContextLoader.java:137)
	at org.springframework.util.function.ThrowingSupplier.get(ThrowingSupplier.java:58)
	at org.springframework.util.function.ThrowingSupplier.get(ThrowingSupplier.java:46)
	at org.springframework.boot.SpringApplication.withHook(SpringApplication.java:1454)
	at org.springframework.boot.test.context.SpringBootContextLoader$ContextLoaderHook.run(SpringBootContextLoader.java:552)
	at org.springframework.boot.test.context.SpringBootContextLoader.loadContext(SpringBootContextLoader.java:137)
	at org.springframework.boot.test.context.SpringBootContextLoader.loadContext(SpringBootContextLoader.java:108)
	at org.springframework.test.context.cache.DefaultCacheAwareContextLoaderDelegate.loadContextInternal(DefaultCacheAwareContextLoaderDelegate.java:225)
	at org.springframework.test.context.cache.DefaultCacheAwareContextLoaderDelegate.loadContext(DefaultCacheAwareContextLoaderDelegate.java:152)
	at org.springframework.test.context.support.DefaultTestContext.getApplicationContext(DefaultTestContext.java:130)
	at org.springframework.test.context.web.ServletTestExecutionListener.setUpRequestContextIfNecessary(ServletTestExecutionListener.java:191)
	at org.springframework.test.context.web.ServletTestExecutionListener.prepareTestInstance(ServletTestExecutionListener.java:130)
	at org.springframework.test.context.TestContextManager.prepareTestInstance(TestContextManager.java:260)
	at org.springframework.test.context.junit.jupiter.SpringExtension.postProcessTestInstance(SpringExtension.java:163)
	at org.junit.jupiter.engine.descriptor.ClassBasedTestDescriptor.lambda$invokeTestInstancePostProcessors$10(ClassBasedTestDescriptor.java:378)
	at org.junit.jupiter.engine.descriptor.ClassBasedTestDescriptor.executeAndMaskThrowable(ClassBasedTestDescriptor.java:383)
	at org.junit.jupiter.engine.descriptor.ClassBasedTestDescriptor.lambda$invokeTestInstancePostProcessors$11(ClassBasedTestDescriptor.java:378)
	at java.base/java.util.stream.ReferencePipeline$3$1.accept(ReferencePipeline.java:215)
	at java.base/java.util.stream.ReferencePipeline$2$1.accept(ReferencePipeline.java:197)
	at java.base/java.util.ArrayList$ArrayListSpliterator.forEachRemaining(ArrayList.java:1709)
	at java.base/java.util.stream.AbstractPipeline.copyInto(AbstractPipeline.java:570)
	at java.base/java.util.stream.AbstractPipeline.wrapAndCopyInto(AbstractPipeline.java:560)
	at java.base/java.util.stream.StreamSpliterators$WrappingSpliterator.forEachRemaining(StreamSpliterators.java:315)
	at java.base/java.util.stream.Streams$ConcatSpliterator.forEachRemaining(Streams.java:735)
	at java.base/java.util.stream.Streams$ConcatSpliterator.forEachRemaining(Streams.java:734)
	at java.base/java.util.stream.ReferencePipeline$Head.forEach(ReferencePipeline.java:807)
	at org.junit.jupiter.engine.descriptor.ClassBasedTestDescriptor.invokeTestInstancePostProcessors(ClassBasedTestDescriptor.java:377)
	at org.junit.jupiter.engine.descriptor.ClassBasedTestDescriptor.lambda$instantiateAndPostProcessTestInstance$6(ClassBasedTestDescriptor.java:290)
	at org.junit.platform.engine.support.hierarchical.ThrowableCollector.execute(ThrowableCollector.java:73)
	at org.junit.jupiter.engine.descriptor.ClassBasedTestDescriptor.instantiateAndPostProcessTestInstance(ClassBasedTestDescriptor.java:289)
	at org.junit.jupiter.engine.descriptor.ClassBasedTestDescriptor.lambda$testInstancesProvider$4(ClassBasedTestDescriptor.java:279)
	at java.base/java.util.Optional.orElseGet(Optional.java:364)
	at org.junit.jupiter.engine.descriptor.ClassBasedTestDescriptor.lambda$testInstancesProvider$5(ClassBasedTestDescriptor.java:278)
	at org.junit.jupiter.engine.execution.TestInstancesProvider.getTestInstances(TestInstancesProvider.java:31)
	at org.junit.jupiter.engine.descriptor.TestMethodTestDescriptor.lambda$prepare$0(TestMethodTestDescriptor.java:106)
	at org.junit.platform.engine.support.hierarchical.ThrowableCollector.execute(ThrowableCollector.java:73)
	at org.junit.jupiter.engine.descriptor.TestMethodTestDescriptor.prepare(TestMethodTestDescriptor.java:105)
	at org.junit.jupiter.engine.descriptor.TestMethodTestDescriptor.prepare(TestMethodTestDescriptor.java:69)
	at org.junit.platform.engine.support.hierarchical.NodeTestTask.lambda$prepare$2(NodeTestTask.java:123)
	at org.junit.platform.engine.support.hierarchical.ThrowableCollector.execute(ThrowableCollector.java:73)
	at org.junit.platform.engine.support.hierarchical.NodeTestTask.prepare(NodeTestTask.java:123)
	at org.junit.platform.engine.support.hierarchical.NodeTestTask.execute(NodeTestTask.java:90)
	at java.base/java.util.ArrayList.forEach(ArrayList.java:1597)
	at org.junit.platform.engine.support.hierarchical.SameThreadHierarchicalTestExecutorService.invokeAll(SameThreadHierarchicalTestExecutorService.java:41)
	at org.junit.platform.engine.support.hierarchical.NodeTestTask.lambda$executeRecursively$6(NodeTestTask.java:155)
	at org.junit.platform.engine.support.hierarchical.ThrowableCollector.execute(ThrowableCollector.java:73)
	at org.junit.platform.engine.support.hierarchical.NodeTestTask.lambda$executeRecursively$8(NodeTestTask.java:141)
	at org.junit.platform.engine.support.hierarchical.Node.around(Node.java:137)
	at org.junit.platform.engine.support.hierarchical.NodeTestTask.lambda$executeRecursively$9(NodeTestTask.java:139)
	at org.junit.platform.engine.support.hierarchical.ThrowableCollector.execute(ThrowableCollector.java:73)
	at org.junit.platform.engine.support.hierarchical.NodeTestTask.executeRecursively(NodeTestTask.java:138)
	at org.junit.platform.engine.support.hierarchical.NodeTestTask.execute(NodeTestTask.java:95)
	at java.base/java.util.ArrayList.forEach(ArrayList.java:1597)
	at org.junit.platform.engine.support.hierarchical.SameThreadHierarchicalTestExecutorService.invokeAll(SameThreadHierarchicalTestExecutorService.java:41)
	at org.junit.platform.engine.support.hierarchical.NodeTestTask.lambda$executeRecursively$6(NodeTestTask.java:155)
	at org.junit.platform.engine.support.hierarchical.ThrowableCollector.execute(ThrowableCollector.java:73)
	at org.junit.platform.engine.support.hierarchical.NodeTestTask.lambda$executeRecursively$8(NodeTestTask.java:141)
	at org.junit.platform.engine.support.hierarchical.Node.around(Node.java:137)
	at org.junit.platform.engine.support.hierarchical.NodeTestTask.lambda$executeRecursively$9(NodeTestTask.java:139)
	at org.junit.platform.engine.support.hierarchical.ThrowableCollector.execute(ThrowableCollector.java:73)
	at org.junit.platform.engine.support.hierarchical.NodeTestTask.executeRecursively(NodeTestTask.java:138)
	at org.junit.platform.engine.support.hierarchical.NodeTestTask.execute(NodeTestTask.java:95)
	at org.junit.platform.engine.support.hierarchical.SameThreadHierarchicalTestExecutorService.submit(SameThreadHierarchicalTestExecutorService.java:35)
	at org.junit.platform.engine.support.hierarchical.HierarchicalTestExecutor.execute(HierarchicalTestExecutor.java:57)
	at org.junit.platform.engine.support.hierarchical.HierarchicalTestEngine.execute(HierarchicalTestEngine.java:54)
	at org.junit.platform.launcher.core.EngineExecutionOrchestrator.execute(EngineExecutionOrchestrator.java:198)
	at org.junit.platform.launcher.core.EngineExecutionOrchestrator.execute(EngineExecutionOrchestrator.java:169)
	at org.junit.platform.launcher.core.EngineExecutionOrchestrator.execute(EngineExecutionOrchestrator.java:93)
	at org.junit.platform.launcher.core.EngineExecutionOrchestrator.lambda$execute$0(EngineExecutionOrchestrator.java:58)
	at org.junit.platform.launcher.core.EngineExecutionOrchestrator.withInterceptedStreams(EngineExecutionOrchestrator.java:141)
	at org.junit.platform.launcher.core.EngineExecutionOrchestrator.execute(EngineExecutionOrchestrator.java:57)
	at org.junit.platform.launcher.core.DefaultLauncher.execute(DefaultLauncher.java:103)
	at org.junit.platform.launcher.core.DefaultLauncher.execute(DefaultLauncher.java:85)
	at org.junit.platform.launcher.core.DelegatingLauncher.execute(DelegatingLauncher.java:47)
	at org.apache.maven.surefire.junitplatform.LazyLauncher.execute(LazyLauncher.java:56)
	at org.apache.maven.surefire.junitplatform.JUnitPlatformProvider.execute(JUnitPlatformProvider.java:184)
	at org.apache.maven.surefire.junitplatform.JUnitPlatformProvider.invokeAllTests(JUnitPlatformProvider.java:148)
	at org.apache.maven.surefire.junitplatform.JUnitPlatformProvider.invoke(JUnitPlatformProvider.java:122)
	at org.apache.maven.surefire.booter.ForkedBooter.runSuitesInProcess(ForkedBooter.java:385)
	at org.apache.maven.surefire.booter.ForkedBooter.execute(ForkedBooter.java:162)
	at org.apache.maven.surefire.booter.ForkedBooter.run(ForkedBooter.java:507)
	at org.apache.maven.surefire.booter.ForkedBooter.main(ForkedBooter.java:495)
Caused by: java.io.IOException: Error while instrumenting jdk/jshell/execution/impl/ConsoleImpl$ConsoleProviderImpl with JaCoCo 0.8.11.202310140853/f33756c.
	at org.jacoco.agent.rt.internal_4742761.core.instr.Instrumenter.instrumentError(Instrumenter.java:161)
	at org.jacoco.agent.rt.internal_4742761.core.instr.Instrumenter.instrument(Instrumenter.java:111)
	at org.jacoco.agent.rt.internal_4742761.CoverageTransformer.transform(CoverageTransformer.java:92)
	... 115 more
Caused by: java.lang.IllegalArgumentException: Unsupported class file major version 67
	at org.jacoco.agent.rt.internal_4742761.asm.ClassReader.<init>(ClassReader.java:200)
	at org.jacoco.agent.rt.internal_4742761.asm.ClassReader.<init>(ClassReader.java:180)
	at org.jacoco.agent.rt.internal_4742761.asm.ClassReader.<init>(ClassReader.java:166)
	at org.jacoco.agent.rt.internal_4742761.core.internal.instr.InstrSupport.classReaderFor(InstrSupport.java:280)
	at org.jacoco.agent.rt.internal_4742761.core.instr.Instrumenter.instrument(Instrumenter.java:77)
	at org.jacoco.agent.rt.internal_4742761.core.instr.Instrumenter.instrument(Instrumenter.java:109)
	... 116 more
java.lang.instrument.IllegalClassFormatException: Error while instrumenting jdk/internal/org/jline/JdkConsoleProviderImpl with JaCoCo 0.8.11.202310140853/f33756c.
	at org.jacoco.agent.rt.internal_4742761.CoverageTransformer.transform(CoverageTransformer.java:94)
	at java.instrument/java.lang.instrument.ClassFileTransformer.transform(ClassFileTransformer.java:242)
	at java.instrument/sun.instrument.TransformerManager.transform(TransformerManager.java:188)
	at java.instrument/sun.instrument.InstrumentationImpl.transform(InstrumentationImpl.java:610)
	at java.base/java.lang.ClassLoader.defineClass2(Native Method)
	at java.base/java.lang.ClassLoader.defineClass(ClassLoader.java:1116)
	at java.base/java.security.SecureClassLoader.defineClass(SecureClassLoader.java:182)
	at java.base/jdk.internal.loader.BuiltinClassLoader.defineClass(BuiltinClassLoader.java:821)
	at java.base/jdk.internal.loader.BuiltinClassLoader.findClassInModuleOrNull(BuiltinClassLoader.java:741)
	at java.base/jdk.internal.loader.BuiltinClassLoader.findClass(BuiltinClassLoader.java:621)
	at java.base/java.lang.ClassLoader.loadClass(ClassLoader.java:640)
	at java.base/java.lang.Class.forName(Class.java:669)
	at java.base/java.lang.Class.forName(Class.java:644)
	at java.base/java.util.ServiceLoader.loadProvider(ServiceLoader.java:855)
	at java.base/java.util.ServiceLoader$LayerLookupIterator.hasNext(ServiceLoader.java:954)
	at java.base/java.util.ServiceLoader$3.hasNext(ServiceLoader.java:1387)
	at java.base/java.io.Console$2.run(Console.java:668)
	at java.base/java.io.Console$2.run(Console.java:663)
	at java.base/java.security.AccessController.doPrivileged(AccessController.java:319)
	at java.base/java.io.Console.instantiateConsole(Console.java:663)
	at java.base/java.io.Console.<clinit>(Console.java:639)
	at java.base/jdk.internal.misc.Unsafe.ensureClassInitialized0(Native Method)
	at java.base/jdk.internal.misc.Unsafe.ensureClassInitialized(Unsafe.java:1161)
	at java.base/java.lang.invoke.MethodHandles$Lookup.ensureInitialized(MethodHandles.java:2897)
	at java.base/jdk.internal.access.SharedSecrets.ensureClassInitialized(SharedSecrets.java:536)
	at java.base/jdk.internal.access.SharedSecrets.getJavaIOAccess(SharedSecrets.java:279)
	at java.base/java.lang.System.console(System.java:304)
	at org.springframework.boot.ansi.AnsiOutput.detectIfAnsiCapable(AnsiOutput.java:155)
	at org.springframework.boot.ansi.AnsiOutput.isEnabled(AnsiOutput.java:143)
	at org.springframework.boot.ansi.AnsiOutput.toString(AnsiOutput.java:94)
	at org.springframework.boot.SpringBootBanner.printBanner(SpringBootBanner.java:54)
	at org.springframework.boot.SpringApplicationBannerPrinter.print(SpringApplicationBannerPrinter.java:67)
	at org.springframework.boot.SpringApplication.printBanner(SpringApplication.java:578)
	at org.springframework.boot.SpringApplication.run(SpringApplication.java:330)
	at org.springframework.boot.test.context.SpringBootContextLoader.lambda$loadContext$3(SpringBootContextLoader.java:137)
	at org.springframework.util.function.ThrowingSupplier.get(ThrowingSupplier.java:58)
	at org.springframework.util.function.ThrowingSupplier.get(ThrowingSupplier.java:46)
	at org.springframework.boot.SpringApplication.withHook(SpringApplication.java:1454)
	at org.springframework.boot.test.context.SpringBootContextLoader$ContextLoaderHook.run(SpringBootContextLoader.java:552)
	at org.springframework.boot.test.context.SpringBootContextLoader.loadContext(SpringBootContextLoader.java:137)
	at org.springframework.boot.test.context.SpringBootContextLoader.loadContext(SpringBootContextLoader.java:108)
	at org.springframework.test.context.cache.DefaultCacheAwareContextLoaderDelegate.loadContextInternal(DefaultCacheAwareContextLoaderDelegate.java:225)
	at org.springframework.test.context.cache.DefaultCacheAwareContextLoaderDelegate.loadContext(DefaultCacheAwareContextLoaderDelegate.java:152)
	at org.springframework.test.context.support.DefaultTestContext.getApplicationContext(DefaultTestContext.java:130)
	at org.springframework.test.context.web.ServletTestExecutionListener.setUpRequestContextIfNecessary(ServletTestExecutionListener.java:191)
	at org.springframework.test.context.web.ServletTestExecutionListener.prepareTestInstance(ServletTestExecutionListener.java:130)
	at org.springframework.test.context.TestContextManager.prepareTestInstance(TestContextManager.java:260)
	at org.springframework.test.context.junit.jupiter.SpringExtension.postProcessTestInstance(SpringExtension.java:163)
	at org.junit.jupiter.engine.descriptor.ClassBasedTestDescriptor.lambda$invokeTestInstancePostProcessors$10(ClassBasedTestDescriptor.java:378)
	at org.junit.jupiter.engine.descriptor.ClassBasedTestDescriptor.executeAndMaskThrowable(ClassBasedTestDescriptor.java:383)
	at org.junit.jupiter.engine.descriptor.ClassBasedTestDescriptor.lambda$invokeTestInstancePostProcessors$11(ClassBasedTestDescriptor.java:378)
	at java.base/java.util.stream.ReferencePipeline$3$1.accept(ReferencePipeline.java:215)
	at java.base/java.util.stream.ReferencePipeline$2$1.accept(ReferencePipeline.java:197)
	at java.base/java.util.ArrayList$ArrayListSpliterator.forEachRemaining(ArrayList.java:1709)
	at java.base/java.util.stream.AbstractPipeline.copyInto(AbstractPipeline.java:570)
	at java.base/java.util.stream.AbstractPipeline.wrapAndCopyInto(AbstractPipeline.java:560)
	at java.base/java.util.stream.StreamSpliterators$WrappingSpliterator.forEachRemaining(StreamSpliterators.java:315)
	at java.base/java.util.stream.Streams$ConcatSpliterator.forEachRemaining(Streams.java:735)
	at java.base/java.util.stream.Streams$ConcatSpliterator.forEachRemaining(Streams.java:734)
	at java.base/java.util.stream.ReferencePipeline$Head.forEach(ReferencePipeline.java:807)
	at org.junit.jupiter.engine.descriptor.ClassBasedTestDescriptor.invokeTestInstancePostProcessors(ClassBasedTestDescriptor.java:377)
	at org.junit.jupiter.engine.descriptor.ClassBasedTestDescriptor.lambda$instantiateAndPostProcessTestInstance$6(ClassBasedTestDescriptor.java:290)
	at org.junit.platform.engine.support.hierarchical.ThrowableCollector.execute(ThrowableCollector.java:73)
	at org.junit.jupiter.engine.descriptor.ClassBasedTestDescriptor.instantiateAndPostProcessTestInstance(ClassBasedTestDescriptor.java:289)
	at org.junit.jupiter.engine.descriptor.ClassBasedTestDescriptor.lambda$testInstancesProvider$4(ClassBasedTestDescriptor.java:279)
	at java.base/java.util.Optional.orElseGet(Optional.java:364)
	at org.junit.jupiter.engine.descriptor.ClassBasedTestDescriptor.lambda$testInstancesProvider$5(ClassBasedTestDescriptor.java:278)
	at org.junit.jupiter.engine.execution.TestInstancesProvider.getTestInstances(TestInstancesProvider.java:31)
	at org.junit.jupiter.engine.descriptor.TestMethodTestDescriptor.lambda$prepare$0(TestMethodTestDescriptor.java:106)
	at org.junit.platform.engine.support.hierarchical.ThrowableCollector.execute(ThrowableCollector.java:73)
	at org.junit.jupiter.engine.descriptor.TestMethodTestDescriptor.prepare(TestMethodTestDescriptor.java:105)
	at org.junit.jupiter.engine.descriptor.TestMethodTestDescriptor.prepare(TestMethodTestDescriptor.java:69)
	at org.junit.platform.engine.support.hierarchical.NodeTestTask.lambda$prepare$2(NodeTestTask.java:123)
	at org.junit.platform.engine.support.hierarchical.ThrowableCollector.execute(ThrowableCollector.java:73)
	at org.junit.platform.engine.support.hierarchical.NodeTestTask.prepare(NodeTestTask.java:123)
	at org.junit.platform.engine.support.hierarchical.NodeTestTask.execute(NodeTestTask.java:90)
	at java.base/java.util.ArrayList.forEach(ArrayList.java:1597)
	at org.junit.platform.engine.support.hierarchical.SameThreadHierarchicalTestExecutorService.invokeAll(SameThreadHierarchicalTestExecutorService.java:41)
	at org.junit.platform.engine.support.hierarchical.NodeTestTask.lambda$executeRecursively$6(NodeTestTask.java:155)
	at org.junit.platform.engine.support.hierarchical.ThrowableCollector.execute(ThrowableCollector.java:73)
	at org.junit.platform.engine.support.hierarchical.NodeTestTask.lambda$executeRecursively$8(NodeTestTask.java:141)
	at org.junit.platform.engine.support.hierarchical.Node.around(Node.java:137)
	at org.junit.platform.engine.support.hierarchical.NodeTestTask.lambda$executeRecursively$9(NodeTestTask.java:139)
	at org.junit.platform.engine.support.hierarchical.ThrowableCollector.execute(ThrowableCollector.java:73)
	at org.junit.platform.engine.support.hierarchical.NodeTestTask.executeRecursively(NodeTestTask.java:138)
	at org.junit.platform.engine.support.hierarchical.NodeTestTask.execute(NodeTestTask.java:95)
	at java.base/java.util.ArrayList.forEach(ArrayList.java:1597)
	at org.junit.platform.engine.support.hierarchical.SameThreadHierarchicalTestExecutorService.invokeAll(SameThreadHierarchicalTestExecutorService.java:41)
	at org.junit.platform.engine.support.hierarchical.NodeTestTask.lambda$executeRecursively$6(NodeTestTask.java:155)
	at org.junit.platform.engine.support.hierarchical.ThrowableCollector.execute(ThrowableCollector.java:73)
	at org.junit.platform.engine.support.hierarchical.NodeTestTask.lambda$executeRecursively$8(NodeTestTask.java:141)
	at org.junit.platform.engine.support.hierarchical.Node.around(Node.java:137)
	at org.junit.platform.engine.support.hierarchical.NodeTestTask.lambda$executeRecursively$9(NodeTestTask.java:139)
	at org.junit.platform.engine.support.hierarchical.ThrowableCollector.execute(ThrowableCollector.java:73)
	at org.junit.platform.engine.support.hierarchical.NodeTestTask.executeRecursively(NodeTestTask.java:138)
	at org.junit.platform.engine.support.hierarchical.NodeTestTask.execute(NodeTestTask.java:95)
	at org.junit.platform.engine.support.hierarchical.SameThreadHierarchicalTestExecutorService.submit(SameThreadHierarchicalTestExecutorService.java:35)
	at org.junit.platform.engine.support.hierarchical.HierarchicalTestExecutor.execute(HierarchicalTestExecutor.java:57)
	at org.junit.platform.engine.support.hierarchical.HierarchicalTestEngine.execute(HierarchicalTestEngine.java:54)
	at org.junit.platform.launcher.core.EngineExecutionOrchestrator.execute(EngineExecutionOrchestrator.java:198)
	at org.junit.platform.launcher.core.EngineExecutionOrchestrator.execute(EngineExecutionOrchestrator.java:169)
	at org.junit.platform.launcher.core.EngineExecutionOrchestrator.execute(EngineExecutionOrchestrator.java:93)
	at org.junit.platform.launcher.core.EngineExecutionOrchestrator.lambda$execute$0(EngineExecutionOrchestrator.java:58)
	at org.junit.platform.launcher.core.EngineExecutionOrchestrator.withInterceptedStreams(EngineExecutionOrchestrator.java:141)
	at org.junit.platform.launcher.core.EngineExecutionOrchestrator.execute(EngineExecutionOrchestrator.java:57)
	at org.junit.platform.launcher.core.DefaultLauncher.execute(DefaultLauncher.java:103)
	at org.junit.platform.launcher.core.DefaultLauncher.execute(DefaultLauncher.java:85)
	at org.junit.platform.launcher.core.DelegatingLauncher.execute(DelegatingLauncher.java:47)
	at org.apache.maven.surefire.junitplatform.LazyLauncher.execute(LazyLauncher.java:56)
	at org.apache.maven.surefire.junitplatform.JUnitPlatformProvider.execute(JUnitPlatformProvider.java:184)
	at org.apache.maven.surefire.junitplatform.JUnitPlatformProvider.invokeAllTests(JUnitPlatformProvider.java:148)
	at org.apache.maven.surefire.junitplatform.JUnitPlatformProvider.invoke(JUnitPlatformProvider.java:122)
	at org.apache.maven.surefire.booter.ForkedBooter.runSuitesInProcess(ForkedBooter.java:385)
	at org.apache.maven.surefire.booter.ForkedBooter.execute(ForkedBooter.java:162)
	at org.apache.maven.surefire.booter.ForkedBooter.run(ForkedBooter.java:507)
	at org.apache.maven.surefire.booter.ForkedBooter.main(ForkedBooter.java:495)
Caused by: java.io.IOException: Error while instrumenting jdk/internal/org/jline/JdkConsoleProviderImpl with JaCoCo 0.8.11.202310140853/f33756c.
	at org.jacoco.agent.rt.internal_4742761.core.instr.Instrumenter.instrumentError(Instrumenter.java:161)
	at org.jacoco.agent.rt.internal_4742761.core.instr.Instrumenter.instrument(Instrumenter.java:111)
	at org.jacoco.agent.rt.internal_4742761.CoverageTransformer.transform(CoverageTransformer.java:92)
	... 115 more
Caused by: java.lang.IllegalArgumentException: Unsupported class file major version 67
	at org.jacoco.agent.rt.internal_4742761.asm.ClassReader.<init>(ClassReader.java:200)
	at org.jacoco.agent.rt.internal_4742761.asm.ClassReader.<init>(ClassReader.java:180)
	at org.jacoco.agent.rt.internal_4742761.asm.ClassReader.<init>(ClassReader.java:166)
	at org.jacoco.agent.rt.internal_4742761.core.internal.instr.InstrSupport.classReaderFor(InstrSupport.java:280)
	at org.jacoco.agent.rt.internal_4742761.core.instr.Instrumenter.instrument(Instrumenter.java:77)
	at org.jacoco.agent.rt.internal_4742761.core.instr.Instrumenter.instrument(Instrumenter.java:109)
	... 116 more
java.lang.instrument.IllegalClassFormatException: Error while instrumenting jdk/internal/org/jline/JdkConsoleProviderImpl$LazyDelegatingJdkConsoleImpl with JaCoCo 0.8.11.202310140853/f33756c.
	at org.jacoco.agent.rt.internal_4742761.CoverageTransformer.transform(CoverageTransformer.java:94)
	at java.instrument/java.lang.instrument.ClassFileTransformer.transform(ClassFileTransformer.java:242)
	at java.instrument/sun.instrument.TransformerManager.transform(TransformerManager.java:188)
	at java.instrument/sun.instrument.InstrumentationImpl.transform(InstrumentationImpl.java:610)
	at java.base/java.lang.ClassLoader.defineClass2(Native Method)
	at java.base/java.lang.ClassLoader.defineClass(ClassLoader.java:1116)
	at java.base/java.security.SecureClassLoader.defineClass(SecureClassLoader.java:182)
	at java.base/jdk.internal.loader.BuiltinClassLoader.defineClass(BuiltinClassLoader.java:821)
	at java.base/jdk.internal.loader.BuiltinClassLoader.findClassInModuleOrNull(BuiltinClassLoader.java:741)
	at java.base/jdk.internal.loader.BuiltinClassLoader.loadClassOrNull(BuiltinClassLoader.java:665)
	at java.base/jdk.internal.loader.BuiltinClassLoader.loadClass(BuiltinClassLoader.java:639)
	at java.base/jdk.internal.loader.ClassLoaders$AppClassLoader.loadClass(ClassLoaders.java:188)
	at java.base/java.lang.ClassLoader.loadClass(ClassLoader.java:528)
	at jdk.internal.le/jdk.internal.org.jline.JdkConsoleProviderImpl.console(JdkConsoleProviderImpl.java:53)
	at java.base/java.io.Console$2.run(Console.java:670)
	at java.base/java.io.Console$2.run(Console.java:663)
	at java.base/java.security.AccessController.doPrivileged(AccessController.java:319)
	at java.base/java.io.Console.instantiateConsole(Console.java:663)
	at java.base/java.io.Console.<clinit>(Console.java:639)
	at java.base/jdk.internal.misc.Unsafe.ensureClassInitialized0(Native Method)
	at java.base/jdk.internal.misc.Unsafe.ensureClassInitialized(Unsafe.java:1161)
	at java.base/java.lang.invoke.MethodHandles$Lookup.ensureInitialized(MethodHandles.java:2897)
	at java.base/jdk.internal.access.SharedSecrets.ensureClassInitialized(SharedSecrets.java:536)
	at java.base/jdk.internal.access.SharedSecrets.getJavaIOAccess(SharedSecrets.java:279)
	at java.base/java.lang.System.console(System.java:304)
	at org.springframework.boot.ansi.AnsiOutput.detectIfAnsiCapable(AnsiOutput.java:155)
	at org.springframework.boot.ansi.AnsiOutput.isEnabled(AnsiOutput.java:143)
	at org.springframework.boot.ansi.AnsiOutput.toString(AnsiOutput.java:94)
	at org.springframework.boot.SpringBootBanner.printBanner(SpringBootBanner.java:54)
	at org.springframework.boot.SpringApplicationBannerPrinter.print(SpringApplicationBannerPrinter.java:67)
	at org.springframework.boot.SpringApplication.printBanner(SpringApplication.java:578)
	at org.springframework.boot.SpringApplication.run(SpringApplication.java:330)
	at org.springframework.boot.test.context.SpringBootContextLoader.lambda$loadContext$3(SpringBootContextLoader.java:137)
	at org.springframework.util.function.ThrowingSupplier.get(ThrowingSupplier.java:58)
	at org.springframework.util.function.ThrowingSupplier.get(ThrowingSupplier.java:46)
	at org.springframework.boot.SpringApplication.withHook(SpringApplication.java:1454)
	at org.springframework.boot.test.context.SpringBootContextLoader$ContextLoaderHook.run(SpringBootContextLoader.java:552)
	at org.springframework.boot.test.context.SpringBootContextLoader.loadContext(SpringBootContextLoader.java:137)
	at org.springframework.boot.test.context.SpringBootContextLoader.loadContext(SpringBootContextLoader.java:108)
	at org.springframework.test.context.cache.DefaultCacheAwareContextLoaderDelegate.loadContextInternal(DefaultCacheAwareContextLoaderDelegate.java:225)
	at org.springframework.test.context.cache.DefaultCacheAwareContextLoaderDelegate.loadContext(DefaultCacheAwareContextLoaderDelegate.java:152)
	at org.springframework.test.context.support.DefaultTestContext.getApplicationContext(DefaultTestContext.java:130)
	at org.springframework.test.context.web.ServletTestExecutionListener.setUpRequestContextIfNecessary(ServletTestExecutionListener.java:191)
	at org.springframework.test.context.web.ServletTestExecutionListener.prepareTestInstance(ServletTestExecutionListener.java:130)
	at org.springframework.test.context.TestContextManager.prepareTestInstance(TestContextManager.java:260)
	at org.springframework.test.context.junit.jupiter.SpringExtension.postProcessTestInstance(SpringExtension.java:163)
	at org.junit.jupiter.engine.descriptor.ClassBasedTestDescriptor.lambda$invokeTestInstancePostProcessors$10(ClassBasedTestDescriptor.java:378)
	at org.junit.jupiter.engine.descriptor.ClassBasedTestDescriptor.executeAndMaskThrowable(ClassBasedTestDescriptor.java:383)
	at org.junit.jupiter.engine.descriptor.ClassBasedTestDescriptor.lambda$invokeTestInstancePostProcessors$11(ClassBasedTestDescriptor.java:378)
	at java.base/java.util.stream.ReferencePipeline$3$1.accept(ReferencePipeline.java:215)
	at java.base/java.util.stream.ReferencePipeline$2$1.accept(ReferencePipeline.java:197)
	at java.base/java.util.ArrayList$ArrayListSpliterator.forEachRemaining(ArrayList.java:1709)
	at java.base/java.util.stream.AbstractPipeline.copyInto(AbstractPipeline.java:570)
	at java.base/java.util.stream.AbstractPipeline.wrapAndCopyInto(AbstractPipeline.java:560)
	at java.base/java.util.stream.StreamSpliterators$WrappingSpliterator.forEachRemaining(StreamSpliterators.java:315)
	at java.base/java.util.stream.Streams$ConcatSpliterator.forEachRemaining(Streams.java:735)
	at java.base/java.util.stream.Streams$ConcatSpliterator.forEachRemaining(Streams.java:734)
	at java.base/java.util.stream.ReferencePipeline$Head.forEach(ReferencePipeline.java:807)
	at org.junit.jupiter.engine.descriptor.ClassBasedTestDescriptor.invokeTestInstancePostProcessors(ClassBasedTestDescriptor.java:377)
	at org.junit.jupiter.engine.descriptor.ClassBasedTestDescriptor.lambda$instantiateAndPostProcessTestInstance$6(ClassBasedTestDescriptor.java:290)
	at org.junit.platform.engine.support.hierarchical.ThrowableCollector.execute(ThrowableCollector.java:73)
	at org.junit.jupiter.engine.descriptor.ClassBasedTestDescriptor.instantiateAndPostProcessTestInstance(ClassBasedTestDescriptor.java:289)
	at org.junit.jupiter.engine.descriptor.ClassBasedTestDescriptor.lambda$testInstancesProvider$4(ClassBasedTestDescriptor.java:279)
	at java.base/java.util.Optional.orElseGet(Optional.java:364)
	at org.junit.jupiter.engine.descriptor.ClassBasedTestDescriptor.lambda$testInstancesProvider$5(ClassBasedTestDescriptor.java:278)
	at org.junit.jupiter.engine.execution.TestInstancesProvider.getTestInstances(TestInstancesProvider.java:31)
	at org.junit.jupiter.engine.descriptor.TestMethodTestDescriptor.lambda$prepare$0(TestMethodTestDescriptor.java:106)
	at org.junit.platform.engine.support.hierarchical.ThrowableCollector.execute(ThrowableCollector.java:73)
	at org.junit.jupiter.engine.descriptor.TestMethodTestDescriptor.prepare(TestMethodTestDescriptor.java:105)
	at org.junit.jupiter.engine.descriptor.TestMethodTestDescriptor.prepare(TestMethodTestDescriptor.java:69)
	at org.junit.platform.engine.support.hierarchical.NodeTestTask.lambda$prepare$2(NodeTestTask.java:123)
	at org.junit.platform.engine.support.hierarchical.ThrowableCollector.execute(ThrowableCollector.java:73)
	at org.junit.platform.engine.support.hierarchical.NodeTestTask.prepare(NodeTestTask.java:123)
	at org.junit.platform.engine.support.hierarchical.NodeTestTask.execute(NodeTestTask.java:90)
	at java.base/java.util.ArrayList.forEach(ArrayList.java:1597)
	at org.junit.platform.engine.support.hierarchical.SameThreadHierarchicalTestExecutorService.invokeAll(SameThreadHierarchicalTestExecutorService.java:41)
	at org.junit.platform.engine.support.hierarchical.NodeTestTask.lambda$executeRecursively$6(NodeTestTask.java:155)
	at org.junit.platform.engine.support.hierarchical.ThrowableCollector.execute(ThrowableCollector.java:73)
	at org.junit.platform.engine.support.hierarchical.NodeTestTask.lambda$executeRecursively$8(NodeTestTask.java:141)
	at org.junit.platform.engine.support.hierarchical.Node.around(Node.java:137)
	at org.junit.platform.engine.support.hierarchical.NodeTestTask.lambda$executeRecursively$9(NodeTestTask.java:139)
	at org.junit.platform.engine.support.hierarchical.ThrowableCollector.execute(ThrowableCollector.java:73)
	at org.junit.platform.engine.support.hierarchical.NodeTestTask.executeRecursively(NodeTestTask.java:138)
	at org.junit.platform.engine.support.hierarchical.NodeTestTask.execute(NodeTestTask.java:95)
	at java.base/java.util.ArrayList.forEach(ArrayList.java:1597)
	at org.junit.platform.engine.support.hierarchical.SameThreadHierarchicalTestExecutorService.invokeAll(SameThreadHierarchicalTestExecutorService.java:41)
	at org.junit.platform.engine.support.hierarchical.NodeTestTask.lambda$executeRecursively$6(NodeTestTask.java:155)
	at org.junit.platform.engine.support.hierarchical.ThrowableCollector.execute(ThrowableCollector.java:73)
	at org.junit.platform.engine.support.hierarchical.NodeTestTask.lambda$executeRecursively$8(NodeTestTask.java:141)
	at org.junit.platform.engine.support.hierarchical.Node.around(Node.java:137)
	at org.junit.platform.engine.support.hierarchical.NodeTestTask.lambda$executeRecursively$9(NodeTestTask.java:139)
	at org.junit.platform.engine.support.hierarchical.ThrowableCollector.execute(ThrowableCollector.java:73)
	at org.junit.platform.engine.support.hierarchical.NodeTestTask.executeRecursively(NodeTestTask.java:138)
	at org.junit.platform.engine.support.hierarchical.NodeTestTask.execute(NodeTestTask.java:95)
	at org.junit.platform.engine.support.hierarchical.SameThreadHierarchicalTestExecutorService.submit(SameThreadHierarchicalTestExecutorService.java:35)
	at org.junit.platform.engine.support.hierarchical.HierarchicalTestExecutor.execute(HierarchicalTestExecutor.java:57)
	at org.junit.platform.engine.support.hierarchical.HierarchicalTestEngine.execute(HierarchicalTestEngine.java:54)
	at org.junit.platform.launcher.core.EngineExecutionOrchestrator.execute(EngineExecutionOrchestrator.java:198)
	at org.junit.platform.launcher.core.EngineExecutionOrchestrator.execute(EngineExecutionOrchestrator.java:169)
	at org.junit.platform.launcher.core.EngineExecutionOrchestrator.execute(EngineExecutionOrchestrator.java:93)
	at org.junit.platform.launcher.core.EngineExecutionOrchestrator.lambda$execute$0(EngineExecutionOrchestrator.java:58)
	at org.junit.platform.launcher.core.EngineExecutionOrchestrator.withInterceptedStreams(EngineExecutionOrchestrator.java:141)
	at org.junit.platform.launcher.core.EngineExecutionOrchestrator.execute(EngineExecutionOrchestrator.java:57)
	at org.junit.platform.launcher.core.DefaultLauncher.execute(DefaultLauncher.java:103)
	at org.junit.platform.launcher.core.DefaultLauncher.execute(DefaultLauncher.java:85)
	at org.junit.platform.launcher.core.DelegatingLauncher.execute(DelegatingLauncher.java:47)
	at org.apache.maven.surefire.junitplatform.LazyLauncher.execute(LazyLauncher.java:56)
	at org.apache.maven.surefire.junitplatform.JUnitPlatformProvider.execute(JUnitPlatformProvider.java:184)
	at org.apache.maven.surefire.junitplatform.JUnitPlatformProvider.invokeAllTests(JUnitPlatformProvider.java:148)
	at org.apache.maven.surefire.junitplatform.JUnitPlatformProvider.invoke(JUnitPlatformProvider.java:122)
	at org.apache.maven.surefire.booter.ForkedBooter.runSuitesInProcess(ForkedBooter.java:385)
	at org.apache.maven.surefire.booter.ForkedBooter.execute(ForkedBooter.java:162)
	at org.apache.maven.surefire.booter.ForkedBooter.run(ForkedBooter.java:507)
	at org.apache.maven.surefire.booter.ForkedBooter.main(ForkedBooter.java:495)
Caused by: java.io.IOException: Error while instrumenting jdk/internal/org/jline/JdkConsoleProviderImpl$LazyDelegatingJdkConsoleImpl with JaCoCo 0.8.11.202310140853/f33756c.
	at org.jacoco.agent.rt.internal_4742761.core.instr.Instrumenter.instrumentError(Instrumenter.java:161)
	at org.jacoco.agent.rt.internal_4742761.core.instr.Instrumenter.instrument(Instrumenter.java:111)
	at org.jacoco.agent.rt.internal_4742761.CoverageTransformer.transform(CoverageTransformer.java:92)
	... 113 more
Caused by: java.lang.IllegalArgumentException: Unsupported class file major version 67
	at org.jacoco.agent.rt.internal_4742761.asm.ClassReader.<init>(ClassReader.java:200)
	at org.jacoco.agent.rt.internal_4742761.asm.ClassReader.<init>(ClassReader.java:180)
	at org.jacoco.agent.rt.internal_4742761.asm.ClassReader.<init>(ClassReader.java:166)
	at org.jacoco.agent.rt.internal_4742761.core.internal.instr.InstrSupport.classReaderFor(InstrSupport.java:280)
	at org.jacoco.agent.rt.internal_4742761.core.instr.Instrumenter.instrument(Instrumenter.java:77)
	at org.jacoco.agent.rt.internal_4742761.core.instr.Instrumenter.instrument(Instrumenter.java:109)
	... 114 more
java.lang.instrument.IllegalClassFormatException: Error while instrumenting sun/util/resources/cldr/provider/CLDRLocaleDataMetaInfo with JaCoCo 0.8.11.202310140853/f33756c.
	at org.jacoco.agent.rt.internal_4742761.CoverageTransformer.transform(CoverageTransformer.java:94)
	at java.instrument/java.lang.instrument.ClassFileTransformer.transform(ClassFileTransformer.java:242)
	at java.instrument/sun.instrument.TransformerManager.transform(TransformerManager.java:188)
	at java.instrument/sun.instrument.InstrumentationImpl.transform(InstrumentationImpl.java:610)
	at java.base/java.lang.ClassLoader.defineClass2(Native Method)
	at java.base/java.lang.ClassLoader.defineClass(ClassLoader.java:1116)
	at java.base/java.security.SecureClassLoader.defineClass(SecureClassLoader.java:182)
	at java.base/jdk.internal.loader.BuiltinClassLoader.defineClass(BuiltinClassLoader.java:821)
	at java.base/jdk.internal.loader.BuiltinClassLoader.findClassInModuleOrNull(BuiltinClassLoader.java:741)
	at java.base/jdk.internal.loader.BuiltinClassLoader.findClass(BuiltinClassLoader.java:621)
	at java.base/java.lang.ClassLoader.loadClass(ClassLoader.java:640)
	at java.base/java.lang.Class.forName(Class.java:669)
	at java.base/java.lang.Class.forName(Class.java:644)
	at java.base/java.util.ServiceLoader.loadProvider(ServiceLoader.java:855)
	at java.base/java.util.ServiceLoader$ModuleServicesLookupIterator.hasNext(ServiceLoader.java:1080)
	at java.base/java.util.ServiceLoader$2.hasNext(ServiceLoader.java:1305)
	at java.base/java.util.ServiceLoader$3.hasNext(ServiceLoader.java:1387)
	at java.base/sun.util.cldr.CLDRLocaleProviderAdapter.lambda$new$0(CLDRLocaleProviderAdapter.java:84)
	at java.base/java.security.AccessController.doPrivileged(AccessController.java:571)
	at java.base/sun.util.cldr.CLDRLocaleProviderAdapter.<init>(CLDRLocaleProviderAdapter.java:83)
	at java.base/jdk.internal.reflect.DirectConstructorHandleAccessor.newInstance(DirectConstructorHandleAccessor.java:62)
	at java.base/java.lang.reflect.Constructor.newInstanceWithCaller(Constructor.java:501)
	at java.base/java.lang.reflect.Constructor.newInstance(Constructor.java:485)
	at java.base/sun.util.locale.provider.LocaleProviderAdapter.forType(LocaleProviderAdapter.java:182)
	at java.base/sun.util.locale.provider.LocaleProviderAdapter.findAdapter(LocaleProviderAdapter.java:281)
	at java.base/sun.util.locale.provider.LocaleProviderAdapter.getAdapter(LocaleProviderAdapter.java:252)
	at java.base/java.util.Calendar.createCalendar(Calendar.java:1698)
	at java.base/java.util.Calendar.getInstance(Calendar.java:1665)
	at java.base/java.text.SimpleDateFormat.initializeCalendar(SimpleDateFormat.java:680)
	at java.base/java.text.SimpleDateFormat.<init>(SimpleDateFormat.java:624)
	at com.fasterxml.jackson.databind.util.StdDateFormat.<clinit>(StdDateFormat.java:116)
	at com.fasterxml.jackson.databind.ObjectMapper.<clinit>(ObjectMapper.java:384)
	at org.springframework.http.converter.json.Jackson2ObjectMapperBuilder.build(Jackson2ObjectMapperBuilder.java:702)
	at org.springframework.http.converter.json.MappingJackson2HttpMessageConverter.<init>(MappingJackson2HttpMessageConverter.java:63)
	at org.springframework.http.converter.support.AllEncompassingFormHttpMessageConverter.<init>(AllEncompassingFormHttpMessageConverter.java:85)
	at org.springframework.boot.autoconfigure.BackgroundPreinitializer$MessageConverterInitializer.run(BackgroundPreinitializer.java:146)
	at org.springframework.boot.autoconfigure.BackgroundPreinitializer$1.runSafely(BackgroundPreinitializer.java:120)
	at org.springframework.boot.autoconfigure.BackgroundPreinitializer$1.run(BackgroundPreinitializer.java:106)
	at java.base/java.lang.Thread.run(Thread.java:1575)
Caused by: java.io.IOException: Error while instrumenting sun/util/resources/cldr/provider/CLDRLocaleDataMetaInfo with JaCoCo 0.8.11.202310140853/f33756c.
	at org.jacoco.agent.rt.internal_4742761.core.instr.Instrumenter.instrumentError(Instrumenter.java:161)
	at org.jacoco.agent.rt.internal_4742761.core.instr.Instrumenter.instrument(Instrumenter.java:111)
	at org.jacoco.agent.rt.internal_4742761.CoverageTransformer.transform(CoverageTransformer.java:92)
	... 38 more
Caused by: java.lang.IllegalArgumentException: Unsupported class file major version 67
	at org.jacoco.agent.rt.internal_4742761.asm.ClassReader.<init>(ClassReader.java:200)
	at org.jacoco.agent.rt.internal_4742761.asm.ClassReader.<init>(ClassReader.java:180)
	at org.jacoco.agent.rt.internal_4742761.asm.ClassReader.<init>(ClassReader.java:166)
	at org.jacoco.agent.rt.internal_4742761.core.internal.instr.InstrSupport.classReaderFor(InstrSupport.java:280)
	at org.jacoco.agent.rt.internal_4742761.core.instr.Instrumenter.instrument(Instrumenter.java:77)
	at org.jacoco.agent.rt.internal_4742761.core.instr.Instrumenter.instrument(Instrumenter.java:109)
	... 39 more
java.lang.instrument.IllegalClassFormatException: Error while instrumenting javax/sql/DataSource with JaCoCo 0.8.11.202310140853/f33756c.
	at org.jacoco.agent.rt.internal_4742761.CoverageTransformer.transform(CoverageTransformer.java:94)
	at java.instrument/java.lang.instrument.ClassFileTransformer.transform(ClassFileTransformer.java:242)
	at java.instrument/sun.instrument.TransformerManager.transform(TransformerManager.java:188)
	at java.instrument/sun.instrument.InstrumentationImpl.transform(InstrumentationImpl.java:610)
	at java.base/java.lang.ClassLoader.defineClass2(Native Method)
	at java.base/java.lang.ClassLoader.defineClass(ClassLoader.java:1116)
	at java.base/java.security.SecureClassLoader.defineClass(SecureClassLoader.java:182)
	at java.base/jdk.internal.loader.BuiltinClassLoader.defineClass(BuiltinClassLoader.java:821)
	at java.base/jdk.internal.loader.BuiltinClassLoader.findClassInModuleOrNull(BuiltinClassLoader.java:741)
	at java.base/jdk.internal.loader.BuiltinClassLoader.loadClassOrNull(BuiltinClassLoader.java:665)
	at java.base/jdk.internal.loader.BuiltinClassLoader.loadClassOrNull(BuiltinClassLoader.java:700)
	at java.base/jdk.internal.loader.BuiltinClassLoader.loadClassOrNull(BuiltinClassLoader.java:669)
	at java.base/jdk.internal.loader.BuiltinClassLoader.loadClass(BuiltinClassLoader.java:639)
	at java.base/jdk.internal.loader.ClassLoaders$AppClassLoader.loadClass(ClassLoaders.java:188)
	at java.base/java.lang.ClassLoader.loadClass(ClassLoader.java:528)
	at java.base/java.lang.Class.forName0(Native Method)
	at java.base/java.lang.Class.forName(Class.java:578)
	at java.base/java.lang.Class.forName(Class.java:557)
	at org.springframework.boot.autoconfigure.condition.FilteringSpringBootCondition.resolve(FilteringSpringBootCondition.java:108)
	at org.springframework.boot.autoconfigure.condition.FilteringSpringBootCondition$ClassNameFilter.isPresent(FilteringSpringBootCondition.java:140)
	at org.springframework.boot.autoconfigure.condition.FilteringSpringBootCondition$ClassNameFilter$2.matches(FilteringSpringBootCondition.java:128)
	at org.springframework.boot.autoconfigure.condition.OnClassCondition$StandardOutcomesResolver.getOutcome(OnClassCondition.java:223)
	at org.springframework.boot.autoconfigure.condition.OnClassCondition$StandardOutcomesResolver.getOutcome(OnClassCondition.java:210)
	at org.springframework.boot.autoconfigure.condition.OnClassCondition$StandardOutcomesResolver.getOutcomes(OnClassCondition.java:197)
	at org.springframework.boot.autoconfigure.condition.OnClassCondition$StandardOutcomesResolver.resolveOutcomes(OnClassCondition.java:186)
	at org.springframework.boot.autoconfigure.condition.OnClassCondition$ThreadedOutcomesResolver.lambda$new$0(OnClassCondition.java:146)
	at java.base/java.lang.Thread.run(Thread.java:1575)
Caused by: java.io.IOException: Error while instrumenting javax/sql/DataSource with JaCoCo 0.8.11.202310140853/f33756c.
	at org.jacoco.agent.rt.internal_4742761.core.instr.Instrumenter.instrumentError(Instrumenter.java:161)
	at org.jacoco.agent.rt.internal_4742761.core.instr.Instrumenter.instrument(Instrumenter.java:111)
	at org.jacoco.agent.rt.internal_4742761.CoverageTransformer.transform(CoverageTransformer.java:92)
	... 26 more
Caused by: java.lang.IllegalArgumentException: Unsupported class file major version 67
	at org.jacoco.agent.rt.internal_4742761.asm.ClassReader.<init>(ClassReader.java:200)
	at org.jacoco.agent.rt.internal_4742761.asm.ClassReader.<init>(ClassReader.java:180)
	at org.jacoco.agent.rt.internal_4742761.asm.ClassReader.<init>(ClassReader.java:166)
	at org.jacoco.agent.rt.internal_4742761.core.internal.instr.InstrSupport.classReaderFor(InstrSupport.java:280)
	at org.jacoco.agent.rt.internal_4742761.core.instr.Instrumenter.instrument(Instrumenter.java:77)
	at org.jacoco.agent.rt.internal_4742761.core.instr.Instrumenter.instrument(Instrumenter.java:109)
	... 27 more
java.lang.instrument.IllegalClassFormatException: Error while instrumenting javax/sql/CommonDataSource with JaCoCo 0.8.11.202310140853/f33756c.
	at org.jacoco.agent.rt.internal_4742761.CoverageTransformer.transform(CoverageTransformer.java:94)
	at java.instrument/java.lang.instrument.ClassFileTransformer.transform(ClassFileTransformer.java:242)
	at java.instrument/sun.instrument.TransformerManager.transform(TransformerManager.java:188)
	at java.instrument/sun.instrument.InstrumentationImpl.transform(InstrumentationImpl.java:610)
	at java.base/java.lang.ClassLoader.defineClass2(Native Method)
	at java.base/java.lang.ClassLoader.defineClass(ClassLoader.java:1116)
	at java.base/java.security.SecureClassLoader.defineClass(SecureClassLoader.java:182)
	at java.base/jdk.internal.loader.BuiltinClassLoader.defineClass(BuiltinClassLoader.java:821)
	at java.base/jdk.internal.loader.BuiltinClassLoader.findClassInModuleOrNull(BuiltinClassLoader.java:741)
	at java.base/jdk.internal.loader.BuiltinClassLoader.loadClassOrNull(BuiltinClassLoader.java:665)
	at java.base/jdk.internal.loader.BuiltinClassLoader.loadClass(BuiltinClassLoader.java:639)
	at java.base/java.lang.ClassLoader.loadClass(ClassLoader.java:528)
	at java.base/java.lang.ClassLoader.defineClass2(Native Method)
	at java.base/java.lang.ClassLoader.defineClass(ClassLoader.java:1116)
	at java.base/java.security.SecureClassLoader.defineClass(SecureClassLoader.java:182)
	at java.base/jdk.internal.loader.BuiltinClassLoader.defineClass(BuiltinClassLoader.java:821)
	at java.base/jdk.internal.loader.BuiltinClassLoader.findClassInModuleOrNull(BuiltinClassLoader.java:741)
	at java.base/jdk.internal.loader.BuiltinClassLoader.loadClassOrNull(BuiltinClassLoader.java:665)
	at java.base/jdk.internal.loader.BuiltinClassLoader.loadClassOrNull(BuiltinClassLoader.java:700)
	at java.base/jdk.internal.loader.BuiltinClassLoader.loadClassOrNull(BuiltinClassLoader.java:669)
	at java.base/jdk.internal.loader.BuiltinClassLoader.loadClass(BuiltinClassLoader.java:639)
	at java.base/jdk.internal.loader.ClassLoaders$AppClassLoader.loadClass(ClassLoaders.java:188)
	at java.base/java.lang.ClassLoader.loadClass(ClassLoader.java:528)
	at java.base/java.lang.Class.forName0(Native Method)
	at java.base/java.lang.Class.forName(Class.java:578)
	at java.base/java.lang.Class.forName(Class.java:557)
	at org.springframework.boot.autoconfigure.condition.FilteringSpringBootCondition.resolve(FilteringSpringBootCondition.java:108)
	at org.springframework.boot.autoconfigure.condition.FilteringSpringBootCondition$ClassNameFilter.isPresent(FilteringSpringBootCondition.java:140)
	at org.springframework.boot.autoconfigure.condition.FilteringSpringBootCondition$ClassNameFilter$2.matches(FilteringSpringBootCondition.java:128)
	at org.springframework.boot.autoconfigure.condition.OnClassCondition$StandardOutcomesResolver.getOutcome(OnClassCondition.java:223)
	at org.springframework.boot.autoconfigure.condition.OnClassCondition$StandardOutcomesResolver.getOutcome(OnClassCondition.java:210)
	at org.springframework.boot.autoconfigure.condition.OnClassCondition$StandardOutcomesResolver.getOutcomes(OnClassCondition.java:197)
	at org.springframework.boot.autoconfigure.condition.OnClassCondition$StandardOutcomesResolver.resolveOutcomes(OnClassCondition.java:186)
	at org.springframework.boot.autoconfigure.condition.OnClassCondition$ThreadedOutcomesResolver.lambda$new$0(OnClassCondition.java:146)
	at java.base/java.lang.Thread.run(Thread.java:1575)
Caused by: java.io.IOException: Error while instrumenting javax/sql/CommonDataSource with JaCoCo 0.8.11.202310140853/f33756c.
	at org.jacoco.agent.rt.internal_4742761.core.instr.Instrumenter.instrumentError(Instrumenter.java:161)
	at org.jacoco.agent.rt.internal_4742761.core.instr.Instrumenter.instrument(Instrumenter.java:111)
	at org.jacoco.agent.rt.internal_4742761.CoverageTransformer.transform(CoverageTransformer.java:92)
	... 34 more
Caused by: java.lang.IllegalArgumentException: Unsupported class file major version 67
	at org.jacoco.agent.rt.internal_4742761.asm.ClassReader.<init>(ClassReader.java:200)
	at org.jacoco.agent.rt.internal_4742761.asm.ClassReader.<init>(ClassReader.java:180)
	at org.jacoco.agent.rt.internal_4742761.asm.ClassReader.<init>(ClassReader.java:166)
	at org.jacoco.agent.rt.internal_4742761.core.internal.instr.InstrSupport.classReaderFor(InstrSupport.java:280)
	at org.jacoco.agent.rt.internal_4742761.core.instr.Instrumenter.instrument(Instrumenter.java:77)
	at org.jacoco.agent.rt.internal_4742761.core.instr.Instrumenter.instrument(Instrumenter.java:109)
	... 35 more
java.lang.instrument.IllegalClassFormatException: Error while instrumenting java/sql/Wrapper with JaCoCo 0.8.11.202310140853/f33756c.
	at org.jacoco.agent.rt.internal_4742761.CoverageTransformer.transform(CoverageTransformer.java:94)
	at java.instrument/java.lang.instrument.ClassFileTransformer.transform(ClassFileTransformer.java:242)
	at java.instrument/sun.instrument.TransformerManager.transform(TransformerManager.java:188)
	at java.instrument/sun.instrument.InstrumentationImpl.transform(InstrumentationImpl.java:610)
	at java.base/java.lang.ClassLoader.defineClass2(Native Method)
	at java.base/java.lang.ClassLoader.defineClass(ClassLoader.java:1116)
	at java.base/java.security.SecureClassLoader.defineClass(SecureClassLoader.java:182)
	at java.base/jdk.internal.loader.BuiltinClassLoader.defineClass(BuiltinClassLoader.java:821)
	at java.base/jdk.internal.loader.BuiltinClassLoader.findClassInModuleOrNull(BuiltinClassLoader.java:741)
	at java.base/jdk.internal.loader.BuiltinClassLoader.loadClassOrNull(BuiltinClassLoader.java:665)
	at java.base/jdk.internal.loader.BuiltinClassLoader.loadClass(BuiltinClassLoader.java:639)
	at java.base/java.lang.ClassLoader.loadClass(ClassLoader.java:528)
	at java.base/java.lang.ClassLoader.defineClass2(Native Method)
	at java.base/java.lang.ClassLoader.defineClass(ClassLoader.java:1116)
	at java.base/java.security.SecureClassLoader.defineClass(SecureClassLoader.java:182)
	at java.base/jdk.internal.loader.BuiltinClassLoader.defineClass(BuiltinClassLoader.java:821)
	at java.base/jdk.internal.loader.BuiltinClassLoader.findClassInModuleOrNull(BuiltinClassLoader.java:741)
	at java.base/jdk.internal.loader.BuiltinClassLoader.loadClassOrNull(BuiltinClassLoader.java:665)
	at java.base/jdk.internal.loader.BuiltinClassLoader.loadClassOrNull(BuiltinClassLoader.java:700)
	at java.base/jdk.internal.loader.BuiltinClassLoader.loadClassOrNull(BuiltinClassLoader.java:669)
	at java.base/jdk.internal.loader.BuiltinClassLoader.loadClass(BuiltinClassLoader.java:639)
	at java.base/jdk.internal.loader.ClassLoaders$AppClassLoader.loadClass(ClassLoaders.java:188)
	at java.base/java.lang.ClassLoader.loadClass(ClassLoader.java:528)
	at java.base/java.lang.Class.forName0(Native Method)
	at java.base/java.lang.Class.forName(Class.java:578)
	at java.base/java.lang.Class.forName(Class.java:557)
	at org.springframework.boot.autoconfigure.condition.FilteringSpringBootCondition.resolve(FilteringSpringBootCondition.java:108)
	at org.springframework.boot.autoconfigure.condition.FilteringSpringBootCondition$ClassNameFilter.isPresent(FilteringSpringBootCondition.java:140)
	at org.springframework.boot.autoconfigure.condition.FilteringSpringBootCondition$ClassNameFilter$2.matches(FilteringSpringBootCondition.java:128)
	at org.springframework.boot.autoconfigure.condition.OnClassCondition$StandardOutcomesResolver.getOutcome(OnClassCondition.java:223)
	at org.springframework.boot.autoconfigure.condition.OnClassCondition$StandardOutcomesResolver.getOutcome(OnClassCondition.java:210)
	at org.springframework.boot.autoconfigure.condition.OnClassCondition$StandardOutcomesResolver.getOutcomes(OnClassCondition.java:197)
	at org.springframework.boot.autoconfigure.condition.OnClassCondition$StandardOutcomesResolver.resolveOutcomes(OnClassCondition.java:186)
	at org.springframework.boot.autoconfigure.condition.OnClassCondition$ThreadedOutcomesResolver.lambda$new$0(OnClassCondition.java:146)
	at java.base/java.lang.Thread.run(Thread.java:1575)
Caused by: java.io.IOException: Error while instrumenting java/sql/Wrapper with JaCoCo 0.8.11.202310140853/f33756c.
	at org.jacoco.agent.rt.internal_4742761.core.instr.Instrumenter.instrumentError(Instrumenter.java:161)
	at org.jacoco.agent.rt.internal_4742761.core.instr.Instrumenter.instrument(Instrumenter.java:111)
	at org.jacoco.agent.rt.internal_4742761.CoverageTransformer.transform(CoverageTransformer.java:92)
	... 34 more
Caused by: java.lang.IllegalArgumentException: Unsupported class file major version 67
	at org.jacoco.agent.rt.internal_4742761.asm.ClassReader.<init>(ClassReader.java:200)
	at org.jacoco.agent.rt.internal_4742761.asm.ClassReader.<init>(ClassReader.java:180)
	at org.jacoco.agent.rt.internal_4742761.asm.ClassReader.<init>(ClassReader.java:166)
	at org.jacoco.agent.rt.internal_4742761.core.internal.instr.InstrSupport.classReaderFor(InstrSupport.java:280)
	at org.jacoco.agent.rt.internal_4742761.core.instr.Instrumenter.instrument(Instrumenter.java:77)
	at org.jacoco.agent.rt.internal_4742761.core.instr.Instrumenter.instrument(Instrumenter.java:109)
	... 35 more
java.lang.instrument.IllegalClassFormatException: Error while instrumenting sun/util/resources/provider/NonBaseLocaleDataMetaInfo with JaCoCo 0.8.11.202310140853/f33756c.
	at org.jacoco.agent.rt.internal_4742761.CoverageTransformer.transform(CoverageTransformer.java:94)
	at java.instrument/java.lang.instrument.ClassFileTransformer.transform(ClassFileTransformer.java:242)
	at java.instrument/sun.instrument.TransformerManager.transform(TransformerManager.java:188)
	at java.instrument/sun.instrument.InstrumentationImpl.transform(InstrumentationImpl.java:610)
	at java.base/java.lang.ClassLoader.defineClass2(Native Method)
	at java.base/java.lang.ClassLoader.defineClass(ClassLoader.java:1116)
	at java.base/java.security.SecureClassLoader.defineClass(SecureClassLoader.java:182)
	at java.base/jdk.internal.loader.BuiltinClassLoader.defineClass(BuiltinClassLoader.java:821)
	at java.base/jdk.internal.loader.BuiltinClassLoader.findClassInModuleOrNull(BuiltinClassLoader.java:741)
	at java.base/jdk.internal.loader.BuiltinClassLoader.findClass(BuiltinClassLoader.java:621)
	at java.base/java.lang.ClassLoader.loadClass(ClassLoader.java:640)
	at java.base/java.lang.Class.forName(Class.java:669)
	at java.base/java.lang.Class.forName(Class.java:644)
	at java.base/java.util.ServiceLoader.loadProvider(ServiceLoader.java:855)
	at java.base/java.util.ServiceLoader$ModuleServicesLookupIterator.hasNext(ServiceLoader.java:1080)
	at java.base/java.util.ServiceLoader$2.hasNext(ServiceLoader.java:1305)
	at java.base/java.util.ServiceLoader$3.hasNext(ServiceLoader.java:1387)
	at java.base/sun.util.locale.provider.JRELocaleProviderAdapter.lambda$createSupportedLocaleString$13(JRELocaleProviderAdapter.java:469)
	at java.base/java.security.AccessController.doPrivileged(AccessController.java:571)
	at java.base/sun.util.locale.provider.JRELocaleProviderAdapter.createSupportedLocaleString(JRELocaleProviderAdapter.java:466)
	at java.base/sun.util.locale.provider.JRELocaleProviderAdapter.createLanguageTagSet(JRELocaleProviderAdapter.java:453)
	at java.base/sun.util.locale.provider.FallbackLocaleProviderAdapter.createLanguageTagSet(FallbackLocaleProviderAdapter.java:69)
	at java.base/sun.util.locale.provider.JRELocaleProviderAdapter.getLanguageTagSet(JRELocaleProviderAdapter.java:443)
	at java.base/sun.util.locale.provider.JRELocaleProviderAdapter.lambda$getTimeZoneNameProvider$8(JRELocaleProviderAdapter.java:302)
	at java.base/java.security.AccessController.doPrivileged(AccessController.java:319)
	at java.base/sun.util.locale.provider.JRELocaleProviderAdapter.getTimeZoneNameProvider(JRELocaleProviderAdapter.java:298)
	at java.base/sun.util.locale.provider.JRELocaleProviderAdapter.getLocaleServiceProvider(JRELocaleProviderAdapter.java:106)
	at java.base/sun.util.locale.provider.LocaleServiceProviderPool.findProviders(LocaleServiceProviderPool.java:313)
	at java.base/sun.util.locale.provider.LocaleServiceProviderPool.getLocalizedObjectImpl(LocaleServiceProviderPool.java:283)
	at java.base/sun.util.locale.provider.LocaleServiceProviderPool.getLocalizedObject(LocaleServiceProviderPool.java:245)
	at java.base/sun.util.locale.provider.TimeZoneNameUtility.retrieveDisplayNamesImpl(TimeZoneNameUtility.java:197)
	at java.base/sun.util.locale.provider.TimeZoneNameUtility.retrieveDisplayName(TimeZoneNameUtility.java:150)
	at java.base/java.util.TimeZone.getDisplayName(TimeZone.java:430)
	at java.base/java.text.SimpleDateFormat.subFormat(SimpleDateFormat.java:1306)
	at java.base/java.text.SimpleDateFormat.format(SimpleDateFormat.java:1001)
	at java.base/java.text.SimpleDateFormat.format(SimpleDateFormat.java:971)
	at java.base/java.text.DateFormat.format(DateFormat.java:382)
	at org.apache.tomcat.util.http.CookieProcessorBase.<clinit>(CookieProcessorBase.java:38)
	at org.springframework.boot.autoconfigure.BackgroundPreinitializer$TomcatInitializer.run(BackgroundPreinitializer.java:201)
	at org.springframework.boot.autoconfigure.BackgroundPreinitializer$1.runSafely(BackgroundPreinitializer.java:120)
	at org.springframework.boot.autoconfigure.BackgroundPreinitializer$1.run(BackgroundPreinitializer.java:113)
	at java.base/java.lang.Thread.run(Thread.java:1575)
Caused by: java.io.IOException: Error while instrumenting sun/util/resources/provider/NonBaseLocaleDataMetaInfo with JaCoCo 0.8.11.202310140853/f33756c.
	at org.jacoco.agent.rt.internal_4742761.core.instr.Instrumenter.instrumentError(Instrumenter.java:161)
	at org.jacoco.agent.rt.internal_4742761.core.instr.Instrumenter.instrument(Instrumenter.java:111)
	at org.jacoco.agent.rt.internal_4742761.CoverageTransformer.transform(CoverageTransformer.java:92)
	... 41 more
Caused by: java.lang.IllegalArgumentException: Unsupported class file major version 67
	at org.jacoco.agent.rt.internal_4742761.asm.ClassReader.<init>(ClassReader.java:200)
	at org.jacoco.agent.rt.internal_4742761.asm.ClassReader.<init>(ClassReader.java:180)
	at org.jacoco.agent.rt.internal_4742761.asm.ClassReader.<init>(ClassReader.java:166)
	at org.jacoco.agent.rt.internal_4742761.core.internal.instr.InstrSupport.classReaderFor(InstrSupport.java:280)
	at org.jacoco.agent.rt.internal_4742761.core.instr.Instrumenter.instrument(Instrumenter.java:77)
	at org.jacoco.agent.rt.internal_4742761.core.instr.Instrumenter.instrument(Instrumenter.java:109)
	... 42 more
java.lang.instrument.IllegalClassFormatException: Error while instrumenting org/jcp/xml/dsig/internal/dom/XMLDSigRI with JaCoCo 0.8.11.202310140853/f33756c.
	at org.jacoco.agent.rt.internal_4742761.CoverageTransformer.transform(CoverageTransformer.java:94)
	at java.instrument/java.lang.instrument.ClassFileTransformer.transform(ClassFileTransformer.java:242)
	at java.instrument/sun.instrument.TransformerManager.transform(TransformerManager.java:188)
	at java.instrument/sun.instrument.InstrumentationImpl.transform(InstrumentationImpl.java:610)
	at java.base/java.lang.ClassLoader.defineClass2(Native Method)
	at java.base/java.lang.ClassLoader.defineClass(ClassLoader.java:1116)
	at java.base/java.security.SecureClassLoader.defineClass(SecureClassLoader.java:182)
	at java.base/jdk.internal.loader.BuiltinClassLoader.defineClass(BuiltinClassLoader.java:821)
	at java.base/jdk.internal.loader.BuiltinClassLoader.findClassInModuleOrNull(BuiltinClassLoader.java:741)
	at java.base/jdk.internal.loader.BuiltinClassLoader.findClass(BuiltinClassLoader.java:621)
	at java.base/java.lang.ClassLoader.loadClass(ClassLoader.java:640)
	at java.base/java.lang.Class.forName(Class.java:669)
	at java.base/java.lang.Class.forName(Class.java:644)
	at java.base/java.util.ServiceLoader.loadProvider(ServiceLoader.java:855)
	at java.base/java.util.ServiceLoader$ModuleServicesLookupIterator.hasNext(ServiceLoader.java:1080)
	at java.base/java.util.ServiceLoader$2.hasNext(ServiceLoader.java:1305)
	at java.base/java.util.ServiceLoader$3.hasNext(ServiceLoader.java:1387)
	at java.base/sun.security.jca.ProviderConfig$ProviderLoader.load(ProviderConfig.java:349)
	at java.base/sun.security.jca.ProviderConfig$3.run(ProviderConfig.java:258)
	at java.base/sun.security.jca.ProviderConfig$3.run(ProviderConfig.java:252)
	at java.base/java.security.AccessController.doPrivileged(AccessController.java:319)
	at java.base/sun.security.jca.ProviderConfig.doLoadProvider(ProviderConfig.java:252)
	at java.base/sun.security.jca.ProviderConfig.getProvider(ProviderConfig.java:229)
	at java.base/sun.security.jca.ProviderList.loadAll(ProviderList.java:320)
	at java.base/sun.security.jca.ProviderList.removeInvalid(ProviderList.java:337)
	at java.base/sun.security.jca.Providers.getFullProviderList(Providers.java:186)
	at java.base/java.security.Security.getProviders(Security.java:434)
	at java.base/java.security.Security.getAlgorithms(Security.java:976)
	at org.apache.catalina.util.SessionIdGeneratorBase.<clinit>(SessionIdGeneratorBase.java:49)
	at org.apache.catalina.authenticator.AuthenticatorBase.<init>(AuthenticatorBase.java:189)
	at org.apache.catalina.authenticator.NonLoginAuthenticator.<init>(NonLoginAuthenticator.java:31)
	at org.springframework.boot.autoconfigure.BackgroundPreinitializer$TomcatInitializer.run(BackgroundPreinitializer.java:202)
	at org.springframework.boot.autoconfigure.BackgroundPreinitializer$1.runSafely(BackgroundPreinitializer.java:120)
	at org.springframework.boot.autoconfigure.BackgroundPreinitializer$1.run(BackgroundPreinitializer.java:113)
	at java.base/java.lang.Thread.run(Thread.java:1575)
Caused by: java.io.IOException: Error while instrumenting org/jcp/xml/dsig/internal/dom/XMLDSigRI with JaCoCo 0.8.11.202310140853/f33756c.
	at org.jacoco.agent.rt.internal_4742761.core.instr.Instrumenter.instrumentError(Instrumenter.java:161)
	at org.jacoco.agent.rt.internal_4742761.core.instr.Instrumenter.instrument(Instrumenter.java:111)
	at org.jacoco.agent.rt.internal_4742761.CoverageTransformer.transform(CoverageTransformer.java:92)
	... 34 more
Caused by: java.lang.IllegalArgumentException: Unsupported class file major version 67
	at org.jacoco.agent.rt.internal_4742761.asm.ClassReader.<init>(ClassReader.java:200)
	at org.jacoco.agent.rt.internal_4742761.asm.ClassReader.<init>(ClassReader.java:180)
	at org.jacoco.agent.rt.internal_4742761.asm.ClassReader.<init>(ClassReader.java:166)
	at org.jacoco.agent.rt.internal_4742761.core.internal.instr.InstrSupport.classReaderFor(InstrSupport.java:280)
	at org.jacoco.agent.rt.internal_4742761.core.instr.Instrumenter.instrument(Instrumenter.java:77)
	at org.jacoco.agent.rt.internal_4742761.core.instr.Instrumenter.instrument(Instrumenter.java:109)
	... 35 more
java.lang.instrument.IllegalClassFormatException: Error while instrumenting org/jcp/xml/dsig/internal/dom/XMLDSigRI$1 with JaCoCo 0.8.11.202310140853/f33756c.
	at org.jacoco.agent.rt.internal_4742761.CoverageTransformer.transform(CoverageTransformer.java:94)
	at java.instrument/java.lang.instrument.ClassFileTransformer.transform(ClassFileTransformer.java:242)
	at java.instrument/sun.instrument.TransformerManager.transform(TransformerManager.java:188)
	at java.instrument/sun.instrument.InstrumentationImpl.transform(InstrumentationImpl.java:610)
	at java.base/java.lang.ClassLoader.defineClass2(Native Method)
	at java.base/java.lang.ClassLoader.defineClass(ClassLoader.java:1116)
	at java.base/java.security.SecureClassLoader.defineClass(SecureClassLoader.java:182)
	at java.base/jdk.internal.loader.BuiltinClassLoader.defineClass(BuiltinClassLoader.java:821)
	at java.base/jdk.internal.loader.BuiltinClassLoader.findClassInModuleOrNull(BuiltinClassLoader.java:741)
	at java.base/jdk.internal.loader.BuiltinClassLoader.loadClassOrNull(BuiltinClassLoader.java:665)
	at java.base/jdk.internal.loader.BuiltinClassLoader.loadClass(BuiltinClassLoader.java:639)
	at java.base/java.lang.ClassLoader.loadClass(ClassLoader.java:528)
	at java.xml.crypto/org.jcp.xml.dsig.internal.dom.XMLDSigRI.<clinit>(XMLDSigRI.java:67)
	at java.base/jdk.internal.misc.Unsafe.ensureClassInitialized0(Native Method)
	at java.base/jdk.internal.misc.Unsafe.ensureClassInitialized(Unsafe.java:1161)
	at java.base/jdk.internal.reflect.MethodHandleAccessorFactory.ensureClassInitialized(MethodHandleAccessorFactory.java:340)
	at java.base/jdk.internal.reflect.MethodHandleAccessorFactory.newConstructorAccessor(MethodHandleAccessorFactory.java:103)
	at java.base/jdk.internal.reflect.ReflectionFactory.newConstructorAccessor(ReflectionFactory.java:173)
	at java.base/java.lang.reflect.Constructor.acquireConstructorAccessor(Constructor.java:548)
	at java.base/java.lang.reflect.Constructor.newInstanceWithCaller(Constructor.java:498)
	at java.base/java.lang.reflect.Constructor.newInstance(Constructor.java:485)
	at java.base/java.util.ServiceLoader$ProviderImpl.newInstance(ServiceLoader.java:785)
	at java.base/java.util.ServiceLoader$ProviderImpl.get(ServiceLoader.java:725)
	at java.base/java.util.ServiceLoader$3.next(ServiceLoader.java:1397)
	at java.base/sun.security.jca.ProviderConfig$ProviderLoader.load(ProviderConfig.java:351)
	at java.base/sun.security.jca.ProviderConfig$3.run(ProviderConfig.java:258)
	at java.base/sun.security.jca.ProviderConfig$3.run(ProviderConfig.java:252)
	at java.base/java.security.AccessController.doPrivileged(AccessController.java:319)
	at java.base/sun.security.jca.ProviderConfig.doLoadProvider(ProviderConfig.java:252)
	at java.base/sun.security.jca.ProviderConfig.getProvider(ProviderConfig.java:229)
	at java.base/sun.security.jca.ProviderList.loadAll(ProviderList.java:320)
	at java.base/sun.security.jca.ProviderList.removeInvalid(ProviderList.java:337)
	at java.base/sun.security.jca.Providers.getFullProviderList(Providers.java:186)
	at java.base/java.security.Security.getProviders(Security.java:434)
	at java.base/java.security.Security.getAlgorithms(Security.java:976)
	at org.apache.catalina.util.SessionIdGeneratorBase.<clinit>(SessionIdGeneratorBase.java:49)
	at org.apache.catalina.authenticator.AuthenticatorBase.<init>(AuthenticatorBase.java:189)
	at org.apache.catalina.authenticator.NonLoginAuthenticator.<init>(NonLoginAuthenticator.java:31)
	at org.springframework.boot.autoconfigure.BackgroundPreinitializer$TomcatInitializer.run(BackgroundPreinitializer.java:202)
	at org.springframework.boot.autoconfigure.BackgroundPreinitializer$1.runSafely(BackgroundPreinitializer.java:120)
	at org.springframework.boot.autoconfigure.BackgroundPreinitializer$1.run(BackgroundPreinitializer.java:113)
	at java.base/java.lang.Thread.run(Thread.java:1575)
Caused by: java.io.IOException: Error while instrumenting org/jcp/xml/dsig/internal/dom/XMLDSigRI$1 with JaCoCo 0.8.11.202310140853/f33756c.
	at org.jacoco.agent.rt.internal_4742761.core.instr.Instrumenter.instrumentError(Instrumenter.java:161)
	at org.jacoco.agent.rt.internal_4742761.core.instr.Instrumenter.instrument(Instrumenter.java:111)
	at org.jacoco.agent.rt.internal_4742761.CoverageTransformer.transform(CoverageTransformer.java:92)
	... 41 more
Caused by: java.lang.IllegalArgumentException: Unsupported class file major version 67
	at org.jacoco.agent.rt.internal_4742761.asm.ClassReader.<init>(ClassReader.java:200)
	at org.jacoco.agent.rt.internal_4742761.asm.ClassReader.<init>(ClassReader.java:180)
	at org.jacoco.agent.rt.internal_4742761.asm.ClassReader.<init>(ClassReader.java:166)
	at org.jacoco.agent.rt.internal_4742761.core.internal.instr.InstrSupport.classReaderFor(InstrSupport.java:280)
	at org.jacoco.agent.rt.internal_4742761.core.instr.Instrumenter.instrument(Instrumenter.java:77)
	at org.jacoco.agent.rt.internal_4742761.core.instr.Instrumenter.instrument(Instrumenter.java:109)
	... 42 more
java.lang.instrument.IllegalClassFormatException: Error while instrumenting org/jcp/xml/dsig/internal/dom/XMLDSigRI$2 with JaCoCo 0.8.11.202310140853/f33756c.
	at org.jacoco.agent.rt.internal_4742761.CoverageTransformer.transform(CoverageTransformer.java:94)
	at java.instrument/java.lang.instrument.ClassFileTransformer.transform(ClassFileTransformer.java:242)
	at java.instrument/sun.instrument.TransformerManager.transform(TransformerManager.java:188)
	at java.instrument/sun.instrument.InstrumentationImpl.transform(InstrumentationImpl.java:610)
	at java.base/java.lang.ClassLoader.defineClass2(Native Method)
	at java.base/java.lang.ClassLoader.defineClass(ClassLoader.java:1116)
	at java.base/java.security.SecureClassLoader.defineClass(SecureClassLoader.java:182)
	at java.base/jdk.internal.loader.BuiltinClassLoader.defineClass(BuiltinClassLoader.java:821)
	at java.base/jdk.internal.loader.BuiltinClassLoader.findClassInModuleOrNull(BuiltinClassLoader.java:741)
	at java.base/jdk.internal.loader.BuiltinClassLoader.loadClassOrNull(BuiltinClassLoader.java:665)
	at java.base/jdk.internal.loader.BuiltinClassLoader.loadClass(BuiltinClassLoader.java:639)
	at java.base/java.lang.ClassLoader.loadClass(ClassLoader.java:528)
	at java.xml.crypto/org.jcp.xml.dsig.internal.dom.XMLDSigRI.<init>(XMLDSigRI.java:149)
	at java.base/jdk.internal.reflect.DirectConstructorHandleAccessor.newInstance(DirectConstructorHandleAccessor.java:62)
	at java.base/java.lang.reflect.Constructor.newInstanceWithCaller(Constructor.java:501)
	at java.base/java.lang.reflect.Constructor.newInstance(Constructor.java:485)
	at java.base/java.util.ServiceLoader$ProviderImpl.newInstance(ServiceLoader.java:785)
	at java.base/java.util.ServiceLoader$ProviderImpl.get(ServiceLoader.java:725)
	at java.base/java.util.ServiceLoader$3.next(ServiceLoader.java:1397)
	at java.base/sun.security.jca.ProviderConfig$ProviderLoader.load(ProviderConfig.java:351)
	at java.base/sun.security.jca.ProviderConfig$3.run(ProviderConfig.java:258)
	at java.base/sun.security.jca.ProviderConfig$3.run(ProviderConfig.java:252)
	at java.base/java.security.AccessController.doPrivileged(AccessController.java:319)
	at java.base/sun.security.jca.ProviderConfig.doLoadProvider(ProviderConfig.java:252)
	at java.base/sun.security.jca.ProviderConfig.getProvider(ProviderConfig.java:229)
	at java.base/sun.security.jca.ProviderList.loadAll(ProviderList.java:320)
	at java.base/sun.security.jca.ProviderList.removeInvalid(ProviderList.java:337)
	at java.base/sun.security.jca.Providers.getFullProviderList(Providers.java:186)
	at java.base/java.security.Security.getProviders(Security.java:434)
	at java.base/java.security.Security.getAlgorithms(Security.java:976)
	at org.apache.catalina.util.SessionIdGeneratorBase.<clinit>(SessionIdGeneratorBase.java:49)
	at org.apache.catalina.authenticator.AuthenticatorBase.<init>(AuthenticatorBase.java:189)
	at org.apache.catalina.authenticator.NonLoginAuthenticator.<init>(NonLoginAuthenticator.java:31)
	at org.springframework.boot.autoconfigure.BackgroundPreinitializer$TomcatInitializer.run(BackgroundPreinitializer.java:202)
	at org.springframework.boot.autoconfigure.BackgroundPreinitializer$1.runSafely(BackgroundPreinitializer.java:120)
	at org.springframework.boot.autoconfigure.BackgroundPreinitializer$1.run(BackgroundPreinitializer.java:113)
	at java.base/java.lang.Thread.run(Thread.java:1575)
Caused by: java.io.IOException: Error while instrumenting org/jcp/xml/dsig/internal/dom/XMLDSigRI$2 with JaCoCo 0.8.11.202310140853/f33756c.
	at org.jacoco.agent.rt.internal_4742761.core.instr.Instrumenter.instrumentError(Instrumenter.java:161)
	at org.jacoco.agent.rt.internal_4742761.core.instr.Instrumenter.instrument(Instrumenter.java:111)
	at org.jacoco.agent.rt.internal_4742761.CoverageTransformer.transform(CoverageTransformer.java:92)
	... 36 more
Caused by: java.lang.IllegalArgumentException: Unsupported class file major version 67
	at org.jacoco.agent.rt.internal_4742761.asm.ClassReader.<init>(ClassReader.java:200)
	at org.jacoco.agent.rt.internal_4742761.asm.ClassReader.<init>(ClassReader.java:180)
	at org.jacoco.agent.rt.internal_4742761.asm.ClassReader.<init>(ClassReader.java:166)
	at org.jacoco.agent.rt.internal_4742761.core.internal.instr.InstrSupport.classReaderFor(InstrSupport.java:280)
	at org.jacoco.agent.rt.internal_4742761.core.instr.Instrumenter.instrument(Instrumenter.java:77)
	at org.jacoco.agent.rt.internal_4742761.core.instr.Instrumenter.instrument(Instrumenter.java:109)
	... 37 more
java.lang.instrument.IllegalClassFormatException: Error while instrumenting org/jcp/xml/dsig/internal/dom/XMLDSigRI$ProviderService with JaCoCo 0.8.11.202310140853/f33756c.
	at org.jacoco.agent.rt.internal_4742761.CoverageTransformer.transform(CoverageTransformer.java:94)
	at java.instrument/java.lang.instrument.ClassFileTransformer.transform(ClassFileTransformer.java:242)
	at java.instrument/sun.instrument.TransformerManager.transform(TransformerManager.java:188)
	at java.instrument/sun.instrument.InstrumentationImpl.transform(InstrumentationImpl.java:610)
	at java.base/java.lang.ClassLoader.defineClass2(Native Method)
	at java.base/java.lang.ClassLoader.defineClass(ClassLoader.java:1116)
	at java.base/java.security.SecureClassLoader.defineClass(SecureClassLoader.java:182)
	at java.base/jdk.internal.loader.BuiltinClassLoader.defineClass(BuiltinClassLoader.java:821)
	at java.base/jdk.internal.loader.BuiltinClassLoader.findClassInModuleOrNull(BuiltinClassLoader.java:741)
	at java.base/jdk.internal.loader.BuiltinClassLoader.loadClassOrNull(BuiltinClassLoader.java:665)
	at java.base/jdk.internal.loader.BuiltinClassLoader.loadClass(BuiltinClassLoader.java:639)
	at java.base/java.lang.ClassLoader.loadClass(ClassLoader.java:528)
	at java.xml.crypto/org.jcp.xml.dsig.internal.dom.XMLDSigRI.<init>(XMLDSigRI.java:149)
	at java.base/jdk.internal.reflect.DirectConstructorHandleAccessor.newInstance(DirectConstructorHandleAccessor.java:62)
	at java.base/java.lang.reflect.Constructor.newInstanceWithCaller(Constructor.java:501)
	at java.base/java.lang.reflect.Constructor.newInstance(Constructor.java:485)
	at java.base/java.util.ServiceLoader$ProviderImpl.newInstance(ServiceLoader.java:785)
	at java.base/java.util.ServiceLoader$ProviderImpl.get(ServiceLoader.java:725)
	at java.base/java.util.ServiceLoader$3.next(ServiceLoader.java:1397)
	at java.base/sun.security.jca.ProviderConfig$ProviderLoader.load(ProviderConfig.java:351)
	at java.base/sun.security.jca.ProviderConfig$3.run(ProviderConfig.java:258)
	at java.base/sun.security.jca.ProviderConfig$3.run(ProviderConfig.java:252)
	at java.base/java.security.AccessController.doPrivileged(AccessController.java:319)
	at java.base/sun.security.jca.ProviderConfig.doLoadProvider(ProviderConfig.java:252)
	at java.base/sun.security.jca.ProviderConfig.getProvider(ProviderConfig.java:229)
	at java.base/sun.security.jca.ProviderList.loadAll(ProviderList.java:320)
	at java.base/sun.security.jca.ProviderList.removeInvalid(ProviderList.java:337)
	at java.base/sun.security.jca.Providers.getFullProviderList(Providers.java:186)
	at java.base/java.security.Security.getProviders(Security.java:434)
	at java.base/java.security.Security.getAlgorithms(Security.java:976)
	at org.apache.catalina.util.SessionIdGeneratorBase.<clinit>(SessionIdGeneratorBase.java:49)
	at org.apache.catalina.authenticator.AuthenticatorBase.<init>(AuthenticatorBase.java:189)
	at org.apache.catalina.authenticator.NonLoginAuthenticator.<init>(NonLoginAuthenticator.java:31)
	at org.springframework.boot.autoconfigure.BackgroundPreinitializer$TomcatInitializer.run(BackgroundPreinitializer.java:202)
	at org.springframework.boot.autoconfigure.BackgroundPreinitializer$1.runSafely(BackgroundPreinitializer.java:120)
	at org.springframework.boot.autoconfigure.BackgroundPreinitializer$1.run(BackgroundPreinitializer.java:113)
	at java.base/java.lang.Thread.run(Thread.java:1575)
Caused by: java.io.IOException: Error while instrumenting org/jcp/xml/dsig/internal/dom/XMLDSigRI$ProviderService with JaCoCo 0.8.11.202310140853/f33756c.
	at org.jacoco.agent.rt.internal_4742761.core.instr.Instrumenter.instrumentError(Instrumenter.java:161)
	at org.jacoco.agent.rt.internal_4742761.core.instr.Instrumenter.instrument(Instrumenter.java:111)
	at org.jacoco.agent.rt.internal_4742761.CoverageTransformer.transform(CoverageTransformer.java:92)
	... 36 more
Caused by: java.lang.IllegalArgumentException: Unsupported class file major version 67
	at org.jacoco.agent.rt.internal_4742761.asm.ClassReader.<init>(ClassReader.java:200)
	at org.jacoco.agent.rt.internal_4742761.asm.ClassReader.<init>(ClassReader.java:180)
	at org.jacoco.agent.rt.internal_4742761.asm.ClassReader.<init>(ClassReader.java:166)
	at org.jacoco.agent.rt.internal_4742761.core.internal.instr.InstrSupport.classReaderFor(InstrSupport.java:280)
	at org.jacoco.agent.rt.internal_4742761.core.instr.Instrumenter.instrument(Instrumenter.java:77)
	at org.jacoco.agent.rt.internal_4742761.core.instr.Instrumenter.instrument(Instrumenter.java:109)
	... 37 more
java.lang.instrument.IllegalClassFormatException: Error while instrumenting com/sun/security/sasl/gsskerb/JdkSASL with JaCoCo 0.8.11.202310140853/f33756c.
	at org.jacoco.agent.rt.internal_4742761.CoverageTransformer.transform(CoverageTransformer.java:94)
	at java.instrument/java.lang.instrument.ClassFileTransformer.transform(ClassFileTransformer.java:242)
	at java.instrument/sun.instrument.TransformerManager.transform(TransformerManager.java:188)
	at java.instrument/sun.instrument.InstrumentationImpl.transform(InstrumentationImpl.java:610)
	at java.base/java.lang.ClassLoader.defineClass2(Native Method)
	at java.base/java.lang.ClassLoader.defineClass(ClassLoader.java:1116)
	at java.base/java.security.SecureClassLoader.defineClass(SecureClassLoader.java:182)
	at java.base/jdk.internal.loader.BuiltinClassLoader.defineClass(BuiltinClassLoader.java:821)
	at java.base/jdk.internal.loader.BuiltinClassLoader.findClassInModuleOrNull(BuiltinClassLoader.java:741)
	at java.base/jdk.internal.loader.BuiltinClassLoader.findClass(BuiltinClassLoader.java:621)
	at java.base/java.lang.ClassLoader.loadClass(ClassLoader.java:640)
	at java.base/java.lang.Class.forName(Class.java:669)
	at java.base/java.lang.Class.forName(Class.java:644)
	at java.base/java.util.ServiceLoader.loadProvider(ServiceLoader.java:855)
	at java.base/java.util.ServiceLoader$ModuleServicesLookupIterator.hasNext(ServiceLoader.java:1080)
	at java.base/java.util.ServiceLoader$2.hasNext(ServiceLoader.java:1305)
	at java.base/java.util.ServiceLoader$3.hasNext(ServiceLoader.java:1387)
	at java.base/sun.security.jca.ProviderConfig$ProviderLoader.load(ProviderConfig.java:349)
	at java.base/sun.security.jca.ProviderConfig$3.run(ProviderConfig.java:258)
	at java.base/sun.security.jca.ProviderConfig$3.run(ProviderConfig.java:252)
	at java.base/java.security.AccessController.doPrivileged(AccessController.java:319)
	at java.base/sun.security.jca.ProviderConfig.doLoadProvider(ProviderConfig.java:252)
	at java.base/sun.security.jca.ProviderConfig.getProvider(ProviderConfig.java:229)
	at java.base/sun.security.jca.ProviderList.loadAll(ProviderList.java:320)
	at java.base/sun.security.jca.ProviderList.removeInvalid(ProviderList.java:337)
	at java.base/sun.security.jca.Providers.getFullProviderList(Providers.java:186)
	at java.base/java.security.Security.getProviders(Security.java:434)
	at java.base/java.security.Security.getAlgorithms(Security.java:976)
	at org.apache.catalina.util.SessionIdGeneratorBase.<clinit>(SessionIdGeneratorBase.java:49)
	at org.apache.catalina.authenticator.AuthenticatorBase.<init>(AuthenticatorBase.java:189)
	at org.apache.catalina.authenticator.NonLoginAuthenticator.<init>(NonLoginAuthenticator.java:31)
	at org.springframework.boot.autoconfigure.BackgroundPreinitializer$TomcatInitializer.run(BackgroundPreinitializer.java:202)
	at org.springframework.boot.autoconfigure.BackgroundPreinitializer$1.runSafely(BackgroundPreinitializer.java:120)
	at org.springframework.boot.autoconfigure.BackgroundPreinitializer$1.run(BackgroundPreinitializer.java:113)
	at java.base/java.lang.Thread.run(Thread.java:1575)
Caused by: java.io.IOException: Error while instrumenting com/sun/security/sasl/gsskerb/JdkSASL with JaCoCo 0.8.11.202310140853/f33756c.
	at org.jacoco.agent.rt.internal_4742761.core.instr.Instrumenter.instrumentError(Instrumenter.java:161)
	at org.jacoco.agent.rt.internal_4742761.core.instr.Instrumenter.instrument(Instrumenter.java:111)
	at org.jacoco.agent.rt.internal_4742761.CoverageTransformer.transform(CoverageTransformer.java:92)
	... 34 more
Caused by: java.lang.IllegalArgumentException: Unsupported class file major version 67
	at org.jacoco.agent.rt.internal_4742761.asm.ClassReader.<init>(ClassReader.java:200)
	at org.jacoco.agent.rt.internal_4742761.asm.ClassReader.<init>(ClassReader.java:180)
	at org.jacoco.agent.rt.internal_4742761.asm.ClassReader.<init>(ClassReader.java:166)
	at org.jacoco.agent.rt.internal_4742761.core.internal.instr.InstrSupport.classReaderFor(InstrSupport.java:280)
	at org.jacoco.agent.rt.internal_4742761.core.instr.Instrumenter.instrument(Instrumenter.java:77)
	at org.jacoco.agent.rt.internal_4742761.core.instr.Instrumenter.instrument(Instrumenter.java:109)
	... 35 more
java.lang.instrument.IllegalClassFormatException: Error while instrumenting com/sun/security/sasl/gsskerb/JdkSASL$1 with JaCoCo 0.8.11.202310140853/f33756c.
	at org.jacoco.agent.rt.internal_4742761.CoverageTransformer.transform(CoverageTransformer.java:94)
	at java.instrument/java.lang.instrument.ClassFileTransformer.transform(ClassFileTransformer.java:242)
	at java.instrument/sun.instrument.TransformerManager.transform(TransformerManager.java:188)
	at java.instrument/sun.instrument.InstrumentationImpl.transform(InstrumentationImpl.java:610)
	at java.base/java.lang.ClassLoader.defineClass2(Native Method)
	at java.base/java.lang.ClassLoader.defineClass(ClassLoader.java:1116)
	at java.base/java.security.SecureClassLoader.defineClass(SecureClassLoader.java:182)
	at java.base/jdk.internal.loader.BuiltinClassLoader.defineClass(BuiltinClassLoader.java:821)
	at java.base/jdk.internal.loader.BuiltinClassLoader.findClassInModuleOrNull(BuiltinClassLoader.java:741)
	at java.base/jdk.internal.loader.BuiltinClassLoader.loadClassOrNull(BuiltinClassLoader.java:665)
	at java.base/jdk.internal.loader.BuiltinClassLoader.loadClass(BuiltinClassLoader.java:639)
	at java.base/java.lang.ClassLoader.loadClass(ClassLoader.java:528)
	at jdk.security.jgss/com.sun.security.sasl.gsskerb.JdkSASL.<init>(JdkSASL.java:82)
	at java.base/jdk.internal.reflect.DirectConstructorHandleAccessor.newInstance(DirectConstructorHandleAccessor.java:62)
	at java.base/java.lang.reflect.Constructor.newInstanceWithCaller(Constructor.java:501)
	at java.base/java.lang.reflect.Constructor.newInstance(Constructor.java:485)
	at java.base/java.util.ServiceLoader$ProviderImpl.newInstance(ServiceLoader.java:785)
	at java.base/java.util.ServiceLoader$ProviderImpl.get(ServiceLoader.java:725)
	at java.base/java.util.ServiceLoader$3.next(ServiceLoader.java:1397)
	at java.base/sun.security.jca.ProviderConfig$ProviderLoader.load(ProviderConfig.java:351)
	at java.base/sun.security.jca.ProviderConfig$3.run(ProviderConfig.java:258)
	at java.base/sun.security.jca.ProviderConfig$3.run(ProviderConfig.java:252)
	at java.base/java.security.AccessController.doPrivileged(AccessController.java:319)
	at java.base/sun.security.jca.ProviderConfig.doLoadProvider(ProviderConfig.java:252)
	at java.base/sun.security.jca.ProviderConfig.getProvider(ProviderConfig.java:229)
	at java.base/sun.security.jca.ProviderList.loadAll(ProviderList.java:320)
	at java.base/sun.security.jca.ProviderList.removeInvalid(ProviderList.java:337)
	at java.base/sun.security.jca.Providers.getFullProviderList(Providers.java:186)
	at java.base/java.security.Security.getProviders(Security.java:434)
	at java.base/java.security.Security.getAlgorithms(Security.java:976)
	at org.apache.catalina.util.SessionIdGeneratorBase.<clinit>(SessionIdGeneratorBase.java:49)
	at org.apache.catalina.authenticator.AuthenticatorBase.<init>(AuthenticatorBase.java:189)
	at org.apache.catalina.authenticator.NonLoginAuthenticator.<init>(NonLoginAuthenticator.java:31)
	at org.springframework.boot.autoconfigure.BackgroundPreinitializer$TomcatInitializer.run(BackgroundPreinitializer.java:202)
	at org.springframework.boot.autoconfigure.BackgroundPreinitializer$1.runSafely(BackgroundPreinitializer.java:120)
	at org.springframework.boot.autoconfigure.BackgroundPreinitializer$1.run(BackgroundPreinitializer.java:113)
	at java.base/java.lang.Thread.run(Thread.java:1575)
Caused by: java.io.IOException: Error while instrumenting com/sun/security/sasl/gsskerb/JdkSASL$1 with JaCoCo 0.8.11.202310140853/f33756c.
	at org.jacoco.agent.rt.internal_4742761.core.instr.Instrumenter.instrumentError(Instrumenter.java:161)
	at org.jacoco.agent.rt.internal_4742761.core.instr.Instrumenter.instrument(Instrumenter.java:111)
	at org.jacoco.agent.rt.internal_4742761.CoverageTransformer.transform(CoverageTransformer.java:92)
	... 36 more
Caused by: java.lang.IllegalArgumentException: Unsupported class file major version 67
	at org.jacoco.agent.rt.internal_4742761.asm.ClassReader.<init>(ClassReader.java:200)
	at org.jacoco.agent.rt.internal_4742761.asm.ClassReader.<init>(ClassReader.java:180)
	at org.jacoco.agent.rt.internal_4742761.asm.ClassReader.<init>(ClassReader.java:166)
	at org.jacoco.agent.rt.internal_4742761.core.internal.instr.InstrSupport.classReaderFor(InstrSupport.java:280)
	at org.jacoco.agent.rt.internal_4742761.core.instr.Instrumenter.instrument(Instrumenter.java:77)
	at org.jacoco.agent.rt.internal_4742761.core.instr.Instrumenter.instrument(Instrumenter.java:109)
	... 37 more
java.lang.instrument.IllegalClassFormatException: Error while instrumenting com/sun/security/sasl/gsskerb/JdkSASL$ProviderService with JaCoCo 0.8.11.202310140853/f33756c.
	at org.jacoco.agent.rt.internal_4742761.CoverageTransformer.transform(CoverageTransformer.java:94)
	at java.instrument/java.lang.instrument.ClassFileTransformer.transform(ClassFileTransformer.java:242)
	at java.instrument/sun.instrument.TransformerManager.transform(TransformerManager.java:188)
	at java.instrument/sun.instrument.InstrumentationImpl.transform(InstrumentationImpl.java:610)
	at java.base/java.lang.ClassLoader.defineClass2(Native Method)
	at java.base/java.lang.ClassLoader.defineClass(ClassLoader.java:1116)
	at java.base/java.security.SecureClassLoader.defineClass(SecureClassLoader.java:182)
	at java.base/jdk.internal.loader.BuiltinClassLoader.defineClass(BuiltinClassLoader.java:821)
	at java.base/jdk.internal.loader.BuiltinClassLoader.findClassInModuleOrNull(BuiltinClassLoader.java:741)
	at java.base/jdk.internal.loader.BuiltinClassLoader.loadClassOrNull(BuiltinClassLoader.java:665)
	at java.base/jdk.internal.loader.BuiltinClassLoader.loadClass(BuiltinClassLoader.java:639)
	at java.base/java.lang.ClassLoader.loadClass(ClassLoader.java:528)
	at jdk.security.jgss/com.sun.security.sasl.gsskerb.JdkSASL.<init>(JdkSASL.java:82)
	at java.base/jdk.internal.reflect.DirectConstructorHandleAccessor.newInstance(DirectConstructorHandleAccessor.java:62)
	at java.base/java.lang.reflect.Constructor.newInstanceWithCaller(Constructor.java:501)
	at java.base/java.lang.reflect.Constructor.newInstance(Constructor.java:485)
	at java.base/java.util.ServiceLoader$ProviderImpl.newInstance(ServiceLoader.java:785)
	at java.base/java.util.ServiceLoader$ProviderImpl.get(ServiceLoader.java:725)
	at java.base/java.util.ServiceLoader$3.next(ServiceLoader.java:1397)
	at java.base/sun.security.jca.ProviderConfig$ProviderLoader.load(ProviderConfig.java:351)
	at java.base/sun.security.jca.ProviderConfig$3.run(ProviderConfig.java:258)
	at java.base/sun.security.jca.ProviderConfig$3.run(ProviderConfig.java:252)
	at java.base/java.security.AccessController.doPrivileged(AccessController.java:319)
	at java.base/sun.security.jca.ProviderConfig.doLoadProvider(ProviderConfig.java:252)
	at java.base/sun.security.jca.ProviderConfig.getProvider(ProviderConfig.java:229)
	at java.base/sun.security.jca.ProviderList.loadAll(ProviderList.java:320)
	at java.base/sun.security.jca.ProviderList.removeInvalid(ProviderList.java:337)
	at java.base/sun.security.jca.Providers.getFullProviderList(Providers.java:186)
	at java.base/java.security.Security.getProviders(Security.java:434)
	at java.base/java.security.Security.getAlgorithms(Security.java:976)
	at org.apache.catalina.util.SessionIdGeneratorBase.<clinit>(SessionIdGeneratorBase.java:49)
	at org.apache.catalina.authenticator.AuthenticatorBase.<init>(AuthenticatorBase.java:189)
	at org.apache.catalina.authenticator.NonLoginAuthenticator.<init>(NonLoginAuthenticator.java:31)
	at org.springframework.boot.autoconfigure.BackgroundPreinitializer$TomcatInitializer.run(BackgroundPreinitializer.java:202)
	at org.springframework.boot.autoconfigure.BackgroundPreinitializer$1.runSafely(BackgroundPreinitializer.java:120)
	at org.springframework.boot.autoconfigure.BackgroundPreinitializer$1.run(BackgroundPreinitializer.java:113)
	at java.base/java.lang.Thread.run(Thread.java:1575)
Caused by: java.io.IOException: Error while instrumenting com/sun/security/sasl/gsskerb/JdkSASL$ProviderService with JaCoCo 0.8.11.202310140853/f33756c.
	at org.jacoco.agent.rt.internal_4742761.core.instr.Instrumenter.instrumentError(Instrumenter.java:161)
	at org.jacoco.agent.rt.internal_4742761.core.instr.Instrumenter.instrument(Instrumenter.java:111)
	at org.jacoco.agent.rt.internal_4742761.CoverageTransformer.transform(CoverageTransformer.java:92)
	... 36 more
Caused by: java.lang.IllegalArgumentException: Unsupported class file major version 67
	at org.jacoco.agent.rt.internal_4742761.asm.ClassReader.<init>(ClassReader.java:200)
	at org.jacoco.agent.rt.internal_4742761.asm.ClassReader.<init>(ClassReader.java:180)
	at org.jacoco.agent.rt.internal_4742761.asm.ClassReader.<init>(ClassReader.java:166)
	at org.jacoco.agent.rt.internal_4742761.core.internal.instr.InstrSupport.classReaderFor(InstrSupport.java:280)
	at org.jacoco.agent.rt.internal_4742761.core.instr.Instrumenter.instrument(Instrumenter.java:77)
	at org.jacoco.agent.rt.internal_4742761.core.instr.Instrumenter.instrument(Instrumenter.java:109)
	... 37 more
java.lang.instrument.IllegalClassFormatException: Error while instrumenting sun/security/smartcardio/SunPCSC with JaCoCo 0.8.11.202310140853/f33756c.
	at org.jacoco.agent.rt.internal_4742761.CoverageTransformer.transform(CoverageTransformer.java:94)
	at java.instrument/java.lang.instrument.ClassFileTransformer.transform(ClassFileTransformer.java:242)
	at java.instrument/sun.instrument.TransformerManager.transform(TransformerManager.java:188)
	at java.instrument/sun.instrument.InstrumentationImpl.transform(InstrumentationImpl.java:610)
	at java.base/java.lang.ClassLoader.defineClass2(Native Method)
	at java.base/java.lang.ClassLoader.defineClass(ClassLoader.java:1116)
	at java.base/java.security.SecureClassLoader.defineClass(SecureClassLoader.java:182)
	at java.base/jdk.internal.loader.BuiltinClassLoader.defineClass(BuiltinClassLoader.java:821)
	at java.base/jdk.internal.loader.BuiltinClassLoader.findClassInModuleOrNull(BuiltinClassLoader.java:741)
	at java.base/jdk.internal.loader.BuiltinClassLoader.findClass(BuiltinClassLoader.java:621)
	at java.base/java.lang.ClassLoader.loadClass(ClassLoader.java:640)
	at java.base/java.lang.Class.forName(Class.java:669)
	at java.base/java.lang.Class.forName(Class.java:644)
	at java.base/java.util.ServiceLoader.loadProvider(ServiceLoader.java:855)
	at java.base/java.util.ServiceLoader$ModuleServicesLookupIterator.hasNext(ServiceLoader.java:1080)
	at java.base/java.util.ServiceLoader$2.hasNext(ServiceLoader.java:1305)
	at java.base/java.util.ServiceLoader$3.hasNext(ServiceLoader.java:1387)
	at java.base/sun.security.jca.ProviderConfig$ProviderLoader.load(ProviderConfig.java:349)
	at java.base/sun.security.jca.ProviderConfig$3.run(ProviderConfig.java:258)
	at java.base/sun.security.jca.ProviderConfig$3.run(ProviderConfig.java:252)
	at java.base/java.security.AccessController.doPrivileged(AccessController.java:319)
	at java.base/sun.security.jca.ProviderConfig.doLoadProvider(ProviderConfig.java:252)
	at java.base/sun.security.jca.ProviderConfig.getProvider(ProviderConfig.java:229)
	at java.base/sun.security.jca.ProviderList.loadAll(ProviderList.java:320)
	at java.base/sun.security.jca.ProviderList.removeInvalid(ProviderList.java:337)
	at java.base/sun.security.jca.Providers.getFullProviderList(Providers.java:186)
	at java.base/java.security.Security.getProviders(Security.java:434)
	at java.base/java.security.Security.getAlgorithms(Security.java:976)
	at org.apache.catalina.util.SessionIdGeneratorBase.<clinit>(SessionIdGeneratorBase.java:49)
	at org.apache.catalina.authenticator.AuthenticatorBase.<init>(AuthenticatorBase.java:189)
	at org.apache.catalina.authenticator.NonLoginAuthenticator.<init>(NonLoginAuthenticator.java:31)
	at org.springframework.boot.autoconfigure.BackgroundPreinitializer$TomcatInitializer.run(BackgroundPreinitializer.java:202)
	at org.springframework.boot.autoconfigure.BackgroundPreinitializer$1.runSafely(BackgroundPreinitializer.java:120)
	at org.springframework.boot.autoconfigure.BackgroundPreinitializer$1.run(BackgroundPreinitializer.java:113)
	at java.base/java.lang.Thread.run(Thread.java:1575)
Caused by: java.io.IOException: Error while instrumenting sun/security/smartcardio/SunPCSC with JaCoCo 0.8.11.202310140853/f33756c.
	at org.jacoco.agent.rt.internal_4742761.core.instr.Instrumenter.instrumentError(Instrumenter.java:161)
	at org.jacoco.agent.rt.internal_4742761.core.instr.Instrumenter.instrument(Instrumenter.java:111)
	at org.jacoco.agent.rt.internal_4742761.CoverageTransformer.transform(CoverageTransformer.java:92)
	... 34 more
Caused by: java.lang.IllegalArgumentException: Unsupported class file major version 67
	at org.jacoco.agent.rt.internal_4742761.asm.ClassReader.<init>(ClassReader.java:200)
	at org.jacoco.agent.rt.internal_4742761.asm.ClassReader.<init>(ClassReader.java:180)
	at org.jacoco.agent.rt.internal_4742761.asm.ClassReader.<init>(ClassReader.java:166)
	at org.jacoco.agent.rt.internal_4742761.core.internal.instr.InstrSupport.classReaderFor(InstrSupport.java:280)
	at org.jacoco.agent.rt.internal_4742761.core.instr.Instrumenter.instrument(Instrumenter.java:77)
	at org.jacoco.agent.rt.internal_4742761.core.instr.Instrumenter.instrument(Instrumenter.java:109)
	... 35 more
java.lang.instrument.IllegalClassFormatException: Error while instrumenting sun/security/smartcardio/SunPCSC$1 with JaCoCo 0.8.11.202310140853/f33756c.
	at org.jacoco.agent.rt.internal_4742761.CoverageTransformer.transform(CoverageTransformer.java:94)
	at java.instrument/java.lang.instrument.ClassFileTransformer.transform(ClassFileTransformer.java:242)
	at java.instrument/sun.instrument.TransformerManager.transform(TransformerManager.java:188)
	at java.instrument/sun.instrument.InstrumentationImpl.transform(InstrumentationImpl.java:610)
	at java.base/java.lang.ClassLoader.defineClass2(Native Method)
	at java.base/java.lang.ClassLoader.defineClass(ClassLoader.java:1116)
	at java.base/java.security.SecureClassLoader.defineClass(SecureClassLoader.java:182)
	at java.base/jdk.internal.loader.BuiltinClassLoader.defineClass(BuiltinClassLoader.java:821)
	at java.base/jdk.internal.loader.BuiltinClassLoader.findClassInModuleOrNull(BuiltinClassLoader.java:741)
	at java.base/jdk.internal.loader.BuiltinClassLoader.loadClassOrNull(BuiltinClassLoader.java:665)
	at java.base/jdk.internal.loader.BuiltinClassLoader.loadClass(BuiltinClassLoader.java:639)
	at java.base/java.lang.ClassLoader.loadClass(ClassLoader.java:528)
	at java.smartcardio/sun.security.smartcardio.SunPCSC.<init>(SunPCSC.java:73)
	at java.base/jdk.internal.reflect.DirectConstructorHandleAccessor.newInstance(DirectConstructorHandleAccessor.java:62)
	at java.base/java.lang.reflect.Constructor.newInstanceWithCaller(Constructor.java:501)
	at java.base/java.lang.reflect.Constructor.newInstance(Constructor.java:485)
	at java.base/java.util.ServiceLoader$ProviderImpl.newInstance(ServiceLoader.java:785)
	at java.base/java.util.ServiceLoader$ProviderImpl.get(ServiceLoader.java:725)
	at java.base/java.util.ServiceLoader$3.next(ServiceLoader.java:1397)
	at java.base/sun.security.jca.ProviderConfig$ProviderLoader.load(ProviderConfig.java:351)
	at java.base/sun.security.jca.ProviderConfig$3.run(ProviderConfig.java:258)
	at java.base/sun.security.jca.ProviderConfig$3.run(ProviderConfig.java:252)
	at java.base/java.security.AccessController.doPrivileged(AccessController.java:319)
	at java.base/sun.security.jca.ProviderConfig.doLoadProvider(ProviderConfig.java:252)
	at java.base/sun.security.jca.ProviderConfig.getProvider(ProviderConfig.java:229)
	at java.base/sun.security.jca.ProviderList.loadAll(ProviderList.java:320)
	at java.base/sun.security.jca.ProviderList.removeInvalid(ProviderList.java:337)
	at java.base/sun.security.jca.Providers.getFullProviderList(Providers.java:186)
	at java.base/java.security.Security.getProviders(Security.java:434)
	at java.base/java.security.Security.getAlgorithms(Security.java:976)
	at org.apache.catalina.util.SessionIdGeneratorBase.<clinit>(SessionIdGeneratorBase.java:49)
	at org.apache.catalina.authenticator.AuthenticatorBase.<init>(AuthenticatorBase.java:189)
	at org.apache.catalina.authenticator.NonLoginAuthenticator.<init>(NonLoginAuthenticator.java:31)
	at org.springframework.boot.autoconfigure.BackgroundPreinitializer$TomcatInitializer.run(BackgroundPreinitializer.java:202)
	at org.springframework.boot.autoconfigure.BackgroundPreinitializer$1.runSafely(BackgroundPreinitializer.java:120)
	at org.springframework.boot.autoconfigure.BackgroundPreinitializer$1.run(BackgroundPreinitializer.java:113)
	at java.base/java.lang.Thread.run(Thread.java:1575)
Caused by: java.io.IOException: Error while instrumenting sun/security/smartcardio/SunPCSC$1 with JaCoCo 0.8.11.202310140853/f33756c.
	at org.jacoco.agent.rt.internal_4742761.core.instr.Instrumenter.instrumentError(Instrumenter.java:161)
	at org.jacoco.agent.rt.internal_4742761.core.instr.Instrumenter.instrument(Instrumenter.java:111)
	at org.jacoco.agent.rt.internal_4742761.CoverageTransformer.transform(CoverageTransformer.java:92)
	... 36 more
Caused by: java.lang.IllegalArgumentException: Unsupported class file major version 67
	at org.jacoco.agent.rt.internal_4742761.asm.ClassReader.<init>(ClassReader.java:200)
	at org.jacoco.agent.rt.internal_4742761.asm.ClassReader.<init>(ClassReader.java:180)
	at org.jacoco.agent.rt.internal_4742761.asm.ClassReader.<init>(ClassReader.java:166)
	at org.jacoco.agent.rt.internal_4742761.core.internal.instr.InstrSupport.classReaderFor(InstrSupport.java:280)
	at org.jacoco.agent.rt.internal_4742761.core.instr.Instrumenter.instrument(Instrumenter.java:77)
	at org.jacoco.agent.rt.internal_4742761.core.instr.Instrumenter.instrument(Instrumenter.java:109)
	... 37 more
java.lang.instrument.IllegalClassFormatException: Error while instrumenting sun/security/smartcardio/SunPCSC$ProviderService with JaCoCo 0.8.11.202310140853/f33756c.
	at org.jacoco.agent.rt.internal_4742761.CoverageTransformer.transform(CoverageTransformer.java:94)
	at java.instrument/java.lang.instrument.ClassFileTransformer.transform(ClassFileTransformer.java:242)
	at java.instrument/sun.instrument.TransformerManager.transform(TransformerManager.java:188)
	at java.instrument/sun.instrument.InstrumentationImpl.transform(InstrumentationImpl.java:610)
	at java.base/java.lang.ClassLoader.defineClass2(Native Method)
	at java.base/java.lang.ClassLoader.defineClass(ClassLoader.java:1116)
	at java.base/java.security.SecureClassLoader.defineClass(SecureClassLoader.java:182)
	at java.base/jdk.internal.loader.BuiltinClassLoader.defineClass(BuiltinClassLoader.java:821)
	at java.base/jdk.internal.loader.BuiltinClassLoader.findClassInModuleOrNull(BuiltinClassLoader.java:741)
	at java.base/jdk.internal.loader.BuiltinClassLoader.loadClassOrNull(BuiltinClassLoader.java:665)
	at java.base/jdk.internal.loader.BuiltinClassLoader.loadClass(BuiltinClassLoader.java:639)
	at java.base/java.lang.ClassLoader.loadClass(ClassLoader.java:528)
	at java.smartcardio/sun.security.smartcardio.SunPCSC.<init>(SunPCSC.java:73)
	at java.base/jdk.internal.reflect.DirectConstructorHandleAccessor.newInstance(DirectConstructorHandleAccessor.java:62)
	at java.base/java.lang.reflect.Constructor.newInstanceWithCaller(Constructor.java:501)
	at java.base/java.lang.reflect.Constructor.newInstance(Constructor.java:485)
	at java.base/java.util.ServiceLoader$ProviderImpl.newInstance(ServiceLoader.java:785)
	at java.base/java.util.ServiceLoader$ProviderImpl.get(ServiceLoader.java:725)
	at java.base/java.util.ServiceLoader$3.next(ServiceLoader.java:1397)
	at java.base/sun.security.jca.ProviderConfig$ProviderLoader.load(ProviderConfig.java:351)
	at java.base/sun.security.jca.ProviderConfig$3.run(ProviderConfig.java:258)
	at java.base/sun.security.jca.ProviderConfig$3.run(ProviderConfig.java:252)
	at java.base/java.security.AccessController.doPrivileged(AccessController.java:319)
	at java.base/sun.security.jca.ProviderConfig.doLoadProvider(ProviderConfig.java:252)
	at java.base/sun.security.jca.ProviderConfig.getProvider(ProviderConfig.java:229)
	at java.base/sun.security.jca.ProviderList.loadAll(ProviderList.java:320)
	at java.base/sun.security.jca.ProviderList.removeInvalid(ProviderList.java:337)
	at java.base/sun.security.jca.Providers.getFullProviderList(Providers.java:186)
	at java.base/java.security.Security.getProviders(Security.java:434)
	at java.base/java.security.Security.getAlgorithms(Security.java:976)
	at org.apache.catalina.util.SessionIdGeneratorBase.<clinit>(SessionIdGeneratorBase.java:49)
	at org.apache.catalina.authenticator.AuthenticatorBase.<init>(AuthenticatorBase.java:189)
	at org.apache.catalina.authenticator.NonLoginAuthenticator.<init>(NonLoginAuthenticator.java:31)
	at org.springframework.boot.autoconfigure.BackgroundPreinitializer$TomcatInitializer.run(BackgroundPreinitializer.java:202)
	at org.springframework.boot.autoconfigure.BackgroundPreinitializer$1.runSafely(BackgroundPreinitializer.java:120)
	at org.springframework.boot.autoconfigure.BackgroundPreinitializer$1.run(BackgroundPreinitializer.java:113)
	at java.base/java.lang.Thread.run(Thread.java:1575)
Caused by: java.io.IOException: Error while instrumenting sun/security/smartcardio/SunPCSC$ProviderService with JaCoCo 0.8.11.202310140853/f33756c.
	at org.jacoco.agent.rt.internal_4742761.core.instr.Instrumenter.instrumentError(Instrumenter.java:161)
	at org.jacoco.agent.rt.internal_4742761.core.instr.Instrumenter.instrument(Instrumenter.java:111)
	at org.jacoco.agent.rt.internal_4742761.CoverageTransformer.transform(CoverageTransformer.java:92)
	... 36 more
Caused by: java.lang.IllegalArgumentException: Unsupported class file major version 67
	at org.jacoco.agent.rt.internal_4742761.asm.ClassReader.<init>(ClassReader.java:200)
	at org.jacoco.agent.rt.internal_4742761.asm.ClassReader.<init>(ClassReader.java:180)
	at org.jacoco.agent.rt.internal_4742761.asm.ClassReader.<init>(ClassReader.java:166)
	at org.jacoco.agent.rt.internal_4742761.core.internal.instr.InstrSupport.classReaderFor(InstrSupport.java:280)
	at org.jacoco.agent.rt.internal_4742761.core.instr.Instrumenter.instrument(Instrumenter.java:77)
	at org.jacoco.agent.rt.internal_4742761.core.instr.Instrumenter.instrument(Instrumenter.java:109)
	... 37 more
java.lang.instrument.IllegalClassFormatException: Error while instrumenting sun/security/jgss/SunProvider with JaCoCo 0.8.11.202310140853/f33756c.
	at org.jacoco.agent.rt.internal_4742761.CoverageTransformer.transform(CoverageTransformer.java:94)
	at java.instrument/java.lang.instrument.ClassFileTransformer.transform(ClassFileTransformer.java:242)
	at java.instrument/sun.instrument.TransformerManager.transform(TransformerManager.java:188)
	at java.instrument/sun.instrument.InstrumentationImpl.transform(InstrumentationImpl.java:610)
	at java.base/java.lang.ClassLoader.defineClass2(Native Method)
	at java.base/java.lang.ClassLoader.defineClass(ClassLoader.java:1116)
	at java.base/java.security.SecureClassLoader.defineClass(SecureClassLoader.java:182)
	at java.base/jdk.internal.loader.BuiltinClassLoader.defineClass(BuiltinClassLoader.java:821)
	at java.base/jdk.internal.loader.BuiltinClassLoader.findClassInModuleOrNull(BuiltinClassLoader.java:741)
	at java.base/jdk.internal.loader.BuiltinClassLoader.findClass(BuiltinClassLoader.java:621)
	at java.base/java.lang.ClassLoader.loadClass(ClassLoader.java:640)
	at java.base/java.lang.Class.forName(Class.java:669)
	at java.base/java.lang.Class.forName(Class.java:644)
	at java.base/java.util.ServiceLoader.loadProvider(ServiceLoader.java:855)
	at java.base/java.util.ServiceLoader$ModuleServicesLookupIterator.hasNext(ServiceLoader.java:1080)
	at java.base/java.util.ServiceLoader$2.hasNext(ServiceLoader.java:1305)
	at java.base/java.util.ServiceLoader$3.hasNext(ServiceLoader.java:1387)
	at java.base/sun.security.jca.ProviderConfig$ProviderLoader.load(ProviderConfig.java:349)
	at java.base/sun.security.jca.ProviderConfig$3.run(ProviderConfig.java:258)
	at java.base/sun.security.jca.ProviderConfig$3.run(ProviderConfig.java:252)
	at java.base/java.security.AccessController.doPrivileged(AccessController.java:319)
	at java.base/sun.security.jca.ProviderConfig.doLoadProvider(ProviderConfig.java:252)
	at java.base/sun.security.jca.ProviderConfig.getProvider(ProviderConfig.java:229)
	at java.base/sun.security.jca.ProviderList.loadAll(ProviderList.java:320)
	at java.base/sun.security.jca.ProviderList.removeInvalid(ProviderList.java:337)
	at java.base/sun.security.jca.Providers.getFullProviderList(Providers.java:186)
	at java.base/java.security.Security.getProviders(Security.java:434)
	at java.base/java.security.Security.getAlgorithms(Security.java:976)
	at org.apache.catalina.util.SessionIdGeneratorBase.<clinit>(SessionIdGeneratorBase.java:49)
	at org.apache.catalina.authenticator.AuthenticatorBase.<init>(AuthenticatorBase.java:189)
	at org.apache.catalina.authenticator.NonLoginAuthenticator.<init>(NonLoginAuthenticator.java:31)
	at org.springframework.boot.autoconfigure.BackgroundPreinitializer$TomcatInitializer.run(BackgroundPreinitializer.java:202)
	at org.springframework.boot.autoconfigure.BackgroundPreinitializer$1.runSafely(BackgroundPreinitializer.java:120)
	at org.springframework.boot.autoconfigure.BackgroundPreinitializer$1.run(BackgroundPreinitializer.java:113)
	at java.base/java.lang.Thread.run(Thread.java:1575)
Caused by: java.io.IOException: Error while instrumenting sun/security/jgss/SunProvider with JaCoCo 0.8.11.202310140853/f33756c.
	at org.jacoco.agent.rt.internal_4742761.core.instr.Instrumenter.instrumentError(Instrumenter.java:161)
	at org.jacoco.agent.rt.internal_4742761.core.instr.Instrumenter.instrument(Instrumenter.java:111)
	at org.jacoco.agent.rt.internal_4742761.CoverageTransformer.transform(CoverageTransformer.java:92)
	... 34 more
Caused by: java.lang.IllegalArgumentException: Unsupported class file major version 67
	at org.jacoco.agent.rt.internal_4742761.asm.ClassReader.<init>(ClassReader.java:200)
	at org.jacoco.agent.rt.internal_4742761.asm.ClassReader.<init>(ClassReader.java:180)
	at org.jacoco.agent.rt.internal_4742761.asm.ClassReader.<init>(ClassReader.java:166)
	at org.jacoco.agent.rt.internal_4742761.core.internal.instr.InstrSupport.classReaderFor(InstrSupport.java:280)
	at org.jacoco.agent.rt.internal_4742761.core.instr.Instrumenter.instrument(Instrumenter.java:77)
	at org.jacoco.agent.rt.internal_4742761.core.instr.Instrumenter.instrument(Instrumenter.java:109)
	... 35 more
java.lang.instrument.IllegalClassFormatException: Error while instrumenting sun/security/jgss/SunProvider$ProviderService with JaCoCo 0.8.11.202310140853/f33756c.
	at org.jacoco.agent.rt.internal_4742761.CoverageTransformer.transform(CoverageTransformer.java:94)
	at java.instrument/java.lang.instrument.ClassFileTransformer.transform(ClassFileTransformer.java:242)
	at java.instrument/sun.instrument.TransformerManager.transform(TransformerManager.java:188)
	at java.instrument/sun.instrument.InstrumentationImpl.transform(InstrumentationImpl.java:610)
	at java.base/java.lang.ClassLoader.defineClass2(Native Method)
	at java.base/java.lang.ClassLoader.defineClass(ClassLoader.java:1116)
	at java.base/java.security.SecureClassLoader.defineClass(SecureClassLoader.java:182)
	at java.base/jdk.internal.loader.BuiltinClassLoader.defineClass(BuiltinClassLoader.java:821)
	at java.base/jdk.internal.loader.BuiltinClassLoader.findClassInModuleOrNull(BuiltinClassLoader.java:741)
	at java.base/jdk.internal.loader.BuiltinClassLoader.loadClassOrNull(BuiltinClassLoader.java:665)
	at java.base/jdk.internal.loader.BuiltinClassLoader.loadClass(BuiltinClassLoader.java:639)
	at java.base/java.lang.ClassLoader.loadClass(ClassLoader.java:528)
	at java.base/java.lang.Class.getDeclaredMethods0(Native Method)
	at java.base/java.lang.Class.privateGetDeclaredMethods(Class.java:3650)
	at java.base/java.lang.Class.getDeclaredPublicMethods(Class.java:2923)
	at java.base/java.lang.System$2.getDeclaredPublicMethods(System.java:2425)
	at java.base/java.util.ServiceLoader.findStaticProviderMethod(ServiceLoader.java:617)
	at java.base/java.util.ServiceLoader.loadProvider(ServiceLoader.java:881)
	at java.base/java.util.ServiceLoader$ModuleServicesLookupIterator.hasNext(ServiceLoader.java:1080)
	at java.base/java.util.ServiceLoader$2.hasNext(ServiceLoader.java:1305)
	at java.base/java.util.ServiceLoader$3.hasNext(ServiceLoader.java:1387)
	at java.base/sun.security.jca.ProviderConfig$ProviderLoader.load(ProviderConfig.java:349)
	at java.base/sun.security.jca.ProviderConfig$3.run(ProviderConfig.java:258)
	at java.base/sun.security.jca.ProviderConfig$3.run(ProviderConfig.java:252)
	at java.base/java.security.AccessController.doPrivileged(AccessController.java:319)
	at java.base/sun.security.jca.ProviderConfig.doLoadProvider(ProviderConfig.java:252)
	at java.base/sun.security.jca.ProviderConfig.getProvider(ProviderConfig.java:229)
	at java.base/sun.security.jca.ProviderList.loadAll(ProviderList.java:320)
	at java.base/sun.security.jca.ProviderList.removeInvalid(ProviderList.java:337)
	at java.base/sun.security.jca.Providers.getFullProviderList(Providers.java:186)
	at java.base/java.security.Security.getProviders(Security.java:434)
	at java.base/java.security.Security.getAlgorithms(Security.java:976)
	at org.apache.catalina.util.SessionIdGeneratorBase.<clinit>(SessionIdGeneratorBase.java:49)
	at org.apache.catalina.authenticator.AuthenticatorBase.<init>(AuthenticatorBase.java:189)
	at org.apache.catalina.authenticator.NonLoginAuthenticator.<init>(NonLoginAuthenticator.java:31)
	at org.springframework.boot.autoconfigure.BackgroundPreinitializer$TomcatInitializer.run(BackgroundPreinitializer.java:202)
	at org.springframework.boot.autoconfigure.BackgroundPreinitializer$1.runSafely(BackgroundPreinitializer.java:120)
	at org.springframework.boot.autoconfigure.BackgroundPreinitializer$1.run(BackgroundPreinitializer.java:113)
	at java.base/java.lang.Thread.run(Thread.java:1575)
Caused by: java.io.IOException: Error while instrumenting sun/security/jgss/SunProvider$ProviderService with JaCoCo 0.8.11.202310140853/f33756c.
	at org.jacoco.agent.rt.internal_4742761.core.instr.Instrumenter.instrumentError(Instrumenter.java:161)
	at org.jacoco.agent.rt.internal_4742761.core.instr.Instrumenter.instrument(Instrumenter.java:111)
	at org.jacoco.agent.rt.internal_4742761.CoverageTransformer.transform(CoverageTransformer.java:92)
	... 38 more
Caused by: java.lang.IllegalArgumentException: Unsupported class file major version 67
	at org.jacoco.agent.rt.internal_4742761.asm.ClassReader.<init>(ClassReader.java:200)
	at org.jacoco.agent.rt.internal_4742761.asm.ClassReader.<init>(ClassReader.java:180)
	at org.jacoco.agent.rt.internal_4742761.asm.ClassReader.<init>(ClassReader.java:166)
	at org.jacoco.agent.rt.internal_4742761.core.internal.instr.InstrSupport.classReaderFor(InstrSupport.java:280)
	at org.jacoco.agent.rt.internal_4742761.core.instr.Instrumenter.instrument(Instrumenter.java:77)
	at org.jacoco.agent.rt.internal_4742761.core.instr.Instrumenter.instrument(Instrumenter.java:109)
	... 39 more
java.lang.instrument.IllegalClassFormatException: Error while instrumenting sun/security/pkcs11/SunPKCS11 with JaCoCo 0.8.11.202310140853/f33756c.
	at org.jacoco.agent.rt.internal_4742761.CoverageTransformer.transform(CoverageTransformer.java:94)
	at java.instrument/java.lang.instrument.ClassFileTransformer.transform(ClassFileTransformer.java:242)
	at java.instrument/sun.instrument.TransformerManager.transform(TransformerManager.java:188)
	at java.instrument/sun.instrument.InstrumentationImpl.transform(InstrumentationImpl.java:610)
	at java.base/java.lang.ClassLoader.defineClass2(Native Method)
	at java.base/java.lang.ClassLoader.defineClass(ClassLoader.java:1116)
	at java.base/java.security.SecureClassLoader.defineClass(SecureClassLoader.java:182)
	at java.base/jdk.internal.loader.BuiltinClassLoader.defineClass(BuiltinClassLoader.java:821)
	at java.base/jdk.internal.loader.BuiltinClassLoader.findClassInModuleOrNull(BuiltinClassLoader.java:741)
	at java.base/jdk.internal.loader.BuiltinClassLoader.findClass(BuiltinClassLoader.java:621)
	at java.base/java.lang.ClassLoader.loadClass(ClassLoader.java:640)
	at java.base/java.lang.Class.forName(Class.java:669)
	at java.base/java.lang.Class.forName(Class.java:644)
	at java.base/java.util.ServiceLoader.loadProvider(ServiceLoader.java:855)
	at java.base/java.util.ServiceLoader$ModuleServicesLookupIterator.hasNext(ServiceLoader.java:1080)
	at java.base/java.util.ServiceLoader$2.hasNext(ServiceLoader.java:1305)
	at java.base/java.util.ServiceLoader$3.hasNext(ServiceLoader.java:1387)
	at java.base/sun.security.jca.ProviderConfig$ProviderLoader.load(ProviderConfig.java:349)
	at java.base/sun.security.jca.ProviderConfig$3.run(ProviderConfig.java:258)
	at java.base/sun.security.jca.ProviderConfig$3.run(ProviderConfig.java:252)
	at java.base/java.security.AccessController.doPrivileged(AccessController.java:319)
	at java.base/sun.security.jca.ProviderConfig.doLoadProvider(ProviderConfig.java:252)
	at java.base/sun.security.jca.ProviderConfig.getProvider(ProviderConfig.java:229)
	at java.base/sun.security.jca.ProviderList.loadAll(ProviderList.java:320)
	at java.base/sun.security.jca.ProviderList.removeInvalid(ProviderList.java:337)
	at java.base/sun.security.jca.Providers.getFullProviderList(Providers.java:186)
	at java.base/java.security.Security.getProviders(Security.java:434)
	at java.base/java.security.Security.getAlgorithms(Security.java:976)
	at org.apache.catalina.util.SessionIdGeneratorBase.<clinit>(SessionIdGeneratorBase.java:49)
	at org.apache.catalina.authenticator.AuthenticatorBase.<init>(AuthenticatorBase.java:189)
	at org.apache.catalina.authenticator.NonLoginAuthenticator.<init>(NonLoginAuthenticator.java:31)
	at org.springframework.boot.autoconfigure.BackgroundPreinitializer$TomcatInitializer.run(BackgroundPreinitializer.java:202)
	at org.springframework.boot.autoconfigure.BackgroundPreinitializer$1.runSafely(BackgroundPreinitializer.java:120)
	at org.springframework.boot.autoconfigure.BackgroundPreinitializer$1.run(BackgroundPreinitializer.java:113)
	at java.base/java.lang.Thread.run(Thread.java:1575)
Caused by: java.io.IOException: Error while instrumenting sun/security/pkcs11/SunPKCS11 with JaCoCo 0.8.11.202310140853/f33756c.
	at org.jacoco.agent.rt.internal_4742761.core.instr.Instrumenter.instrumentError(Instrumenter.java:161)
	at org.jacoco.agent.rt.internal_4742761.core.instr.Instrumenter.instrument(Instrumenter.java:111)
	at org.jacoco.agent.rt.internal_4742761.CoverageTransformer.transform(CoverageTransformer.java:92)
	... 34 more
Caused by: java.lang.IllegalArgumentException: Unsupported class file major version 67
	at org.jacoco.agent.rt.internal_4742761.asm.ClassReader.<init>(ClassReader.java:200)
	at org.jacoco.agent.rt.internal_4742761.asm.ClassReader.<init>(ClassReader.java:180)
	at org.jacoco.agent.rt.internal_4742761.asm.ClassReader.<init>(ClassReader.java:166)
	at org.jacoco.agent.rt.internal_4742761.core.internal.instr.InstrSupport.classReaderFor(InstrSupport.java:280)
	at org.jacoco.agent.rt.internal_4742761.core.instr.Instrumenter.instrument(Instrumenter.java:77)
	at org.jacoco.agent.rt.internal_4742761.core.instr.Instrumenter.instrument(Instrumenter.java:109)
	... 35 more
java.lang.instrument.IllegalClassFormatException: Error while instrumenting sun/security/pkcs11/wrapper/PKCS11Exception with JaCoCo 0.8.11.202310140853/f33756c.
	at org.jacoco.agent.rt.internal_4742761.CoverageTransformer.transform(CoverageTransformer.java:94)
	at java.instrument/java.lang.instrument.ClassFileTransformer.transform(ClassFileTransformer.java:242)
	at java.instrument/sun.instrument.TransformerManager.transform(TransformerManager.java:188)
	at java.instrument/sun.instrument.InstrumentationImpl.transform(InstrumentationImpl.java:610)
	at java.base/java.lang.ClassLoader.defineClass2(Native Method)
	at java.base/java.lang.ClassLoader.defineClass(ClassLoader.java:1116)
	at java.base/java.security.SecureClassLoader.defineClass(SecureClassLoader.java:182)
	at java.base/jdk.internal.loader.BuiltinClassLoader.defineClass(BuiltinClassLoader.java:821)
	at java.base/jdk.internal.loader.BuiltinClassLoader.findClassInModuleOrNull(BuiltinClassLoader.java:741)
	at java.base/jdk.internal.loader.BuiltinClassLoader.loadClassOrNull(BuiltinClassLoader.java:665)
	at java.base/jdk.internal.loader.BuiltinClassLoader.loadClass(BuiltinClassLoader.java:639)
	at java.base/java.lang.ClassLoader.loadClass(ClassLoader.java:528)
	at java.base/java.lang.Class.getDeclaredMethods0(Native Method)
	at java.base/java.lang.Class.privateGetDeclaredMethods(Class.java:3650)
	at java.base/java.lang.Class.getDeclaredPublicMethods(Class.java:2923)
	at java.base/java.lang.System$2.getDeclaredPublicMethods(System.java:2425)
	at java.base/java.util.ServiceLoader.findStaticProviderMethod(ServiceLoader.java:617)
	at java.base/java.util.ServiceLoader.loadProvider(ServiceLoader.java:881)
	at java.base/java.util.ServiceLoader$ModuleServicesLookupIterator.hasNext(ServiceLoader.java:1080)
	at java.base/java.util.ServiceLoader$2.hasNext(ServiceLoader.java:1305)
	at java.base/java.util.ServiceLoader$3.hasNext(ServiceLoader.java:1387)
	at java.base/sun.security.jca.ProviderConfig$ProviderLoader.load(ProviderConfig.java:349)
	at java.base/sun.security.jca.ProviderConfig$3.run(ProviderConfig.java:258)
	at java.base/sun.security.jca.ProviderConfig$3.run(ProviderConfig.java:252)
	at java.base/java.security.AccessController.doPrivileged(AccessController.java:319)
	at java.base/sun.security.jca.ProviderConfig.doLoadProvider(ProviderConfig.java:252)
	at java.base/sun.security.jca.ProviderConfig.getProvider(ProviderConfig.java:229)
	at java.base/sun.security.jca.ProviderList.loadAll(ProviderList.java:320)
	at java.base/sun.security.jca.ProviderList.removeInvalid(ProviderList.java:337)
	at java.base/sun.security.jca.Providers.getFullProviderList(Providers.java:186)
	at java.base/java.security.Security.getProviders(Security.java:434)
	at java.base/java.security.Security.getAlgorithms(Security.java:976)
	at org.apache.catalina.util.SessionIdGeneratorBase.<clinit>(SessionIdGeneratorBase.java:49)
	at org.apache.catalina.authenticator.AuthenticatorBase.<init>(AuthenticatorBase.java:189)
	at org.apache.catalina.authenticator.NonLoginAuthenticator.<init>(NonLoginAuthenticator.java:31)
	at org.springframework.boot.autoconfigure.BackgroundPreinitializer$TomcatInitializer.run(BackgroundPreinitializer.java:202)
	at org.springframework.boot.autoconfigure.BackgroundPreinitializer$1.runSafely(BackgroundPreinitializer.java:120)
	at org.springframework.boot.autoconfigure.BackgroundPreinitializer$1.run(BackgroundPreinitializer.java:113)
	at java.base/java.lang.Thread.run(Thread.java:1575)
Caused by: java.io.IOException: Error while instrumenting sun/security/pkcs11/wrapper/PKCS11Exception with JaCoCo 0.8.11.202310140853/f33756c.
	at org.jacoco.agent.rt.internal_4742761.core.instr.Instrumenter.instrumentError(Instrumenter.java:161)
	at org.jacoco.agent.rt.internal_4742761.core.instr.Instrumenter.instrument(Instrumenter.java:111)
	at org.jacoco.agent.rt.internal_4742761.CoverageTransformer.transform(CoverageTransformer.java:92)
	... 38 more
Caused by: java.lang.IllegalArgumentException: Unsupported class file major version 67
	at org.jacoco.agent.rt.internal_4742761.asm.ClassReader.<init>(ClassReader.java:200)
	at org.jacoco.agent.rt.internal_4742761.asm.ClassReader.<init>(ClassReader.java:180)
	at org.jacoco.agent.rt.internal_4742761.asm.ClassReader.<init>(ClassReader.java:166)
	at org.jacoco.agent.rt.internal_4742761.core.internal.instr.InstrSupport.classReaderFor(InstrSupport.java:280)
	at org.jacoco.agent.rt.internal_4742761.core.instr.Instrumenter.instrument(Instrumenter.java:77)
	at org.jacoco.agent.rt.internal_4742761.core.instr.Instrumenter.instrument(Instrumenter.java:109)
	... 39 more
java.lang.instrument.IllegalClassFormatException: Error while instrumenting sun/security/pkcs11/SunPKCS11$Descriptor with JaCoCo 0.8.11.202310140853/f33756c.
	at org.jacoco.agent.rt.internal_4742761.CoverageTransformer.transform(CoverageTransformer.java:94)
	at java.instrument/java.lang.instrument.ClassFileTransformer.transform(ClassFileTransformer.java:242)
	at java.instrument/sun.instrument.TransformerManager.transform(TransformerManager.java:188)
	at java.instrument/sun.instrument.InstrumentationImpl.transform(InstrumentationImpl.java:610)
	at java.base/java.lang.ClassLoader.defineClass2(Native Method)
	at java.base/java.lang.ClassLoader.defineClass(ClassLoader.java:1116)
	at java.base/java.security.SecureClassLoader.defineClass(SecureClassLoader.java:182)
	at java.base/jdk.internal.loader.BuiltinClassLoader.defineClass(BuiltinClassLoader.java:821)
	at java.base/jdk.internal.loader.BuiltinClassLoader.findClassInModuleOrNull(BuiltinClassLoader.java:741)
	at java.base/jdk.internal.loader.BuiltinClassLoader.loadClassOrNull(BuiltinClassLoader.java:665)
	at java.base/jdk.internal.loader.BuiltinClassLoader.loadClass(BuiltinClassLoader.java:639)
	at java.base/java.lang.ClassLoader.loadClass(ClassLoader.java:528)
	at jdk.crypto.cryptoki/sun.security.pkcs11.SunPKCS11.d(SunPKCS11.java:476)
	at jdk.crypto.cryptoki/sun.security.pkcs11.SunPKCS11.<clinit>(SunPKCS11.java:558)
	at java.base/jdk.internal.misc.Unsafe.ensureClassInitialized0(Native Method)
	at java.base/jdk.internal.misc.Unsafe.ensureClassInitialized(Unsafe.java:1161)
	at java.base/jdk.internal.reflect.MethodHandleAccessorFactory.ensureClassInitialized(MethodHandleAccessorFactory.java:340)
	at java.base/jdk.internal.reflect.MethodHandleAccessorFactory.newConstructorAccessor(MethodHandleAccessorFactory.java:103)
	at java.base/jdk.internal.reflect.ReflectionFactory.newConstructorAccessor(ReflectionFactory.java:173)
	at java.base/java.lang.reflect.Constructor.acquireConstructorAccessor(Constructor.java:548)
	at java.base/java.lang.reflect.Constructor.newInstanceWithCaller(Constructor.java:498)
	at java.base/java.lang.reflect.Constructor.newInstance(Constructor.java:485)
	at java.base/java.util.ServiceLoader$ProviderImpl.newInstance(ServiceLoader.java:785)
	at java.base/java.util.ServiceLoader$ProviderImpl.get(ServiceLoader.java:725)
	at java.base/java.util.ServiceLoader$3.next(ServiceLoader.java:1397)
	at java.base/sun.security.jca.ProviderConfig$ProviderLoader.load(ProviderConfig.java:351)
	at java.base/sun.security.jca.ProviderConfig$3.run(ProviderConfig.java:258)
	at java.base/sun.security.jca.ProviderConfig$3.run(ProviderConfig.java:252)
	at java.base/java.security.AccessController.doPrivileged(AccessController.java:319)
	at java.base/sun.security.jca.ProviderConfig.doLoadProvider(ProviderConfig.java:252)
	at java.base/sun.security.jca.ProviderConfig.getProvider(ProviderConfig.java:229)
	at java.base/sun.security.jca.ProviderList.loadAll(ProviderList.java:320)
	at java.base/sun.security.jca.ProviderList.removeInvalid(ProviderList.java:337)
	at java.base/sun.security.jca.Providers.getFullProviderList(Providers.java:186)
	at java.base/java.security.Security.getProviders(Security.java:434)
	at java.base/java.security.Security.getAlgorithms(Security.java:976)
	at org.apache.catalina.util.SessionIdGeneratorBase.<clinit>(SessionIdGeneratorBase.java:49)
	at org.apache.catalina.authenticator.AuthenticatorBase.<init>(AuthenticatorBase.java:189)
	at org.apache.catalina.authenticator.NonLoginAuthenticator.<init>(NonLoginAuthenticator.java:31)
	at org.springframework.boot.autoconfigure.BackgroundPreinitializer$TomcatInitializer.run(BackgroundPreinitializer.java:202)
	at org.springframework.boot.autoconfigure.BackgroundPreinitializer$1.runSafely(BackgroundPreinitializer.java:120)
	at org.springframework.boot.autoconfigure.BackgroundPreinitializer$1.run(BackgroundPreinitializer.java:113)
	at java.base/java.lang.Thread.run(Thread.java:1575)
Caused by: java.io.IOException: Error while instrumenting sun/security/pkcs11/SunPKCS11$Descriptor with JaCoCo 0.8.11.202310140853/f33756c.
	at org.jacoco.agent.rt.internal_4742761.core.instr.Instrumenter.instrumentError(Instrumenter.java:161)
	at org.jacoco.agent.rt.internal_4742761.core.instr.Instrumenter.instrument(Instrumenter.java:111)
	at org.jacoco.agent.rt.internal_4742761.CoverageTransformer.transform(CoverageTransformer.java:92)
	... 42 more
Caused by: java.lang.IllegalArgumentException: Unsupported class file major version 67
	at org.jacoco.agent.rt.internal_4742761.asm.ClassReader.<init>(ClassReader.java:200)
	at org.jacoco.agent.rt.internal_4742761.asm.ClassReader.<init>(ClassReader.java:180)
	at org.jacoco.agent.rt.internal_4742761.asm.ClassReader.<init>(ClassReader.java:166)
	at org.jacoco.agent.rt.internal_4742761.core.internal.instr.InstrSupport.classReaderFor(InstrSupport.java:280)
	at org.jacoco.agent.rt.internal_4742761.core.instr.Instrumenter.instrument(Instrumenter.java:77)
	at org.jacoco.agent.rt.internal_4742761.core.instr.Instrumenter.instrument(Instrumenter.java:109)
	... 43 more
java.lang.instrument.IllegalClassFormatException: Error while instrumenting java/sql/Date with JaCoCo 0.8.11.202310140853/f33756c.
	at org.jacoco.agent.rt.internal_4742761.CoverageTransformer.transform(CoverageTransformer.java:94)
	at java.instrument/java.lang.instrument.ClassFileTransformer.transform(ClassFileTransformer.java:242)
	at java.instrument/sun.instrument.TransformerManager.transform(TransformerManager.java:188)
	at java.instrument/sun.instrument.InstrumentationImpl.transform(InstrumentationImpl.java:610)
	at java.base/java.lang.ClassLoader.defineClass2(Native Method)
	at java.base/java.lang.ClassLoader.defineClass(ClassLoader.java:1116)
	at java.base/java.security.SecureClassLoader.defineClass(SecureClassLoader.java:182)
	at java.base/jdk.internal.loader.BuiltinClassLoader.defineClass(BuiltinClassLoader.java:821)
	at java.base/jdk.internal.loader.BuiltinClassLoader.findClassInModuleOrNull(BuiltinClassLoader.java:741)
	at java.base/jdk.internal.loader.BuiltinClassLoader.loadClassOrNull(BuiltinClassLoader.java:665)
	at java.base/jdk.internal.loader.BuiltinClassLoader.loadClassOrNull(BuiltinClassLoader.java:700)
	at java.base/jdk.internal.loader.BuiltinClassLoader.loadClassOrNull(BuiltinClassLoader.java:669)
	at java.base/jdk.internal.loader.BuiltinClassLoader.loadClass(BuiltinClassLoader.java:639)
	at java.base/jdk.internal.loader.ClassLoaders$AppClassLoader.loadClass(ClassLoaders.java:188)
	at java.base/java.lang.ClassLoader.loadClass(ClassLoader.java:528)
	at java.base/java.lang.Class.forName0(Native Method)
	at java.base/java.lang.Class.forName(Class.java:462)
	at java.base/java.lang.Class.forName(Class.java:453)
	at com.google.gson.internal.sql.SqlTypesSupport.<clinit>(SqlTypesSupport.java:37)
	at com.google.gson.GsonBuilder.addTypeAdaptersForDate(GsonBuilder.java:774)
	at com.google.gson.GsonBuilder.create(GsonBuilder.java:760)
	at org.springframework.boot.autoconfigure.gson.GsonAutoConfiguration.gson(GsonAutoConfiguration.java:56)
	at java.base/jdk.internal.reflect.DirectMethodHandleAccessor.invoke(DirectMethodHandleAccessor.java:103)
	at java.base/java.lang.reflect.Method.invoke(Method.java:580)
	at org.springframework.beans.factory.support.SimpleInstantiationStrategy.instantiate(SimpleInstantiationStrategy.java:140)
	at org.springframework.beans.factory.support.ConstructorResolver.instantiate(ConstructorResolver.java:647)
	at org.springframework.beans.factory.support.ConstructorResolver.instantiateUsingFactoryMethod(ConstructorResolver.java:639)
	at org.springframework.beans.factory.support.AbstractAutowireCapableBeanFactory.instantiateUsingFactoryMethod(AbstractAutowireCapableBeanFactory.java:1334)
	at org.springframework.beans.factory.support.AbstractAutowireCapableBeanFactory.createBeanInstance(AbstractAutowireCapableBeanFactory.java:1164)
	at org.springframework.beans.factory.support.AbstractAutowireCapableBeanFactory.doCreateBean(AbstractAutowireCapableBeanFactory.java:561)
	at org.springframework.beans.factory.support.AbstractAutowireCapableBeanFactory.createBean(AbstractAutowireCapableBeanFactory.java:521)
	at org.springframework.beans.factory.support.AbstractBeanFactory.lambda$doGetBean$0(AbstractBeanFactory.java:325)
	at org.springframework.beans.factory.support.DefaultSingletonBeanRegistry.getSingleton(DefaultSingletonBeanRegistry.java:234)
	at org.springframework.beans.factory.support.AbstractBeanFactory.doGetBean(AbstractBeanFactory.java:323)
	at org.springframework.beans.factory.support.AbstractBeanFactory.getBean(AbstractBeanFactory.java:199)
	at org.springframework.beans.factory.support.DefaultListableBeanFactory.preInstantiateSingletons(DefaultListableBeanFactory.java:975)
	at org.springframework.context.support.AbstractApplicationContext.finishBeanFactoryInitialization(AbstractApplicationContext.java:959)
	at org.springframework.context.support.AbstractApplicationContext.refresh(AbstractApplicationContext.java:624)
	at org.springframework.boot.SpringApplication.refresh(SpringApplication.java:754)
	at org.springframework.boot.SpringApplication.refreshContext(SpringApplication.java:456)
	at org.springframework.boot.SpringApplication.run(SpringApplication.java:334)
	at org.springframework.boot.test.context.SpringBootContextLoader.lambda$loadContext$3(SpringBootContextLoader.java:137)
	at org.springframework.util.function.ThrowingSupplier.get(ThrowingSupplier.java:58)
	at org.springframework.util.function.ThrowingSupplier.get(ThrowingSupplier.java:46)
	at org.springframework.boot.SpringApplication.withHook(SpringApplication.java:1454)
	at org.springframework.boot.test.context.SpringBootContextLoader$ContextLoaderHook.run(SpringBootContextLoader.java:552)
	at org.springframework.boot.test.context.SpringBootContextLoader.loadContext(SpringBootContextLoader.java:137)
	at org.springframework.boot.test.context.SpringBootContextLoader.loadContext(SpringBootContextLoader.java:108)
	at org.springframework.test.context.cache.DefaultCacheAwareContextLoaderDelegate.loadContextInternal(DefaultCacheAwareContextLoaderDelegate.java:225)
	at org.springframework.test.context.cache.DefaultCacheAwareContextLoaderDelegate.loadContext(DefaultCacheAwareContextLoaderDelegate.java:152)
	at org.springframework.test.context.support.DefaultTestContext.getApplicationContext(DefaultTestContext.java:130)
	at org.springframework.test.context.web.ServletTestExecutionListener.setUpRequestContextIfNecessary(ServletTestExecutionListener.java:191)
	at org.springframework.test.context.web.ServletTestExecutionListener.prepareTestInstance(ServletTestExecutionListener.java:130)
	at org.springframework.test.context.TestContextManager.prepareTestInstance(TestContextManager.java:260)
	at org.springframework.test.context.junit.jupiter.SpringExtension.postProcessTestInstance(SpringExtension.java:163)
	at org.junit.jupiter.engine.descriptor.ClassBasedTestDescriptor.lambda$invokeTestInstancePostProcessors$10(ClassBasedTestDescriptor.java:378)
	at org.junit.jupiter.engine.descriptor.ClassBasedTestDescriptor.executeAndMaskThrowable(ClassBasedTestDescriptor.java:383)
	at org.junit.jupiter.engine.descriptor.ClassBasedTestDescriptor.lambda$invokeTestInstancePostProcessors$11(ClassBasedTestDescriptor.java:378)
	at java.base/java.util.stream.ReferencePipeline$3$1.accept(ReferencePipeline.java:215)
	at java.base/java.util.stream.ReferencePipeline$2$1.accept(ReferencePipeline.java:197)
	at java.base/java.util.ArrayList$ArrayListSpliterator.forEachRemaining(ArrayList.java:1709)
	at java.base/java.util.stream.AbstractPipeline.copyInto(AbstractPipeline.java:570)
	at java.base/java.util.stream.AbstractPipeline.wrapAndCopyInto(AbstractPipeline.java:560)
	at java.base/java.util.stream.StreamSpliterators$WrappingSpliterator.forEachRemaining(StreamSpliterators.java:315)
	at java.base/java.util.stream.Streams$ConcatSpliterator.forEachRemaining(Streams.java:735)
	at java.base/java.util.stream.Streams$ConcatSpliterator.forEachRemaining(Streams.java:734)
	at java.base/java.util.stream.ReferencePipeline$Head.forEach(ReferencePipeline.java:807)
	at org.junit.jupiter.engine.descriptor.ClassBasedTestDescriptor.invokeTestInstancePostProcessors(ClassBasedTestDescriptor.java:377)
	at org.junit.jupiter.engine.descriptor.ClassBasedTestDescriptor.lambda$instantiateAndPostProcessTestInstance$6(ClassBasedTestDescriptor.java:290)
	at org.junit.platform.engine.support.hierarchical.ThrowableCollector.execute(ThrowableCollector.java:73)
	at org.junit.jupiter.engine.descriptor.ClassBasedTestDescriptor.instantiateAndPostProcessTestInstance(ClassBasedTestDescriptor.java:289)
	at org.junit.jupiter.engine.descriptor.ClassBasedTestDescriptor.lambda$testInstancesProvider$4(ClassBasedTestDescriptor.java:279)
	at java.base/java.util.Optional.orElseGet(Optional.java:364)
	at org.junit.jupiter.engine.descriptor.ClassBasedTestDescriptor.lambda$testInstancesProvider$5(ClassBasedTestDescriptor.java:278)
	at org.junit.jupiter.engine.execution.TestInstancesProvider.getTestInstances(TestInstancesProvider.java:31)
	at org.junit.jupiter.engine.descriptor.TestMethodTestDescriptor.lambda$prepare$0(TestMethodTestDescriptor.java:106)
	at org.junit.platform.engine.support.hierarchical.ThrowableCollector.execute(ThrowableCollector.java:73)
	at org.junit.jupiter.engine.descriptor.TestMethodTestDescriptor.prepare(TestMethodTestDescriptor.java:105)
	at org.junit.jupiter.engine.descriptor.TestMethodTestDescriptor.prepare(TestMethodTestDescriptor.java:69)
	at org.junit.platform.engine.support.hierarchical.NodeTestTask.lambda$prepare$2(NodeTestTask.java:123)
	at org.junit.platform.engine.support.hierarchical.ThrowableCollector.execute(ThrowableCollector.java:73)
	at org.junit.platform.engine.support.hierarchical.NodeTestTask.prepare(NodeTestTask.java:123)
	at org.junit.platform.engine.support.hierarchical.NodeTestTask.execute(NodeTestTask.java:90)
	at java.base/java.util.ArrayList.forEach(ArrayList.java:1597)
	at org.junit.platform.engine.support.hierarchical.SameThreadHierarchicalTestExecutorService.invokeAll(SameThreadHierarchicalTestExecutorService.java:41)
	at org.junit.platform.engine.support.hierarchical.NodeTestTask.lambda$executeRecursively$6(NodeTestTask.java:155)
	at org.junit.platform.engine.support.hierarchical.ThrowableCollector.execute(ThrowableCollector.java:73)
	at org.junit.platform.engine.support.hierarchical.NodeTestTask.lambda$executeRecursively$8(NodeTestTask.java:141)
	at org.junit.platform.engine.support.hierarchical.Node.around(Node.java:137)
	at org.junit.platform.engine.support.hierarchical.NodeTestTask.lambda$executeRecursively$9(NodeTestTask.java:139)
	at org.junit.platform.engine.support.hierarchical.ThrowableCollector.execute(ThrowableCollector.java:73)
	at org.junit.platform.engine.support.hierarchical.NodeTestTask.executeRecursively(NodeTestTask.java:138)
	at org.junit.platform.engine.support.hierarchical.NodeTestTask.execute(NodeTestTask.java:95)
	at java.base/java.util.ArrayList.forEach(ArrayList.java:1597)
	at org.junit.platform.engine.support.hierarchical.SameThreadHierarchicalTestExecutorService.invokeAll(SameThreadHierarchicalTestExecutorService.java:41)
	at org.junit.platform.engine.support.hierarchical.NodeTestTask.lambda$executeRecursively$6(NodeTestTask.java:155)
	at org.junit.platform.engine.support.hierarchical.ThrowableCollector.execute(ThrowableCollector.java:73)
	at org.junit.platform.engine.support.hierarchical.NodeTestTask.lambda$executeRecursively$8(NodeTestTask.java:141)
	at org.junit.platform.engine.support.hierarchical.Node.around(Node.java:137)
	at org.junit.platform.engine.support.hierarchical.NodeTestTask.lambda$executeRecursively$9(NodeTestTask.java:139)
	at org.junit.platform.engine.support.hierarchical.ThrowableCollector.execute(ThrowableCollector.java:73)
	at org.junit.platform.engine.support.hierarchical.NodeTestTask.executeRecursively(NodeTestTask.java:138)
	at org.junit.platform.engine.support.hierarchical.NodeTestTask.execute(NodeTestTask.java:95)
	at org.junit.platform.engine.support.hierarchical.SameThreadHierarchicalTestExecutorService.submit(SameThreadHierarchicalTestExecutorService.java:35)
	at org.junit.platform.engine.support.hierarchical.HierarchicalTestExecutor.execute(HierarchicalTestExecutor.java:57)
	at org.junit.platform.engine.support.hierarchical.HierarchicalTestEngine.execute(HierarchicalTestEngine.java:54)
	at org.junit.platform.launcher.core.EngineExecutionOrchestrator.execute(EngineExecutionOrchestrator.java:198)
	at org.junit.platform.launcher.core.EngineExecutionOrchestrator.execute(EngineExecutionOrchestrator.java:169)
	at org.junit.platform.launcher.core.EngineExecutionOrchestrator.execute(EngineExecutionOrchestrator.java:93)
	at org.junit.platform.launcher.core.EngineExecutionOrchestrator.lambda$execute$0(EngineExecutionOrchestrator.java:58)
	at org.junit.platform.launcher.core.EngineExecutionOrchestrator.withInterceptedStreams(EngineExecutionOrchestrator.java:141)
	at org.junit.platform.launcher.core.EngineExecutionOrchestrator.execute(EngineExecutionOrchestrator.java:57)
	at org.junit.platform.launcher.core.DefaultLauncher.execute(DefaultLauncher.java:103)
	at org.junit.platform.launcher.core.DefaultLauncher.execute(DefaultLauncher.java:85)
	at org.junit.platform.launcher.core.DelegatingLauncher.execute(DelegatingLauncher.java:47)
	at org.apache.maven.surefire.junitplatform.LazyLauncher.execute(LazyLauncher.java:56)
	at org.apache.maven.surefire.junitplatform.JUnitPlatformProvider.execute(JUnitPlatformProvider.java:184)
	at org.apache.maven.surefire.junitplatform.JUnitPlatformProvider.invokeAllTests(JUnitPlatformProvider.java:148)
	at org.apache.maven.surefire.junitplatform.JUnitPlatformProvider.invoke(JUnitPlatformProvider.java:122)
	at org.apache.maven.surefire.booter.ForkedBooter.runSuitesInProcess(ForkedBooter.java:385)
	at org.apache.maven.surefire.booter.ForkedBooter.execute(ForkedBooter.java:162)
	at org.apache.maven.surefire.booter.ForkedBooter.run(ForkedBooter.java:507)
	at org.apache.maven.surefire.booter.ForkedBooter.main(ForkedBooter.java:495)
Caused by: java.io.IOException: Error while instrumenting java/sql/Date with JaCoCo 0.8.11.202310140853/f33756c.
	at org.jacoco.agent.rt.internal_4742761.core.instr.Instrumenter.instrumentError(Instrumenter.java:161)
	at org.jacoco.agent.rt.internal_4742761.core.instr.Instrumenter.instrument(Instrumenter.java:111)
	at org.jacoco.agent.rt.internal_4742761.CoverageTransformer.transform(CoverageTransformer.java:92)
	... 122 more
Caused by: java.lang.IllegalArgumentException: Unsupported class file major version 67
	at org.jacoco.agent.rt.internal_4742761.asm.ClassReader.<init>(ClassReader.java:200)
	at org.jacoco.agent.rt.internal_4742761.asm.ClassReader.<init>(ClassReader.java:180)
	at org.jacoco.agent.rt.internal_4742761.asm.ClassReader.<init>(ClassReader.java:166)
	at org.jacoco.agent.rt.internal_4742761.core.internal.instr.InstrSupport.classReaderFor(InstrSupport.java:280)
	at org.jacoco.agent.rt.internal_4742761.core.instr.Instrumenter.instrument(Instrumenter.java:77)
	at org.jacoco.agent.rt.internal_4742761.core.instr.Instrumenter.instrument(Instrumenter.java:109)
	... 123 more
java.lang.instrument.IllegalClassFormatException: Error while instrumenting java/sql/Timestamp with JaCoCo 0.8.11.202310140853/f33756c.
	at org.jacoco.agent.rt.internal_4742761.CoverageTransformer.transform(CoverageTransformer.java:94)
	at java.instrument/java.lang.instrument.ClassFileTransformer.transform(ClassFileTransformer.java:242)
	at java.instrument/sun.instrument.TransformerManager.transform(TransformerManager.java:188)
	at java.instrument/sun.instrument.InstrumentationImpl.transform(InstrumentationImpl.java:610)
	at java.base/java.lang.ClassLoader.defineClass2(Native Method)
	at java.base/java.lang.ClassLoader.defineClass(ClassLoader.java:1116)
	at java.base/java.security.SecureClassLoader.defineClass(SecureClassLoader.java:182)
	at java.base/jdk.internal.loader.BuiltinClassLoader.defineClass(BuiltinClassLoader.java:821)
	at java.base/jdk.internal.loader.BuiltinClassLoader.findClassInModuleOrNull(BuiltinClassLoader.java:741)
	at java.base/jdk.internal.loader.BuiltinClassLoader.loadClassOrNull(BuiltinClassLoader.java:665)
	at java.base/jdk.internal.loader.BuiltinClassLoader.loadClassOrNull(BuiltinClassLoader.java:700)
	at java.base/jdk.internal.loader.BuiltinClassLoader.loadClassOrNull(BuiltinClassLoader.java:669)
	at java.base/jdk.internal.loader.BuiltinClassLoader.loadClass(BuiltinClassLoader.java:639)
	at java.base/jdk.internal.loader.ClassLoaders$AppClassLoader.loadClass(ClassLoaders.java:188)
	at java.base/java.lang.ClassLoader.loadClass(ClassLoader.java:528)
	at com.google.gson.internal.sql.SqlTypesSupport.<clinit>(SqlTypesSupport.java:50)
	at com.google.gson.GsonBuilder.addTypeAdaptersForDate(GsonBuilder.java:774)
	at com.google.gson.GsonBuilder.create(GsonBuilder.java:760)
	at org.springframework.boot.autoconfigure.gson.GsonAutoConfiguration.gson(GsonAutoConfiguration.java:56)
	at java.base/jdk.internal.reflect.DirectMethodHandleAccessor.invoke(DirectMethodHandleAccessor.java:103)
	at java.base/java.lang.reflect.Method.invoke(Method.java:580)
	at org.springframework.beans.factory.support.SimpleInstantiationStrategy.instantiate(SimpleInstantiationStrategy.java:140)
	at org.springframework.beans.factory.support.ConstructorResolver.instantiate(ConstructorResolver.java:647)
	at org.springframework.beans.factory.support.ConstructorResolver.instantiateUsingFactoryMethod(ConstructorResolver.java:639)
	at org.springframework.beans.factory.support.AbstractAutowireCapableBeanFactory.instantiateUsingFactoryMethod(AbstractAutowireCapableBeanFactory.java:1334)
	at org.springframework.beans.factory.support.AbstractAutowireCapableBeanFactory.createBeanInstance(AbstractAutowireCapableBeanFactory.java:1164)
	at org.springframework.beans.factory.support.AbstractAutowireCapableBeanFactory.doCreateBean(AbstractAutowireCapableBeanFactory.java:561)
	at org.springframework.beans.factory.support.AbstractAutowireCapableBeanFactory.createBean(AbstractAutowireCapableBeanFactory.java:521)
	at org.springframework.beans.factory.support.AbstractBeanFactory.lambda$doGetBean$0(AbstractBeanFactory.java:325)
	at org.springframework.beans.factory.support.DefaultSingletonBeanRegistry.getSingleton(DefaultSingletonBeanRegistry.java:234)
	at org.springframework.beans.factory.support.AbstractBeanFactory.doGetBean(AbstractBeanFactory.java:323)
	at org.springframework.beans.factory.support.AbstractBeanFactory.getBean(AbstractBeanFactory.java:199)
	at org.springframework.beans.factory.support.DefaultListableBeanFactory.preInstantiateSingletons(DefaultListableBeanFactory.java:975)
	at org.springframework.context.support.AbstractApplicationContext.finishBeanFactoryInitialization(AbstractApplicationContext.java:959)
	at org.springframework.context.support.AbstractApplicationContext.refresh(AbstractApplicationContext.java:624)
	at org.springframework.boot.SpringApplication.refresh(SpringApplication.java:754)
	at org.springframework.boot.SpringApplication.refreshContext(SpringApplication.java:456)
	at org.springframework.boot.SpringApplication.run(SpringApplication.java:334)
	at org.springframework.boot.test.context.SpringBootContextLoader.lambda$loadContext$3(SpringBootContextLoader.java:137)
	at org.springframework.util.function.ThrowingSupplier.get(ThrowingSupplier.java:58)
	at org.springframework.util.function.ThrowingSupplier.get(ThrowingSupplier.java:46)
	at org.springframework.boot.SpringApplication.withHook(SpringApplication.java:1454)
	at org.springframework.boot.test.context.SpringBootContextLoader$ContextLoaderHook.run(SpringBootContextLoader.java:552)
	at org.springframework.boot.test.context.SpringBootContextLoader.loadContext(SpringBootContextLoader.java:137)
	at org.springframework.boot.test.context.SpringBootContextLoader.loadContext(SpringBootContextLoader.java:108)
	at org.springframework.test.context.cache.DefaultCacheAwareContextLoaderDelegate.loadContextInternal(DefaultCacheAwareContextLoaderDelegate.java:225)
	at org.springframework.test.context.cache.DefaultCacheAwareContextLoaderDelegate.loadContext(DefaultCacheAwareContextLoaderDelegate.java:152)
	at org.springframework.test.context.support.DefaultTestContext.getApplicationContext(DefaultTestContext.java:130)
	at org.springframework.test.context.web.ServletTestExecutionListener.setUpRequestContextIfNecessary(ServletTestExecutionListener.java:191)
	at org.springframework.test.context.web.ServletTestExecutionListener.prepareTestInstance(ServletTestExecutionListener.java:130)
	at org.springframework.test.context.TestContextManager.prepareTestInstance(TestContextManager.java:260)
	at org.springframework.test.context.junit.jupiter.SpringExtension.postProcessTestInstance(SpringExtension.java:163)
	at org.junit.jupiter.engine.descriptor.ClassBasedTestDescriptor.lambda$invokeTestInstancePostProcessors$10(ClassBasedTestDescriptor.java:378)
	at org.junit.jupiter.engine.descriptor.ClassBasedTestDescriptor.executeAndMaskThrowable(ClassBasedTestDescriptor.java:383)
	at org.junit.jupiter.engine.descriptor.ClassBasedTestDescriptor.lambda$invokeTestInstancePostProcessors$11(ClassBasedTestDescriptor.java:378)
	at java.base/java.util.stream.ReferencePipeline$3$1.accept(ReferencePipeline.java:215)
	at java.base/java.util.stream.ReferencePipeline$2$1.accept(ReferencePipeline.java:197)
	at java.base/java.util.ArrayList$ArrayListSpliterator.forEachRemaining(ArrayList.java:1709)
	at java.base/java.util.stream.AbstractPipeline.copyInto(AbstractPipeline.java:570)
	at java.base/java.util.stream.AbstractPipeline.wrapAndCopyInto(AbstractPipeline.java:560)
	at java.base/java.util.stream.StreamSpliterators$WrappingSpliterator.forEachRemaining(StreamSpliterators.java:315)
	at java.base/java.util.stream.Streams$ConcatSpliterator.forEachRemaining(Streams.java:735)
	at java.base/java.util.stream.Streams$ConcatSpliterator.forEachRemaining(Streams.java:734)
	at java.base/java.util.stream.ReferencePipeline$Head.forEach(ReferencePipeline.java:807)
	at org.junit.jupiter.engine.descriptor.ClassBasedTestDescriptor.invokeTestInstancePostProcessors(ClassBasedTestDescriptor.java:377)
	at org.junit.jupiter.engine.descriptor.ClassBasedTestDescriptor.lambda$instantiateAndPostProcessTestInstance$6(ClassBasedTestDescriptor.java:290)
	at org.junit.platform.engine.support.hierarchical.ThrowableCollector.execute(ThrowableCollector.java:73)
	at org.junit.jupiter.engine.descriptor.ClassBasedTestDescriptor.instantiateAndPostProcessTestInstance(ClassBasedTestDescriptor.java:289)
	at org.junit.jupiter.engine.descriptor.ClassBasedTestDescriptor.lambda$testInstancesProvider$4(ClassBasedTestDescriptor.java:279)
	at java.base/java.util.Optional.orElseGet(Optional.java:364)
	at org.junit.jupiter.engine.descriptor.ClassBasedTestDescriptor.lambda$testInstancesProvider$5(ClassBasedTestDescriptor.java:278)
	at org.junit.jupiter.engine.execution.TestInstancesProvider.getTestInstances(TestInstancesProvider.java:31)
	at org.junit.jupiter.engine.descriptor.TestMethodTestDescriptor.lambda$prepare$0(TestMethodTestDescriptor.java:106)
	at org.junit.platform.engine.support.hierarchical.ThrowableCollector.execute(ThrowableCollector.java:73)
	at org.junit.jupiter.engine.descriptor.TestMethodTestDescriptor.prepare(TestMethodTestDescriptor.java:105)
	at org.junit.jupiter.engine.descriptor.TestMethodTestDescriptor.prepare(TestMethodTestDescriptor.java:69)
	at org.junit.platform.engine.support.hierarchical.NodeTestTask.lambda$prepare$2(NodeTestTask.java:123)
	at org.junit.platform.engine.support.hierarchical.ThrowableCollector.execute(ThrowableCollector.java:73)
	at org.junit.platform.engine.support.hierarchical.NodeTestTask.prepare(NodeTestTask.java:123)
	at org.junit.platform.engine.support.hierarchical.NodeTestTask.execute(NodeTestTask.java:90)
	at java.base/java.util.ArrayList.forEach(ArrayList.java:1597)
	at org.junit.platform.engine.support.hierarchical.SameThreadHierarchicalTestExecutorService.invokeAll(SameThreadHierarchicalTestExecutorService.java:41)
	at org.junit.platform.engine.support.hierarchical.NodeTestTask.lambda$executeRecursively$6(NodeTestTask.java:155)
	at org.junit.platform.engine.support.hierarchical.ThrowableCollector.execute(ThrowableCollector.java:73)
	at org.junit.platform.engine.support.hierarchical.NodeTestTask.lambda$executeRecursively$8(NodeTestTask.java:141)
	at org.junit.platform.engine.support.hierarchical.Node.around(Node.java:137)
	at org.junit.platform.engine.support.hierarchical.NodeTestTask.lambda$executeRecursively$9(NodeTestTask.java:139)
	at org.junit.platform.engine.support.hierarchical.ThrowableCollector.execute(ThrowableCollector.java:73)
	at org.junit.platform.engine.support.hierarchical.NodeTestTask.executeRecursively(NodeTestTask.java:138)
	at org.junit.platform.engine.support.hierarchical.NodeTestTask.execute(NodeTestTask.java:95)
	at java.base/java.util.ArrayList.forEach(ArrayList.java:1597)
	at org.junit.platform.engine.support.hierarchical.SameThreadHierarchicalTestExecutorService.invokeAll(SameThreadHierarchicalTestExecutorService.java:41)
	at org.junit.platform.engine.support.hierarchical.NodeTestTask.lambda$executeRecursively$6(NodeTestTask.java:155)
	at org.junit.platform.engine.support.hierarchical.ThrowableCollector.execute(ThrowableCollector.java:73)
	at org.junit.platform.engine.support.hierarchical.NodeTestTask.lambda$executeRecursively$8(NodeTestTask.java:141)
	at org.junit.platform.engine.support.hierarchical.Node.around(Node.java:137)
	at org.junit.platform.engine.support.hierarchical.NodeTestTask.lambda$executeRecursively$9(NodeTestTask.java:139)
	at org.junit.platform.engine.support.hierarchical.ThrowableCollector.execute(ThrowableCollector.java:73)
	at org.junit.platform.engine.support.hierarchical.NodeTestTask.executeRecursively(NodeTestTask.java:138)
	at org.junit.platform.engine.support.hierarchical.NodeTestTask.execute(NodeTestTask.java:95)
	at org.junit.platform.engine.support.hierarchical.SameThreadHierarchicalTestExecutorService.submit(SameThreadHierarchicalTestExecutorService.java:35)
	at org.junit.platform.engine.support.hierarchical.HierarchicalTestExecutor.execute(HierarchicalTestExecutor.java:57)
	at org.junit.platform.engine.support.hierarchical.HierarchicalTestEngine.execute(HierarchicalTestEngine.java:54)
	at org.junit.platform.launcher.core.EngineExecutionOrchestrator.execute(EngineExecutionOrchestrator.java:198)
	at org.junit.platform.launcher.core.EngineExecutionOrchestrator.execute(EngineExecutionOrchestrator.java:169)
	at org.junit.platform.launcher.core.EngineExecutionOrchestrator.execute(EngineExecutionOrchestrator.java:93)
	at org.junit.platform.launcher.core.EngineExecutionOrchestrator.lambda$execute$0(EngineExecutionOrchestrator.java:58)
	at org.junit.platform.launcher.core.EngineExecutionOrchestrator.withInterceptedStreams(EngineExecutionOrchestrator.java:141)
	at org.junit.platform.launcher.core.EngineExecutionOrchestrator.execute(EngineExecutionOrchestrator.java:57)
	at org.junit.platform.launcher.core.DefaultLauncher.execute(DefaultLauncher.java:103)
	at org.junit.platform.launcher.core.DefaultLauncher.execute(DefaultLauncher.java:85)
	at org.junit.platform.launcher.core.DelegatingLauncher.execute(DelegatingLauncher.java:47)
	at org.apache.maven.surefire.junitplatform.LazyLauncher.execute(LazyLauncher.java:56)
	at org.apache.maven.surefire.junitplatform.JUnitPlatformProvider.execute(JUnitPlatformProvider.java:184)
	at org.apache.maven.surefire.junitplatform.JUnitPlatformProvider.invokeAllTests(JUnitPlatformProvider.java:148)
	at org.apache.maven.surefire.junitplatform.JUnitPlatformProvider.invoke(JUnitPlatformProvider.java:122)
	at org.apache.maven.surefire.booter.ForkedBooter.runSuitesInProcess(ForkedBooter.java:385)
	at org.apache.maven.surefire.booter.ForkedBooter.execute(ForkedBooter.java:162)
	at org.apache.maven.surefire.booter.ForkedBooter.run(ForkedBooter.java:507)
	at org.apache.maven.surefire.booter.ForkedBooter.main(ForkedBooter.java:495)
Caused by: java.io.IOException: Error while instrumenting java/sql/Timestamp with JaCoCo 0.8.11.202310140853/f33756c.
	at org.jacoco.agent.rt.internal_4742761.core.instr.Instrumenter.instrumentError(Instrumenter.java:161)
	at org.jacoco.agent.rt.internal_4742761.core.instr.Instrumenter.instrument(Instrumenter.java:111)
	at org.jacoco.agent.rt.internal_4742761.CoverageTransformer.transform(CoverageTransformer.java:92)
	... 119 more
Caused by: java.lang.IllegalArgumentException: Unsupported class file major version 67
	at org.jacoco.agent.rt.internal_4742761.asm.ClassReader.<init>(ClassReader.java:200)
	at org.jacoco.agent.rt.internal_4742761.asm.ClassReader.<init>(ClassReader.java:180)
	at org.jacoco.agent.rt.internal_4742761.asm.ClassReader.<init>(ClassReader.java:166)
	at org.jacoco.agent.rt.internal_4742761.core.internal.instr.InstrSupport.classReaderFor(InstrSupport.java:280)
	at org.jacoco.agent.rt.internal_4742761.core.instr.Instrumenter.instrument(Instrumenter.java:77)
	at org.jacoco.agent.rt.internal_4742761.core.instr.Instrumenter.instrument(Instrumenter.java:109)
	... 120 more
java.lang.instrument.IllegalClassFormatException: Error while instrumenting java/sql/Time with JaCoCo 0.8.11.202310140853/f33756c.
	at org.jacoco.agent.rt.internal_4742761.CoverageTransformer.transform(CoverageTransformer.java:94)
	at java.instrument/java.lang.instrument.ClassFileTransformer.transform(ClassFileTransformer.java:242)
	at java.instrument/sun.instrument.TransformerManager.transform(TransformerManager.java:188)
	at java.instrument/sun.instrument.InstrumentationImpl.transform(InstrumentationImpl.java:610)
	at java.base/java.lang.ClassLoader.defineClass2(Native Method)
	at java.base/java.lang.ClassLoader.defineClass(ClassLoader.java:1116)
	at java.base/java.security.SecureClassLoader.defineClass(SecureClassLoader.java:182)
	at java.base/jdk.internal.loader.BuiltinClassLoader.defineClass(BuiltinClassLoader.java:821)
	at java.base/jdk.internal.loader.BuiltinClassLoader.findClassInModuleOrNull(BuiltinClassLoader.java:741)
	at java.base/jdk.internal.loader.BuiltinClassLoader.loadClassOrNull(BuiltinClassLoader.java:665)
	at java.base/jdk.internal.loader.BuiltinClassLoader.loadClassOrNull(BuiltinClassLoader.java:700)
	at java.base/jdk.internal.loader.BuiltinClassLoader.loadClassOrNull(BuiltinClassLoader.java:669)
	at java.base/jdk.internal.loader.BuiltinClassLoader.loadClass(BuiltinClassLoader.java:639)
	at java.base/jdk.internal.loader.ClassLoaders$AppClassLoader.loadClass(ClassLoaders.java:188)
	at java.base/java.lang.ClassLoader.loadClass(ClassLoader.java:528)
	at com.google.gson.internal.sql.SqlTypesSupport.<clinit>(SqlTypesSupport.java:57)
	at com.google.gson.GsonBuilder.addTypeAdaptersForDate(GsonBuilder.java:774)
	at com.google.gson.GsonBuilder.create(GsonBuilder.java:760)
	at org.springframework.boot.autoconfigure.gson.GsonAutoConfiguration.gson(GsonAutoConfiguration.java:56)
	at java.base/jdk.internal.reflect.DirectMethodHandleAccessor.invoke(DirectMethodHandleAccessor.java:103)
	at java.base/java.lang.reflect.Method.invoke(Method.java:580)
	at org.springframework.beans.factory.support.SimpleInstantiationStrategy.instantiate(SimpleInstantiationStrategy.java:140)
	at org.springframework.beans.factory.support.ConstructorResolver.instantiate(ConstructorResolver.java:647)
	at org.springframework.beans.factory.support.ConstructorResolver.instantiateUsingFactoryMethod(ConstructorResolver.java:639)
	at org.springframework.beans.factory.support.AbstractAutowireCapableBeanFactory.instantiateUsingFactoryMethod(AbstractAutowireCapableBeanFactory.java:1334)
	at org.springframework.beans.factory.support.AbstractAutowireCapableBeanFactory.createBeanInstance(AbstractAutowireCapableBeanFactory.java:1164)
	at org.springframework.beans.factory.support.AbstractAutowireCapableBeanFactory.doCreateBean(AbstractAutowireCapableBeanFactory.java:561)
	at org.springframework.beans.factory.support.AbstractAutowireCapableBeanFactory.createBean(AbstractAutowireCapableBeanFactory.java:521)
	at org.springframework.beans.factory.support.AbstractBeanFactory.lambda$doGetBean$0(AbstractBeanFactory.java:325)
	at org.springframework.beans.factory.support.DefaultSingletonBeanRegistry.getSingleton(DefaultSingletonBeanRegistry.java:234)
	at org.springframework.beans.factory.support.AbstractBeanFactory.doGetBean(AbstractBeanFactory.java:323)
	at org.springframework.beans.factory.support.AbstractBeanFactory.getBean(AbstractBeanFactory.java:199)
	at org.springframework.beans.factory.support.DefaultListableBeanFactory.preInstantiateSingletons(DefaultListableBeanFactory.java:975)
	at org.springframework.context.support.AbstractApplicationContext.finishBeanFactoryInitialization(AbstractApplicationContext.java:959)
	at org.springframework.context.support.AbstractApplicationContext.refresh(AbstractApplicationContext.java:624)
	at org.springframework.boot.SpringApplication.refresh(SpringApplication.java:754)
	at org.springframework.boot.SpringApplication.refreshContext(SpringApplication.java:456)
	at org.springframework.boot.SpringApplication.run(SpringApplication.java:334)
	at org.springframework.boot.test.context.SpringBootContextLoader.lambda$loadContext$3(SpringBootContextLoader.java:137)
	at org.springframework.util.function.ThrowingSupplier.get(ThrowingSupplier.java:58)
	at org.springframework.util.function.ThrowingSupplier.get(ThrowingSupplier.java:46)
	at org.springframework.boot.SpringApplication.withHook(SpringApplication.java:1454)
	at org.springframework.boot.test.context.SpringBootContextLoader$ContextLoaderHook.run(SpringBootContextLoader.java:552)
	at org.springframework.boot.test.context.SpringBootContextLoader.loadContext(SpringBootContextLoader.java:137)
	at org.springframework.boot.test.context.SpringBootContextLoader.loadContext(SpringBootContextLoader.java:108)
	at org.springframework.test.context.cache.DefaultCacheAwareContextLoaderDelegate.loadContextInternal(DefaultCacheAwareContextLoaderDelegate.java:225)
	at org.springframework.test.context.cache.DefaultCacheAwareContextLoaderDelegate.loadContext(DefaultCacheAwareContextLoaderDelegate.java:152)
	at org.springframework.test.context.support.DefaultTestContext.getApplicationContext(DefaultTestContext.java:130)
	at org.springframework.test.context.web.ServletTestExecutionListener.setUpRequestContextIfNecessary(ServletTestExecutionListener.java:191)
	at org.springframework.test.context.web.ServletTestExecutionListener.prepareTestInstance(ServletTestExecutionListener.java:130)
	at org.springframework.test.context.TestContextManager.prepareTestInstance(TestContextManager.java:260)
	at org.springframework.test.context.junit.jupiter.SpringExtension.postProcessTestInstance(SpringExtension.java:163)
	at org.junit.jupiter.engine.descriptor.ClassBasedTestDescriptor.lambda$invokeTestInstancePostProcessors$10(ClassBasedTestDescriptor.java:378)
	at org.junit.jupiter.engine.descriptor.ClassBasedTestDescriptor.executeAndMaskThrowable(ClassBasedTestDescriptor.java:383)
	at org.junit.jupiter.engine.descriptor.ClassBasedTestDescriptor.lambda$invokeTestInstancePostProcessors$11(ClassBasedTestDescriptor.java:378)
	at java.base/java.util.stream.ReferencePipeline$3$1.accept(ReferencePipeline.java:215)
	at java.base/java.util.stream.ReferencePipeline$2$1.accept(ReferencePipeline.java:197)
	at java.base/java.util.ArrayList$ArrayListSpliterator.forEachRemaining(ArrayList.java:1709)
	at java.base/java.util.stream.AbstractPipeline.copyInto(AbstractPipeline.java:570)
	at java.base/java.util.stream.AbstractPipeline.wrapAndCopyInto(AbstractPipeline.java:560)
	at java.base/java.util.stream.StreamSpliterators$WrappingSpliterator.forEachRemaining(StreamSpliterators.java:315)
	at java.base/java.util.stream.Streams$ConcatSpliterator.forEachRemaining(Streams.java:735)
	at java.base/java.util.stream.Streams$ConcatSpliterator.forEachRemaining(Streams.java:734)
	at java.base/java.util.stream.ReferencePipeline$Head.forEach(ReferencePipeline.java:807)
	at org.junit.jupiter.engine.descriptor.ClassBasedTestDescriptor.invokeTestInstancePostProcessors(ClassBasedTestDescriptor.java:377)
	at org.junit.jupiter.engine.descriptor.ClassBasedTestDescriptor.lambda$instantiateAndPostProcessTestInstance$6(ClassBasedTestDescriptor.java:290)
	at org.junit.platform.engine.support.hierarchical.ThrowableCollector.execute(ThrowableCollector.java:73)
	at org.junit.jupiter.engine.descriptor.ClassBasedTestDescriptor.instantiateAndPostProcessTestInstance(ClassBasedTestDescriptor.java:289)
	at org.junit.jupiter.engine.descriptor.ClassBasedTestDescriptor.lambda$testInstancesProvider$4(ClassBasedTestDescriptor.java:279)
	at java.base/java.util.Optional.orElseGet(Optional.java:364)
	at org.junit.jupiter.engine.descriptor.ClassBasedTestDescriptor.lambda$testInstancesProvider$5(ClassBasedTestDescriptor.java:278)
	at org.junit.jupiter.engine.execution.TestInstancesProvider.getTestInstances(TestInstancesProvider.java:31)
	at org.junit.jupiter.engine.descriptor.TestMethodTestDescriptor.lambda$prepare$0(TestMethodTestDescriptor.java:106)
	at org.junit.platform.engine.support.hierarchical.ThrowableCollector.execute(ThrowableCollector.java:73)
	at org.junit.jupiter.engine.descriptor.TestMethodTestDescriptor.prepare(TestMethodTestDescriptor.java:105)
	at org.junit.jupiter.engine.descriptor.TestMethodTestDescriptor.prepare(TestMethodTestDescriptor.java:69)
	at org.junit.platform.engine.support.hierarchical.NodeTestTask.lambda$prepare$2(NodeTestTask.java:123)
	at org.junit.platform.engine.support.hierarchical.ThrowableCollector.execute(ThrowableCollector.java:73)
	at org.junit.platform.engine.support.hierarchical.NodeTestTask.prepare(NodeTestTask.java:123)
	at org.junit.platform.engine.support.hierarchical.NodeTestTask.execute(NodeTestTask.java:90)
	at java.base/java.util.ArrayList.forEach(ArrayList.java:1597)
	at org.junit.platform.engine.support.hierarchical.SameThreadHierarchicalTestExecutorService.invokeAll(SameThreadHierarchicalTestExecutorService.java:41)
	at org.junit.platform.engine.support.hierarchical.NodeTestTask.lambda$executeRecursively$6(NodeTestTask.java:155)
	at org.junit.platform.engine.support.hierarchical.ThrowableCollector.execute(ThrowableCollector.java:73)
	at org.junit.platform.engine.support.hierarchical.NodeTestTask.lambda$executeRecursively$8(NodeTestTask.java:141)
	at org.junit.platform.engine.support.hierarchical.Node.around(Node.java:137)
	at org.junit.platform.engine.support.hierarchical.NodeTestTask.lambda$executeRecursively$9(NodeTestTask.java:139)
	at org.junit.platform.engine.support.hierarchical.ThrowableCollector.execute(ThrowableCollector.java:73)
	at org.junit.platform.engine.support.hierarchical.NodeTestTask.executeRecursively(NodeTestTask.java:138)
	at org.junit.platform.engine.support.hierarchical.NodeTestTask.execute(NodeTestTask.java:95)
	at java.base/java.util.ArrayList.forEach(ArrayList.java:1597)
	at org.junit.platform.engine.support.hierarchical.SameThreadHierarchicalTestExecutorService.invokeAll(SameThreadHierarchicalTestExecutorService.java:41)
	at org.junit.platform.engine.support.hierarchical.NodeTestTask.lambda$executeRecursively$6(NodeTestTask.java:155)
	at org.junit.platform.engine.support.hierarchical.ThrowableCollector.execute(ThrowableCollector.java:73)
	at org.junit.platform.engine.support.hierarchical.NodeTestTask.lambda$executeRecursively$8(NodeTestTask.java:141)
	at org.junit.platform.engine.support.hierarchical.Node.around(Node.java:137)
	at org.junit.platform.engine.support.hierarchical.NodeTestTask.lambda$executeRecursively$9(NodeTestTask.java:139)
	at org.junit.platform.engine.support.hierarchical.ThrowableCollector.execute(ThrowableCollector.java:73)
	at org.junit.platform.engine.support.hierarchical.NodeTestTask.executeRecursively(NodeTestTask.java:138)
	at org.junit.platform.engine.support.hierarchical.NodeTestTask.execute(NodeTestTask.java:95)
	at org.junit.platform.engine.support.hierarchical.SameThreadHierarchicalTestExecutorService.submit(SameThreadHierarchicalTestExecutorService.java:35)
	at org.junit.platform.engine.support.hierarchical.HierarchicalTestExecutor.execute(HierarchicalTestExecutor.java:57)
	at org.junit.platform.engine.support.hierarchical.HierarchicalTestEngine.execute(HierarchicalTestEngine.java:54)
	at org.junit.platform.launcher.core.EngineExecutionOrchestrator.execute(EngineExecutionOrchestrator.java:198)
	at org.junit.platform.launcher.core.EngineExecutionOrchestrator.execute(EngineExecutionOrchestrator.java:169)
	at org.junit.platform.launcher.core.EngineExecutionOrchestrator.execute(EngineExecutionOrchestrator.java:93)
	at org.junit.platform.launcher.core.EngineExecutionOrchestrator.lambda$execute$0(EngineExecutionOrchestrator.java:58)
	at org.junit.platform.launcher.core.EngineExecutionOrchestrator.withInterceptedStreams(EngineExecutionOrchestrator.java:141)
	at org.junit.platform.launcher.core.EngineExecutionOrchestrator.execute(EngineExecutionOrchestrator.java:57)
	at org.junit.platform.launcher.core.DefaultLauncher.execute(DefaultLauncher.java:103)
	at org.junit.platform.launcher.core.DefaultLauncher.execute(DefaultLauncher.java:85)
	at org.junit.platform.launcher.core.DelegatingLauncher.execute(DelegatingLauncher.java:47)
	at org.apache.maven.surefire.junitplatform.LazyLauncher.execute(LazyLauncher.java:56)
	at org.apache.maven.surefire.junitplatform.JUnitPlatformProvider.execute(JUnitPlatformProvider.java:184)
	at org.apache.maven.surefire.junitplatform.JUnitPlatformProvider.invokeAllTests(JUnitPlatformProvider.java:148)
	at org.apache.maven.surefire.junitplatform.JUnitPlatformProvider.invoke(JUnitPlatformProvider.java:122)
	at org.apache.maven.surefire.booter.ForkedBooter.runSuitesInProcess(ForkedBooter.java:385)
	at org.apache.maven.surefire.booter.ForkedBooter.execute(ForkedBooter.java:162)
	at org.apache.maven.surefire.booter.ForkedBooter.run(ForkedBooter.java:507)
	at org.apache.maven.surefire.booter.ForkedBooter.main(ForkedBooter.java:495)
Caused by: java.io.IOException: Error while instrumenting java/sql/Time with JaCoCo 0.8.11.202310140853/f33756c.
	at org.jacoco.agent.rt.internal_4742761.core.instr.Instrumenter.instrumentError(Instrumenter.java:161)
	at org.jacoco.agent.rt.internal_4742761.core.instr.Instrumenter.instrument(Instrumenter.java:111)
	at org.jacoco.agent.rt.internal_4742761.CoverageTransformer.transform(CoverageTransformer.java:92)
	... 119 more
Caused by: java.lang.IllegalArgumentException: Unsupported class file major version 67
	at org.jacoco.agent.rt.internal_4742761.asm.ClassReader.<init>(ClassReader.java:200)
	at org.jacoco.agent.rt.internal_4742761.asm.ClassReader.<init>(ClassReader.java:180)
	at org.jacoco.agent.rt.internal_4742761.asm.ClassReader.<init>(ClassReader.java:166)
	at org.jacoco.agent.rt.internal_4742761.core.internal.instr.InstrSupport.classReaderFor(InstrSupport.java:280)
	at org.jacoco.agent.rt.internal_4742761.core.instr.Instrumenter.instrument(Instrumenter.java:77)
	at org.jacoco.agent.rt.internal_4742761.core.instr.Instrumenter.instrument(Instrumenter.java:109)
	... 120 more
java.lang.instrument.IllegalClassFormatException: Error while instrumenting com/sun/tools/attach/VirtualMachine with JaCoCo 0.8.11.202310140853/f33756c.
	at org.jacoco.agent.rt.internal_4742761.CoverageTransformer.transform(CoverageTransformer.java:94)
	at java.instrument/java.lang.instrument.ClassFileTransformer.transform(ClassFileTransformer.java:242)
	at java.instrument/sun.instrument.TransformerManager.transform(TransformerManager.java:188)
	at java.instrument/sun.instrument.InstrumentationImpl.transform(InstrumentationImpl.java:610)
	at java.base/java.lang.ClassLoader.defineClass2(Native Method)
	at java.base/java.lang.ClassLoader.defineClass(ClassLoader.java:1116)
	at java.base/java.security.SecureClassLoader.defineClass(SecureClassLoader.java:182)
	at java.base/jdk.internal.loader.BuiltinClassLoader.defineClass(BuiltinClassLoader.java:821)
	at java.base/jdk.internal.loader.BuiltinClassLoader.findClassInModuleOrNull(BuiltinClassLoader.java:741)
	at java.base/jdk.internal.loader.BuiltinClassLoader.loadClassOrNull(BuiltinClassLoader.java:665)
	at java.base/jdk.internal.loader.BuiltinClassLoader.loadClass(BuiltinClassLoader.java:639)
	at java.base/jdk.internal.loader.ClassLoaders$AppClassLoader.loadClass(ClassLoaders.java:188)
	at java.base/java.lang.ClassLoader.loadClass(ClassLoader.java:528)
	at java.base/java.lang.Class.forName0(Native Method)
	at java.base/java.lang.Class.forName(Class.java:578)
	at java.base/java.lang.Class.forName(Class.java:557)
	at net.bytebuddy.agent.ByteBuddyAgent$AttachmentProvider$Accessor$Simple.of(ByteBuddyAgent.java:969)
	at net.bytebuddy.agent.ByteBuddyAgent$AttachmentProvider$ForModularizedVm.attempt(ByteBuddyAgent.java:1093)
	at net.bytebuddy.agent.ByteBuddyAgent$AttachmentProvider$Compound.attempt(ByteBuddyAgent.java:1273)
	at net.bytebuddy.agent.ByteBuddyAgent.install(ByteBuddyAgent.java:630)
	at net.bytebuddy.agent.ByteBuddyAgent.install(ByteBuddyAgent.java:616)
	at net.bytebuddy.agent.ByteBuddyAgent.install(ByteBuddyAgent.java:568)
	at net.bytebuddy.agent.ByteBuddyAgent.install(ByteBuddyAgent.java:545)
	at org.mockito.internal.creation.bytebuddy.InlineDelegateByteBuddyMockMaker.<clinit>(InlineDelegateByteBuddyMockMaker.java:133)
	at org.mockito.internal.creation.bytebuddy.InlineByteBuddyMockMaker.<init>(InlineByteBuddyMockMaker.java:23)
	at java.base/jdk.internal.reflect.DirectConstructorHandleAccessor.newInstance(DirectConstructorHandleAccessor.java:62)
	at java.base/java.lang.reflect.Constructor.newInstanceWithCaller(Constructor.java:501)
	at java.base/java.lang.reflect.Constructor.newInstance(Constructor.java:485)
	at org.mockito.internal.configuration.plugins.DefaultMockitoPlugins.create(DefaultMockitoPlugins.java:103)
	at org.mockito.internal.configuration.plugins.DefaultMockitoPlugins.getDefaultPlugin(DefaultMockitoPlugins.java:79)
	at org.mockito.internal.configuration.plugins.PluginLoader.loadPlugin(PluginLoader.java:75)
	at org.mockito.internal.configuration.plugins.PluginLoader.loadPlugin(PluginLoader.java:50)
	at org.mockito.internal.configuration.plugins.PluginRegistry.<init>(PluginRegistry.java:27)
	at org.mockito.internal.configuration.plugins.Plugins.<clinit>(Plugins.java:22)
	at org.mockito.internal.MockitoCore.<clinit>(MockitoCore.java:73)
	at org.mockito.Mockito.<clinit>(Mockito.java:1683)
	at org.springframework.boot.test.mock.mockito.MockReset.get(MockReset.java:105)
	at org.springframework.boot.test.mock.mockito.ResetMocksTestExecutionListener.resetMocks(ResetMocksTestExecutionListener.java:85)
	at org.springframework.boot.test.mock.mockito.ResetMocksTestExecutionListener.resetMocks(ResetMocksTestExecutionListener.java:73)
	at org.springframework.boot.test.mock.mockito.ResetMocksTestExecutionListener.beforeTestMethod(ResetMocksTestExecutionListener.java:60)
	at org.springframework.test.context.TestContextManager.beforeTestMethod(TestContextManager.java:320)
	at org.springframework.test.context.junit.jupiter.SpringExtension.beforeEach(SpringExtension.java:240)
	at org.junit.jupiter.engine.descriptor.TestMethodTestDescriptor.lambda$invokeBeforeEachCallbacks$2(TestMethodTestDescriptor.java:167)
	at org.junit.jupiter.engine.descriptor.TestMethodTestDescriptor.lambda$invokeBeforeMethodsOrCallbacksUntilExceptionOccurs$6(TestMethodTestDescriptor.java:203)
	at org.junit.platform.engine.support.hierarchical.ThrowableCollector.execute(ThrowableCollector.java:73)
	at org.junit.jupiter.engine.descriptor.TestMethodTestDescriptor.invokeBeforeMethodsOrCallbacksUntilExceptionOccurs(TestMethodTestDescriptor.java:203)
	at org.junit.jupiter.engine.descriptor.TestMethodTestDescriptor.invokeBeforeEachCallbacks(TestMethodTestDescriptor.java:166)
	at org.junit.jupiter.engine.descriptor.TestMethodTestDescriptor.execute(TestMethodTestDescriptor.java:133)
	at org.junit.jupiter.engine.descriptor.TestMethodTestDescriptor.execute(TestMethodTestDescriptor.java:69)
	at org.junit.platform.engine.support.hierarchical.NodeTestTask.lambda$executeRecursively$6(NodeTestTask.java:151)
	at org.junit.platform.engine.support.hierarchical.ThrowableCollector.execute(ThrowableCollector.java:73)
	at org.junit.platform.engine.support.hierarchical.NodeTestTask.lambda$executeRecursively$8(NodeTestTask.java:141)
	at org.junit.platform.engine.support.hierarchical.Node.around(Node.java:137)
	at org.junit.platform.engine.support.hierarchical.NodeTestTask.lambda$executeRecursively$9(NodeTestTask.java:139)
	at org.junit.platform.engine.support.hierarchical.ThrowableCollector.execute(ThrowableCollector.java:73)
	at org.junit.platform.engine.support.hierarchical.NodeTestTask.executeRecursively(NodeTestTask.java:138)
	at org.junit.platform.engine.support.hierarchical.NodeTestTask.execute(NodeTestTask.java:95)
	at java.base/java.util.ArrayList.forEach(ArrayList.java:1597)
	at org.junit.platform.engine.support.hierarchical.SameThreadHierarchicalTestExecutorService.invokeAll(SameThreadHierarchicalTestExecutorService.java:41)
	at org.junit.platform.engine.support.hierarchical.NodeTestTask.lambda$executeRecursively$6(NodeTestTask.java:155)
	at org.junit.platform.engine.support.hierarchical.ThrowableCollector.execute(ThrowableCollector.java:73)
	at org.junit.platform.engine.support.hierarchical.NodeTestTask.lambda$executeRecursively$8(NodeTestTask.java:141)
	at org.junit.platform.engine.support.hierarchical.Node.around(Node.java:137)
	at org.junit.platform.engine.support.hierarchical.NodeTestTask.lambda$executeRecursively$9(NodeTestTask.java:139)
	at org.junit.platform.engine.support.hierarchical.ThrowableCollector.execute(ThrowableCollector.java:73)
	at org.junit.platform.engine.support.hierarchical.NodeTestTask.executeRecursively(NodeTestTask.java:138)
	at org.junit.platform.engine.support.hierarchical.NodeTestTask.execute(NodeTestTask.java:95)
	at java.base/java.util.ArrayList.forEach(ArrayList.java:1597)
	at org.junit.platform.engine.support.hierarchical.SameThreadHierarchicalTestExecutorService.invokeAll(SameThreadHierarchicalTestExecutorService.java:41)
	at org.junit.platform.engine.support.hierarchical.NodeTestTask.lambda$executeRecursively$6(NodeTestTask.java:155)
	at org.junit.platform.engine.support.hierarchical.ThrowableCollector.execute(ThrowableCollector.java:73)
	at org.junit.platform.engine.support.hierarchical.NodeTestTask.lambda$executeRecursively$8(NodeTestTask.java:141)
	at org.junit.platform.engine.support.hierarchical.Node.around(Node.java:137)
	at org.junit.platform.engine.support.hierarchical.NodeTestTask.lambda$executeRecursively$9(NodeTestTask.java:139)
	at org.junit.platform.engine.support.hierarchical.ThrowableCollector.execute(ThrowableCollector.java:73)
	at org.junit.platform.engine.support.hierarchical.NodeTestTask.executeRecursively(NodeTestTask.java:138)
	at org.junit.platform.engine.support.hierarchical.NodeTestTask.execute(NodeTestTask.java:95)
	at org.junit.platform.engine.support.hierarchical.SameThreadHierarchicalTestExecutorService.submit(SameThreadHierarchicalTestExecutorService.java:35)
	at org.junit.platform.engine.support.hierarchical.HierarchicalTestExecutor.execute(HierarchicalTestExecutor.java:57)
	at org.junit.platform.engine.support.hierarchical.HierarchicalTestEngine.execute(HierarchicalTestEngine.java:54)
	at org.junit.platform.launcher.core.EngineExecutionOrchestrator.execute(EngineExecutionOrchestrator.java:198)
	at org.junit.platform.launcher.core.EngineExecutionOrchestrator.execute(EngineExecutionOrchestrator.java:169)
	at org.junit.platform.launcher.core.EngineExecutionOrchestrator.execute(EngineExecutionOrchestrator.java:93)
	at org.junit.platform.launcher.core.EngineExecutionOrchestrator.lambda$execute$0(EngineExecutionOrchestrator.java:58)
	at org.junit.platform.launcher.core.EngineExecutionOrchestrator.withInterceptedStreams(EngineExecutionOrchestrator.java:141)
	at org.junit.platform.launcher.core.EngineExecutionOrchestrator.execute(EngineExecutionOrchestrator.java:57)
	at org.junit.platform.launcher.core.DefaultLauncher.execute(DefaultLauncher.java:103)
	at org.junit.platform.launcher.core.DefaultLauncher.execute(DefaultLauncher.java:85)
	at org.junit.platform.launcher.core.DelegatingLauncher.execute(DelegatingLauncher.java:47)
	at org.apache.maven.surefire.junitplatform.LazyLauncher.execute(LazyLauncher.java:56)
	at org.apache.maven.surefire.junitplatform.JUnitPlatformProvider.execute(JUnitPlatformProvider.java:184)
	at org.apache.maven.surefire.junitplatform.JUnitPlatformProvider.invokeAllTests(JUnitPlatformProvider.java:148)
	at org.apache.maven.surefire.junitplatform.JUnitPlatformProvider.invoke(JUnitPlatformProvider.java:122)
	at org.apache.maven.surefire.booter.ForkedBooter.runSuitesInProcess(ForkedBooter.java:385)
	at org.apache.maven.surefire.booter.ForkedBooter.execute(ForkedBooter.java:162)
	at org.apache.maven.surefire.booter.ForkedBooter.run(ForkedBooter.java:507)
	at org.apache.maven.surefire.booter.ForkedBooter.main(ForkedBooter.java:495)
Caused by: java.io.IOException: Error while instrumenting com/sun/tools/attach/VirtualMachine with JaCoCo 0.8.11.202310140853/f33756c.
	at org.jacoco.agent.rt.internal_4742761.core.instr.Instrumenter.instrumentError(Instrumenter.java:161)
	at org.jacoco.agent.rt.internal_4742761.core.instr.Instrumenter.instrument(Instrumenter.java:111)
	at org.jacoco.agent.rt.internal_4742761.CoverageTransformer.transform(CoverageTransformer.java:92)
	... 96 more
Caused by: java.lang.IllegalArgumentException: Unsupported class file major version 67
	at org.jacoco.agent.rt.internal_4742761.asm.ClassReader.<init>(ClassReader.java:200)
	at org.jacoco.agent.rt.internal_4742761.asm.ClassReader.<init>(ClassReader.java:180)
	at org.jacoco.agent.rt.internal_4742761.asm.ClassReader.<init>(ClassReader.java:166)
	at org.jacoco.agent.rt.internal_4742761.core.internal.instr.InstrSupport.classReaderFor(InstrSupport.java:280)
	at org.jacoco.agent.rt.internal_4742761.core.instr.Instrumenter.instrument(Instrumenter.java:77)
	at org.jacoco.agent.rt.internal_4742761.core.instr.Instrumenter.instrument(Instrumenter.java:109)
	... 97 more
WARNING: A Java agent has been loaded dynamically (/Users/jasrowlett/.m2/repository/net/bytebuddy/byte-buddy-agent/1.14.11/byte-buddy-agent-1.14.11.jar)
WARNING: If a serviceability tool is in use, please run with -XX:+EnableDynamicAgentLoading to hide this warning
WARNING: If a serviceability tool is not in use, please run with -Djdk.instrument.traceUsage for more information
WARNING: Dynamic loading of agents will be disallowed by default in a future release
]]></system-err>
  </testcase>
</testsuite>